{
    "EventID": 1040,
    "SourceName": "MsiInstaller",
    "Channel": "Application",
    "Message": "Windows Installer started a transaction.",
    "EventTime": "2025-03-27T04:10:11.013660Z",
    "Hostname": "PRETERA.corp.local",
    "Severity": "INFO",
    "SeverityValue": 2,
    "EventType": "INFO",
    "Keywords": "614522939734336121",
    "RecordNumber": 537849,
    "ExecutionProcessID": 2169,
    "ExecutionThreadID": 5038,
    "UserID": "S-1-5-18",
    "AccountName": "SYSTEM"
} {
    "EventID": 4688,
    "SourceName": "Microsoft-Windows-Security-Auditing",
    "Channel": "Security",
    "Message": "A new process has been created.",
    "EventTime": "2025-03-26T19:58:02.013667Z",
    "Hostname": "PRETERA.corp.local",
    "Severity": "INFO",
    "SeverityValue": 2,
    "EventType": "INFO",
    "Keywords": "268869352021927157",
    "RecordNumber": 826891,
    "ExecutionProcessID": 4211,
    "ExecutionThreadID": 2109,
    "UserID": "S-1-5-18",
    "AccountName": "SYSTEM"
} {
    "EventID": 1040,
    "SourceName": "MsiInstaller",
    "Channel": "Application",
    "Message": "Windows Installer started a transaction.",
    "EventTime": "2025-03-27T07:00:51.013673Z",
    "Hostname": "PRETERA.corp.local",
    "Severity": "INFO",
    "SeverityValue": 2,
    "EventType": "INFO",
    "Keywords": "699074682194282666",
    "RecordNumber": 132156,
    "ExecutionProcessID": 4810,
    "ExecutionThreadID": 6461,
    "UserID": "S-1-5-18",
    "AccountName": "SYSTEM"
} {
    "EventID": 1040,
    "SourceName": "MsiInstaller",
    "Channel": "Application",
    "Message": "Windows Installer started a transaction.",
    "EventTime": "2025-03-26T16:25:27.013679Z",
    "Hostname": "PRETERA.corp.local",
    "Severity": "INFO",
    "SeverityValue": 2,
    "EventType": "INFO",
    "Keywords": "395616611150887512",
    "RecordNumber": 498662,
    "ExecutionProcessID": 9291,
    "ExecutionThreadID": 8026,
    "UserID": "S-1-5-18",
    "AccountName": "SYSTEM"
} {
    "EventID": 6,
    "SourceName": "Microsoft-Windows-FilterManager",
    "Channel": "System",
    "Message": "File System Filter successfully loaded.",
    "EventTime": "2025-03-26T23:42:53.013684Z",
    "Hostname": "PRETERA.corp.local",
    "Severity": "INFO",
    "SeverityValue": 2,
    "EventType": "INFO",
    "Keywords": "259069471556269984",
    "RecordNumber": 111599,
    "ExecutionProcessID": 8525,
    "ExecutionThreadID": 7799,
    "UserID": "S-1-5-18",
    "AccountName": "SYSTEM"
} {
    "EventID": 4688,
    "SourceName": "Microsoft-Windows-Security-Auditing",
    "Channel": "Security",
    "Message": "A new process has been created.",
    "EventTime": "2025-03-26T20:14:55.013690Z",
    "Hostname": "PRETERA.corp.local",
    "Severity": "INFO",
    "SeverityValue": 2,
    "EventType": "INFO",
    "Keywords": "135847604299273038",
    "RecordNumber": 999073,
    "ExecutionProcessID": 1030,
    "ExecutionThreadID": 5459,
    "UserID": "S-1-5-18",
    "AccountName": "SYSTEM"
} {
    "EventID": 4634,
    "SourceName": "Microsoft-Windows-Security-Auditing",
    "Channel": "Security",
    "Message": "An account was logged off.",
    "EventTime": "2025-03-26T09:47:48.013697Z",
    "Hostname": "PRETERA.corp.local",
    "Severity": "INFO",
    "SeverityValue": 2,
    "EventType": "INFO",
    "Keywords": "85713347392745269",
    "RecordNumber": 549774,
    "ExecutionProcessID": 8380,
    "ExecutionThreadID": 6420,
    "UserID": "S-1-5-18",
    "AccountName": "SYSTEM"
} {
    "EventID": 4801,
    "SourceName": "Microsoft-Windows-Security-Auditing",
    "Channel": "Security",
    "Message": "The workstation was unlocked.",
    "EventTime": "2025-03-26T10:00:02.013705Z",
    "Hostname": "PRETERA.corp.local",
    "Severity": "INFO",
    "SeverityValue": 2,
    "EventType": "INFO",
    "Keywords": "939268374382940416",
    "RecordNumber": 620053,
    "ExecutionProcessID": 9939,
    "ExecutionThreadID": 7681,
    "UserID": "S-1-5-18",
    "AccountName": "SYSTEM"
} {
    "EventID": 1040,
    "SourceName": "MsiInstaller",
    "Channel": "Application",
    "Message": "Windows Installer started a transaction.",
    "EventTime": "2025-03-27T07:55:01.013711Z",
    "Hostname": "PRETERA.corp.local",
    "Severity": "INFO",
    "SeverityValue": 2,
    "EventType": "INFO",
    "Keywords": "181415381428894219",
    "RecordNumber": 25477,
    "ExecutionProcessID": 6110,
    "ExecutionThreadID": 9907,
    "UserID": "S-1-5-18",
    "AccountName": "SYSTEM"
} {
    "EventID": 4624,
    "SourceName": "Microsoft-Windows-Security-Auditing",
    "Channel": "Security",
    "Message": "Successful logon.",
    "EventTime": "2025-03-27T05:12:27.013717Z",
    "Hostname": "PRETERA.corp.local",
    "Severity": "INFO",
    "SeverityValue": 2,
    "EventType": "INFO",
    "Keywords": "746115604304293953",
    "RecordNumber": 602699,
    "ExecutionProcessID": 5533,
    "ExecutionThreadID": 9807,
    "UserID": "S-1-5-18",
    "AccountName": "SYSTEM"
} {
    "EventID": 2010,
    "SourceName": "Microsoft-Windows-Windows Defender",
    "Channel": "Microsoft-Windows-Windows Defender/Operational",
    "Message": "Microsoft Defender updated security intelligence.",
    "EventTime": "2025-03-26T20:52:11.013723Z",
    "Hostname": "PRETERA.corp.local",
    "Severity": "INFO",
    "SeverityValue": 2,
    "EventType": "INFO",
    "Keywords": "525995112173346594",
    "RecordNumber": 546700,
    "ExecutionProcessID": 3525,
    "ExecutionThreadID": 3445,
    "UserID": "S-1-5-18",
    "AccountName": "SYSTEM"
} {
    "EventID": 1040,
    "SourceName": "MsiInstaller",
    "Channel": "Application",
    "Message": "Windows Installer started a transaction.",
    "EventTime": "2025-03-27T00:43:37.013729Z",
    "Hostname": "PRETERA.corp.local",
    "Severity": "INFO",
    "SeverityValue": 2,
    "EventType": "INFO",
    "Keywords": "708886143946945940",
    "RecordNumber": 852634,
    "ExecutionProcessID": 9535,
    "ExecutionThreadID": 6631,
    "UserID": "S-1-5-18",
    "AccountName": "SYSTEM"
} {
    "EventID": 6,
    "SourceName": "Microsoft-Windows-FilterManager",
    "Channel": "System",
    "Message": "File System Filter successfully loaded.",
    "EventTime": "2025-03-26T23:41:57.013735Z",
    "Hostname": "PRETERA.corp.local",
    "Severity": "INFO",
    "SeverityValue": 2,
    "EventType": "INFO",
    "Keywords": "603276894633942912",
    "RecordNumber": 587152,
    "ExecutionProcessID": 4926,
    "ExecutionThreadID": 6905,
    "UserID": "S-1-5-18",
    "AccountName": "SYSTEM"
} {
    "EventID": 6,
    "SourceName": "Microsoft-Windows-FilterManager",
    "Channel": "System",
    "Message": "File System Filter successfully loaded.",
    "EventTime": "2025-03-26T22:20:59.013741Z",
    "Hostname": "PRETERA.corp.local",
    "Severity": "INFO",
    "SeverityValue": 2,
    "EventType": "INFO",
    "Keywords": "960525678843813719",
    "RecordNumber": 347130,
    "ExecutionProcessID": 6988,
    "ExecutionThreadID": 3878,
    "UserID": "S-1-5-18",
    "AccountName": "SYSTEM"
} {
    "EventID": 4801,
    "SourceName": "Microsoft-Windows-Security-Auditing",
    "Channel": "Security",
    "Message": "The workstation was unlocked.",
    "EventTime": "2025-03-26T11:52:24.013747Z",
    "Hostname": "PRETERA.corp.local",
    "Severity": "INFO",
    "SeverityValue": 2,
    "EventType": "INFO",
    "Keywords": "723120442959288593",
    "RecordNumber": 60754,
    "ExecutionProcessID": 4625,
    "ExecutionThreadID": 5889,
    "UserID": "S-1-5-18",
    "AccountName": "SYSTEM"
} {
    "EventID": 4688,
    "SourceName": "Microsoft-Windows-Security-Auditing",
    "Channel": "Security",
    "Message": "A new process has been created.",
    "EventTime": "2025-03-27T01:37:26.013753Z",
    "Hostname": "PRETERA.corp.local",
    "Severity": "INFO",
    "SeverityValue": 2,
    "EventType": "INFO",
    "Keywords": "425011300015913254",
    "RecordNumber": 102164,
    "ExecutionProcessID": 5092,
    "ExecutionThreadID": 3235,
    "UserID": "S-1-5-18",
    "AccountName": "SYSTEM"
} {
    "EventID": 2010,
    "SourceName": "Microsoft-Windows-Windows Defender",
    "Channel": "Microsoft-Windows-Windows Defender/Operational",
    "Message": "Microsoft Defender updated security intelligence.",
    "EventTime": "2025-03-26T11:27:20.013760Z",
    "Hostname": "PRETERA.corp.local",
    "Severity": "INFO",
    "SeverityValue": 2,
    "EventType": "INFO",
    "Keywords": "206455738376470921",
    "RecordNumber": 916445,
    "ExecutionProcessID": 6610,
    "ExecutionThreadID": 2244,
    "UserID": "S-1-5-18",
    "AccountName": "SYSTEM"
} {
    "EventID": 1040,
    "SourceName": "MsiInstaller",
    "Channel": "Application",
    "Message": "Windows Installer started a transaction.",
    "EventTime": "2025-03-27T02:09:05.013768Z",
    "Hostname": "PRETERA.corp.local",
    "Severity": "INFO",
    "SeverityValue": 2,
    "EventType": "INFO",
    "Keywords": "974384171554753505",
    "RecordNumber": 852756,
    "ExecutionProcessID": 7969,
    "ExecutionThreadID": 5776,
    "UserID": "S-1-5-18",
    "AccountName": "SYSTEM"
} {
    "EventID": 6,
    "SourceName": "Microsoft-Windows-FilterManager",
    "Channel": "System",
    "Message": "File System Filter successfully loaded.",
    "EventTime": "2025-03-26T12:11:29.013774Z",
    "Hostname": "PRETERA.corp.local",
    "Severity": "INFO",
    "SeverityValue": 2,
    "EventType": "INFO",
    "Keywords": "526403064212481893",
    "RecordNumber": 89427,
    "ExecutionProcessID": 5086,
    "ExecutionThreadID": 6434,
    "UserID": "S-1-5-18",
    "AccountName": "SYSTEM"
} {
    "EventID": 4688,
    "SourceName": "Microsoft-Windows-Security-Auditing",
    "Channel": "Security",
    "Message": "A new process has been created.",
    "EventTime": "2025-03-26T16:32:22.013780Z",
    "Hostname": "PRETERA.corp.local",
    "Severity": "INFO",
    "SeverityValue": 2,
    "EventType": "INFO",
    "Keywords": "314681957597533435",
    "RecordNumber": 519016,
    "ExecutionProcessID": 9193,
    "ExecutionThreadID": 5646,
    "UserID": "S-1-5-18",
    "AccountName": "SYSTEM"
} {
    "EventID": 4688,
    "SourceName": "Microsoft-Windows-Security-Auditing",
    "Channel": "Security",
    "Message": "A new process has been created.",
    "EventTime": "2025-03-26T21:42:34.013787Z",
    "Hostname": "PRETERA.corp.local",
    "Severity": "INFO",
    "SeverityValue": 2,
    "EventType": "INFO",
    "Keywords": "491651347904189248",
    "RecordNumber": 453352,
    "ExecutionProcessID": 6952,
    "ExecutionThreadID": 2565,
    "UserID": "S-1-5-18",
    "AccountName": "SYSTEM"
} {
    "EventID": 4688,
    "SourceName": "Microsoft-Windows-Security-Auditing",
    "Channel": "Security",
    "Message": "A new process has been created.",
    "EventTime": "2025-03-26T14:23:06.013795Z",
    "Hostname": "PRETERA.corp.local",
    "Severity": "INFO",
    "SeverityValue": 2,
    "EventType": "INFO",
    "Keywords": "169267585382727715",
    "RecordNumber": 263193,
    "ExecutionProcessID": 6567,
    "ExecutionThreadID": 6133,
    "UserID": "S-1-5-18",
    "AccountName": "SYSTEM"
} {
    "EventID": 4801,
    "SourceName": "Microsoft-Windows-Security-Auditing",
    "Channel": "Security",
    "Message": "The workstation was unlocked.",
    "EventTime": "2025-03-26T21:05:38.013801Z",
    "Hostname": "PRETERA.corp.local",
    "Severity": "INFO",
    "SeverityValue": 2,
    "EventType": "INFO",
    "Keywords": "53993160564650651",
    "RecordNumber": 963309,
    "ExecutionProcessID": 8311,
    "ExecutionThreadID": 8264,
    "UserID": "S-1-5-18",
    "AccountName": "SYSTEM"
} {
    "EventID": 4688,
    "SourceName": "Microsoft-Windows-Security-Auditing",
    "Channel": "Security",
    "Message": "A new process has been created.",
    "EventTime": "2025-03-27T01:43:12.013807Z",
    "Hostname": "PRETERA.corp.local",
    "Severity": "INFO",
    "SeverityValue": 2,
    "EventType": "INFO",
    "Keywords": "728514383698946571",
    "RecordNumber": 252986,
    "ExecutionProcessID": 1771,
    "ExecutionThreadID": 9614,
    "UserID": "S-1-5-18",
    "AccountName": "SYSTEM"
} {
    "EventID": 6,
    "SourceName": "Microsoft-Windows-FilterManager",
    "Channel": "System",
    "Message": "File System Filter successfully loaded.",
    "EventTime": "2025-03-27T09:12:04.013813Z",
    "Hostname": "PRETERA.corp.local",
    "Severity": "INFO",
    "SeverityValue": 2,
    "EventType": "INFO",
    "Keywords": "721107503722470382",
    "RecordNumber": 88889,
    "ExecutionProcessID": 2579,
    "ExecutionThreadID": 6368,
    "UserID": "S-1-5-18",
    "AccountName": "SYSTEM"
} {
    "EventID": 4801,
    "SourceName": "Microsoft-Windows-Security-Auditing",
    "Channel": "Security",
    "Message": "The workstation was unlocked.",
    "EventTime": "2025-03-26T19:27:02.013819Z",
    "Hostname": "PRETERA.corp.local",
    "Severity": "INFO",
    "SeverityValue": 2,
    "EventType": "INFO",
    "Keywords": "707395948834084071",
    "RecordNumber": 712810,
    "ExecutionProcessID": 9689,
    "ExecutionThreadID": 2334,
    "UserID": "S-1-5-18",
    "AccountName": "SYSTEM"
} {
    "EventID": 2010,
    "SourceName": "Microsoft-Windows-Windows Defender",
    "Channel": "Microsoft-Windows-Windows Defender/Operational",
    "Message": "Microsoft Defender updated security intelligence.",
    "EventTime": "2025-03-26T16:33:18.013825Z",
    "Hostname": "PRETERA.corp.local",
    "Severity": "INFO",
    "SeverityValue": 2,
    "EventType": "INFO",
    "Keywords": "133638177218976294",
    "RecordNumber": 683839,
    "ExecutionProcessID": 5153,
    "ExecutionThreadID": 8531,
    "UserID": "S-1-5-18",
    "AccountName": "SYSTEM"
} {
    "EventID": 6,
    "SourceName": "Microsoft-Windows-FilterManager",
    "Channel": "System",
    "Message": "File System Filter successfully loaded.",
    "EventTime": "2025-03-26T19:39:55.013835Z",
    "Hostname": "PRETERA.corp.local",
    "Severity": "INFO",
    "SeverityValue": 2,
    "EventType": "INFO",
    "Keywords": "176615779478960575",
    "RecordNumber": 61852,
    "ExecutionProcessID": 6244,
    "ExecutionThreadID": 9299,
    "UserID": "S-1-5-18",
    "AccountName": "SYSTEM"
} {
    "EventID": 2010,
    "SourceName": "Microsoft-Windows-Windows Defender",
    "Channel": "Microsoft-Windows-Windows Defender/Operational",
    "Message": "Microsoft Defender updated security intelligence.",
    "EventTime": "2025-03-26T13:30:23.013841Z",
    "Hostname": "PRETERA.corp.local",
    "Severity": "INFO",
    "SeverityValue": 2,
    "EventType": "INFO",
    "Keywords": "318774805143619295",
    "RecordNumber": 910999,
    "ExecutionProcessID": 5437,
    "ExecutionThreadID": 4395,
    "UserID": "S-1-5-18",
    "AccountName": "SYSTEM"
} {
    "EventID": 4634,
    "SourceName": "Microsoft-Windows-Security-Auditing",
    "Channel": "Security",
    "Message": "An account was logged off.",
    "EventTime": "2025-03-26T11:46:31.013847Z",
    "Hostname": "PRETERA.corp.local",
    "Severity": "INFO",
    "SeverityValue": 2,
    "EventType": "INFO",
    "Keywords": "314206820721880236",
    "RecordNumber": 530690,
    "ExecutionProcessID": 3710,
    "ExecutionThreadID": 9883,
    "UserID": "S-1-5-18",
    "AccountName": "SYSTEM"
} {
    "EventID": 4801,
    "SourceName": "Microsoft-Windows-Security-Auditing",
    "Channel": "Security",
    "Message": "The workstation was unlocked.",
    "EventTime": "2025-03-26T12:14:37.013855Z",
    "Hostname": "PRETERA.corp.local",
    "Severity": "INFO",
    "SeverityValue": 2,
    "EventType": "INFO",
    "Keywords": "291166441177747476",
    "RecordNumber": 197106,
    "ExecutionProcessID": 7217,
    "ExecutionThreadID": 4303,
    "UserID": "S-1-5-18",
    "AccountName": "SYSTEM"
} {
    "EventID": 2010,
    "SourceName": "Microsoft-Windows-Windows Defender",
    "Channel": "Microsoft-Windows-Windows Defender/Operational",
    "Message": "Microsoft Defender updated security intelligence.",
    "EventTime": "2025-03-27T08:02:24.013862Z",
    "Hostname": "PRETERA.corp.local",
    "Severity": "INFO",
    "SeverityValue": 2,
    "EventType": "INFO",
    "Keywords": "866829335831987175",
    "RecordNumber": 940901,
    "ExecutionProcessID": 5230,
    "ExecutionThreadID": 7672,
    "UserID": "S-1-5-18",
    "AccountName": "SYSTEM"
} {
    "EventID": 4688,
    "SourceName": "Microsoft-Windows-Security-Auditing",
    "Channel": "Security",
    "Message": "A new process has been created.",
    "EventTime": "2025-03-26T19:45:00.013868Z",
    "Hostname": "PRETERA.corp.local",
    "Severity": "INFO",
    "SeverityValue": 2,
    "EventType": "INFO",
    "Keywords": "20837752994384725",
    "RecordNumber": 706420,
    "ExecutionProcessID": 8795,
    "ExecutionThreadID": 1528,
    "UserID": "S-1-5-18",
    "AccountName": "SYSTEM"
} {
    "EventID": 4688,
    "SourceName": "Microsoft-Windows-Security-Auditing",
    "Channel": "Security",
    "Message": "A new process has been created.",
    "EventTime": "2025-03-26T17:51:50.013874Z",
    "Hostname": "PRETERA.corp.local",
    "Severity": "INFO",
    "SeverityValue": 2,
    "EventType": "INFO",
    "Keywords": "142457337291542252",
    "RecordNumber": 666340,
    "ExecutionProcessID": 6967,
    "ExecutionThreadID": 3556,
    "UserID": "S-1-5-18",
    "AccountName": "SYSTEM"
} {
    "EventID": 4624,
    "SourceName": "Microsoft-Windows-Security-Auditing",
    "Channel": "Security",
    "Message": "Successful logon.",
    "EventTime": "2025-03-26T12:13:07.013880Z",
    "Hostname": "PRETERA.corp.local",
    "Severity": "INFO",
    "SeverityValue": 2,
    "EventType": "INFO",
    "Keywords": "420919202474742715",
    "RecordNumber": 167280,
    "ExecutionProcessID": 3911,
    "ExecutionThreadID": 7256,
    "UserID": "S-1-5-18",
    "AccountName": "SYSTEM"
} {
    "EventID": 6,
    "SourceName": "Microsoft-Windows-FilterManager",
    "Channel": "System",
    "Message": "File System Filter successfully loaded.",
    "EventTime": "2025-03-27T07:29:58.013886Z",
    "Hostname": "PRETERA.corp.local",
    "Severity": "INFO",
    "SeverityValue": 2,
    "EventType": "INFO",
    "Keywords": "417305527706908854",
    "RecordNumber": 32944,
    "ExecutionProcessID": 9984,
    "ExecutionThreadID": 2428,
    "UserID": "S-1-5-18",
    "AccountName": "SYSTEM"
} {
    "EventID": 2010,
    "SourceName": "Microsoft-Windows-Windows Defender",
    "Channel": "Microsoft-Windows-Windows Defender/Operational",
    "Message": "Microsoft Defender updated security intelligence.",
    "EventTime": "2025-03-26T12:52:23.013892Z",
    "Hostname": "PRETERA.corp.local",
    "Severity": "INFO",
    "SeverityValue": 2,
    "EventType": "INFO",
    "Keywords": "212074365553311323",
    "RecordNumber": 888783,
    "ExecutionProcessID": 7159,
    "ExecutionThreadID": 3981,
    "UserID": "S-1-5-18",
    "AccountName": "SYSTEM"
} {
    "EventID": 6,
    "SourceName": "Microsoft-Windows-FilterManager",
    "Channel": "System",
    "Message": "File System Filter successfully loaded.",
    "EventTime": "2025-03-26T20:02:51.013900Z",
    "Hostname": "PRETERA.corp.local",
    "Severity": "INFO",
    "SeverityValue": 2,
    "EventType": "INFO",
    "Keywords": "632048565601989276",
    "RecordNumber": 822678,
    "ExecutionProcessID": 6557,
    "ExecutionThreadID": 8433,
    "UserID": "S-1-5-18",
    "AccountName": "SYSTEM"
} {
    "EventID": 4801,
    "SourceName": "Microsoft-Windows-Security-Auditing",
    "Channel": "Security",
    "Message": "The workstation was unlocked.",
    "EventTime": "2025-03-27T05:47:58.013907Z",
    "Hostname": "PRETERA.corp.local",
    "Severity": "INFO",
    "SeverityValue": 2,
    "EventType": "INFO",
    "Keywords": "370601791875423317",
    "RecordNumber": 681072,
    "ExecutionProcessID": 3638,
    "ExecutionThreadID": 2323,
    "UserID": "S-1-5-18",
    "AccountName": "SYSTEM"
} {
    "EventID": 4688,
    "SourceName": "Microsoft-Windows-Security-Auditing",
    "Channel": "Security",
    "Message": "A new process has been created.",
    "EventTime": "2025-03-26T23:11:15.013913Z",
    "Hostname": "PRETERA.corp.local",
    "Severity": "INFO",
    "SeverityValue": 2,
    "EventType": "INFO",
    "Keywords": "105479741143483087",
    "RecordNumber": 735232,
    "ExecutionProcessID": 5263,
    "ExecutionThreadID": 5146,
    "UserID": "S-1-5-18",
    "AccountName": "SYSTEM"
} {
    "EventID": 4688,
    "SourceName": "Microsoft-Windows-Security-Auditing",
    "Channel": "Security",
    "Message": "A new process has been created.",
    "EventTime": "2025-03-26T21:50:04.013919Z",
    "Hostname": "PRETERA.corp.local",
    "Severity": "INFO",
    "SeverityValue": 2,
    "EventType": "INFO",
    "Keywords": "186103892498199304",
    "RecordNumber": 964762,
    "ExecutionProcessID": 3312,
    "ExecutionThreadID": 1375,
    "UserID": "S-1-5-18",
    "AccountName": "SYSTEM"
} {
    "EventID": 2010,
    "SourceName": "Microsoft-Windows-Windows Defender",
    "Channel": "Microsoft-Windows-Windows Defender/Operational",
    "Message": "Microsoft Defender updated security intelligence.",
    "EventTime": "2025-03-26T19:50:39.013925Z",
    "Hostname": "PRETERA.corp.local",
    "Severity": "INFO",
    "SeverityValue": 2,
    "EventType": "INFO",
    "Keywords": "582812164473849871",
    "RecordNumber": 110257,
    "ExecutionProcessID": 2102,
    "ExecutionThreadID": 1371,
    "UserID": "S-1-5-18",
    "AccountName": "SYSTEM"
} {
    "EventID": 4801,
    "SourceName": "Microsoft-Windows-Security-Auditing",
    "Channel": "Security",
    "Message": "The workstation was unlocked.",
    "EventTime": "2025-03-26T12:45:43.013931Z",
    "Hostname": "PRETERA.corp.local",
    "Severity": "INFO",
    "SeverityValue": 2,
    "EventType": "INFO",
    "Keywords": "828013011561259089",
    "RecordNumber": 739462,
    "ExecutionProcessID": 7594,
    "ExecutionThreadID": 8612,
    "UserID": "S-1-5-18",
    "AccountName": "SYSTEM"
} {
    "EventID": 2010,
    "SourceName": "Microsoft-Windows-Windows Defender",
    "Channel": "Microsoft-Windows-Windows Defender/Operational",
    "Message": "Microsoft Defender updated security intelligence.",
    "EventTime": "2025-03-27T08:39:47.013937Z",
    "Hostname": "PRETERA.corp.local",
    "Severity": "INFO",
    "SeverityValue": 2,
    "EventType": "INFO",
    "Keywords": "139752225208612233",
    "RecordNumber": 251343,
    "ExecutionProcessID": 8401,
    "ExecutionThreadID": 9555,
    "UserID": "S-1-5-18",
    "AccountName": "SYSTEM"
} {
    "EventID": 4624,
    "SourceName": "Microsoft-Windows-Security-Auditing",
    "Channel": "Security",
    "Message": "Successful logon.",
    "EventTime": "2025-03-26T21:25:39.013943Z",
    "Hostname": "PRETERA.corp.local",
    "Severity": "INFO",
    "SeverityValue": 2,
    "EventType": "INFO",
    "Keywords": "176158681012077999",
    "RecordNumber": 790880,
    "ExecutionProcessID": 2344,
    "ExecutionThreadID": 9551,
    "UserID": "S-1-5-18",
    "AccountName": "SYSTEM"
} {
    "EventID": 4688,
    "SourceName": "Microsoft-Windows-Security-Auditing",
    "Channel": "Security",
    "Message": "A new process has been created.",
    "EventTime": "2025-03-27T00:44:09.013948Z",
    "Hostname": "PRETERA.corp.local",
    "Severity": "INFO",
    "SeverityValue": 2,
    "EventType": "INFO",
    "Keywords": "793356427696865026",
    "RecordNumber": 526400,
    "ExecutionProcessID": 4753,
    "ExecutionThreadID": 2818,
    "UserID": "S-1-5-18",
    "AccountName": "SYSTEM"
} {
    "EventID": 4688,
    "SourceName": "Microsoft-Windows-Security-Auditing",
    "Channel": "Security",
    "Message": "A new process has been created.",
    "EventTime": "2025-03-26T16:26:27.013955Z",
    "Hostname": "PRETERA.corp.local",
    "Severity": "INFO",
    "SeverityValue": 2,
    "EventType": "INFO",
    "Keywords": "497105354746878513",
    "RecordNumber": 174123,
    "ExecutionProcessID": 4369,
    "ExecutionThreadID": 4732,
    "UserID": "S-1-5-18",
    "AccountName": "SYSTEM"
} {
    "EventID": 1040,
    "SourceName": "MsiInstaller",
    "Channel": "Application",
    "Message": "Windows Installer started a transaction.",
    "EventTime": "2025-03-26T19:45:08.013963Z",
    "Hostname": "PRETERA.corp.local",
    "Severity": "INFO",
    "SeverityValue": 2,
    "EventType": "INFO",
    "Keywords": "648999285870720163",
    "RecordNumber": 443115,
    "ExecutionProcessID": 1028,
    "ExecutionThreadID": 9571,
    "UserID": "S-1-5-18",
    "AccountName": "SYSTEM"
} {
    "EventID": 6,
    "SourceName": "Microsoft-Windows-FilterManager",
    "Channel": "System",
    "Message": "File System Filter successfully loaded.",
    "EventTime": "2025-03-26T13:49:30.013969Z",
    "Hostname": "PRETERA.corp.local",
    "Severity": "INFO",
    "SeverityValue": 2,
    "EventType": "INFO",
    "Keywords": "801651886211776062",
    "RecordNumber": 762125,
    "ExecutionProcessID": 3909,
    "ExecutionThreadID": 7537,
    "UserID": "S-1-5-18",
    "AccountName": "SYSTEM"
} {
    "EventID": 1040,
    "SourceName": "MsiInstaller",
    "Channel": "Application",
    "Message": "Windows Installer started a transaction.",
    "EventTime": "2025-03-26T12:31:15.013975Z",
    "Hostname": "PRETERA.corp.local",
    "Severity": "INFO",
    "SeverityValue": 2,
    "EventType": "INFO",
    "Keywords": "136931006689634601",
    "RecordNumber": 579365,
    "ExecutionProcessID": 7764,
    "ExecutionThreadID": 7947,
    "UserID": "S-1-5-18",
    "AccountName": "SYSTEM"
} {
    "EventID": 4801,
    "SourceName": "Microsoft-Windows-Security-Auditing",
    "Channel": "Security",
    "Message": "The workstation was unlocked.",
    "EventTime": "2025-03-26T22:58:29.013981Z",
    "Hostname": "PRETERA.corp.local",
    "Severity": "INFO",
    "SeverityValue": 2,
    "EventType": "INFO",
    "Keywords": "374155603342443932",
    "RecordNumber": 274288,
    "ExecutionProcessID": 2132,
    "ExecutionThreadID": 5785,
    "UserID": "S-1-5-18",
    "AccountName": "SYSTEM"
} {
    "EventID": 2010,
    "SourceName": "Microsoft-Windows-Windows Defender",
    "Channel": "Microsoft-Windows-Windows Defender/Operational",
    "Message": "Microsoft Defender updated security intelligence.",
    "EventTime": "2025-03-27T06:43:32.013987Z",
    "Hostname": "PRETERA.corp.local",
    "Severity": "INFO",
    "SeverityValue": 2,
    "EventType": "INFO",
    "Keywords": "157861205923551014",
    "RecordNumber": 565424,
    "ExecutionProcessID": 5640,
    "ExecutionThreadID": 4404,
    "UserID": "S-1-5-18",
    "AccountName": "SYSTEM"
} {
    "EventID": 1040,
    "SourceName": "MsiInstaller",
    "Channel": "Application",
    "Message": "Windows Installer started a transaction.",
    "EventTime": "2025-03-27T04:11:01.013993Z",
    "Hostname": "PRETERA.corp.local",
    "Severity": "INFO",
    "SeverityValue": 2,
    "EventType": "INFO",
    "Keywords": "693804638232150532",
    "RecordNumber": 366563,
    "ExecutionProcessID": 4529,
    "ExecutionThreadID": 4630,
    "UserID": "S-1-5-18",
    "AccountName": "SYSTEM"
} {
    "EventID": 4634,
    "SourceName": "Microsoft-Windows-Security-Auditing",
    "Channel": "Security",
    "Message": "An account was logged off.",
    "EventTime": "2025-03-27T07:22:40.013998Z",
    "Hostname": "PRETERA.corp.local",
    "Severity": "INFO",
    "SeverityValue": 2,
    "EventType": "INFO",
    "Keywords": "686238022777363840",
    "RecordNumber": 412055,
    "ExecutionProcessID": 4667,
    "ExecutionThreadID": 9494,
    "UserID": "S-1-5-18",
    "AccountName": "SYSTEM"
} {
    "EventID": 2010,
    "SourceName": "Microsoft-Windows-Windows Defender",
    "Channel": "Microsoft-Windows-Windows Defender/Operational",
    "Message": "Microsoft Defender updated security intelligence.",
    "EventTime": "2025-03-27T02:16:44.014005Z",
    "Hostname": "PRETERA.corp.local",
    "Severity": "INFO",
    "SeverityValue": 2,
    "EventType": "INFO",
    "Keywords": "930022225514080810",
    "RecordNumber": 291106,
    "ExecutionProcessID": 5159,
    "ExecutionThreadID": 6902,
    "UserID": "S-1-5-18",
    "AccountName": "SYSTEM"
} {
    "EventID": 1040,
    "SourceName": "MsiInstaller",
    "Channel": "Application",
    "Message": "Windows Installer started a transaction.",
    "EventTime": "2025-03-26T23:38:49.014011Z",
    "Hostname": "PRETERA.corp.local",
    "Severity": "INFO",
    "SeverityValue": 2,
    "EventType": "INFO",
    "Keywords": "102191399910303684",
    "RecordNumber": 359483,
    "ExecutionProcessID": 1023,
    "ExecutionThreadID": 9377,
    "UserID": "S-1-5-18",
    "AccountName": "SYSTEM"
} {
    "EventID": 4688,
    "SourceName": "Microsoft-Windows-Security-Auditing",
    "Channel": "Security",
    "Message": "A new process has been created.",
    "EventTime": "2025-03-26T13:35:16.014017Z",
    "Hostname": "PRETERA.corp.local",
    "Severity": "INFO",
    "SeverityValue": 2,
    "EventType": "INFO",
    "Keywords": "341875861426075780",
    "RecordNumber": 967828,
    "ExecutionProcessID": 8696,
    "ExecutionThreadID": 4448,
    "UserID": "S-1-5-18",
    "AccountName": "SYSTEM"
} {
    "EventID": 4624,
    "SourceName": "Microsoft-Windows-Security-Auditing",
    "Channel": "Security",
    "Message": "Successful logon.",
    "EventTime": "2025-03-26T18:42:03.014024Z",
    "Hostname": "PRETERA.corp.local",
    "Severity": "INFO",
    "SeverityValue": 2,
    "EventType": "INFO",
    "Keywords": "700928824926666589",
    "RecordNumber": 110736,
    "ExecutionProcessID": 8722,
    "ExecutionThreadID": 7857,
    "UserID": "S-1-5-18",
    "AccountName": "SYSTEM"
} {
    "EventID": 4634,
    "SourceName": "Microsoft-Windows-Security-Auditing",
    "Channel": "Security",
    "Message": "An account was logged off.",
    "EventTime": "2025-03-26T14:21:52.014031Z",
    "Hostname": "PRETERA.corp.local",
    "Severity": "INFO",
    "SeverityValue": 2,
    "EventType": "INFO",
    "Keywords": "479512057684943764",
    "RecordNumber": 606145,
    "ExecutionProcessID": 4742,
    "ExecutionThreadID": 8725,
    "UserID": "S-1-5-18",
    "AccountName": "SYSTEM"
} {
    "EventID": 2010,
    "SourceName": "Microsoft-Windows-Windows Defender",
    "Channel": "Microsoft-Windows-Windows Defender/Operational",
    "Message": "Microsoft Defender updated security intelligence.",
    "EventTime": "2025-03-27T06:38:18.014036Z",
    "Hostname": "PRETERA.corp.local",
    "Severity": "INFO",
    "SeverityValue": 2,
    "EventType": "INFO",
    "Keywords": "806168367405220055",
    "RecordNumber": 584378,
    "ExecutionProcessID": 5457,
    "ExecutionThreadID": 1142,
    "UserID": "S-1-5-18",
    "AccountName": "SYSTEM"
} {
    "EventID": 4801,
    "SourceName": "Microsoft-Windows-Security-Auditing",
    "Channel": "Security",
    "Message": "The workstation was unlocked.",
    "EventTime": "2025-03-26T10:59:36.014042Z",
    "Hostname": "PRETERA.corp.local",
    "Severity": "INFO",
    "SeverityValue": 2,
    "EventType": "INFO",
    "Keywords": "188048690939324763",
    "RecordNumber": 244786,
    "ExecutionProcessID": 9725,
    "ExecutionThreadID": 7290,
    "UserID": "S-1-5-18",
    "AccountName": "SYSTEM"
} {
    "EventID": 6,
    "SourceName": "Microsoft-Windows-FilterManager",
    "Channel": "System",
    "Message": "File System Filter successfully loaded.",
    "EventTime": "2025-03-26T12:53:27.014048Z",
    "Hostname": "PRETERA.corp.local",
    "Severity": "INFO",
    "SeverityValue": 2,
    "EventType": "INFO",
    "Keywords": "487798063867551947",
    "RecordNumber": 425924,
    "ExecutionProcessID": 4878,
    "ExecutionThreadID": 2515,
    "UserID": "S-1-5-18",
    "AccountName": "SYSTEM"
} {
    "EventID": 4634,
    "SourceName": "Microsoft-Windows-Security-Auditing",
    "Channel": "Security",
    "Message": "An account was logged off.",
    "EventTime": "2025-03-26T21:32:51.014056Z",
    "Hostname": "PRETERA.corp.local",
    "Severity": "INFO",
    "SeverityValue": 2,
    "EventType": "INFO",
    "Keywords": "634457369654116012",
    "RecordNumber": 513359,
    "ExecutionProcessID": 1365,
    "ExecutionThreadID": 9662,
    "UserID": "S-1-5-18",
    "AccountName": "SYSTEM"
} {
    "EventID": 4801,
    "SourceName": "Microsoft-Windows-Security-Auditing",
    "Channel": "Security",
    "Message": "The workstation was unlocked.",
    "EventTime": "2025-03-27T00:16:47.014064Z",
    "Hostname": "PRETERA.corp.local",
    "Severity": "INFO",
    "SeverityValue": 2,
    "EventType": "INFO",
    "Keywords": "688216483634279185",
    "RecordNumber": 374556,
    "ExecutionProcessID": 8978,
    "ExecutionThreadID": 7795,
    "UserID": "S-1-5-18",
    "AccountName": "SYSTEM"
} {
    "EventID": 4634,
    "SourceName": "Microsoft-Windows-Security-Auditing",
    "Channel": "Security",
    "Message": "An account was logged off.",
    "EventTime": "2025-03-27T01:36:00.014071Z",
    "Hostname": "PRETERA.corp.local",
    "Severity": "INFO",
    "SeverityValue": 2,
    "EventType": "INFO",
    "Keywords": "454098505106423470",
    "RecordNumber": 932791,
    "ExecutionProcessID": 4998,
    "ExecutionThreadID": 7912,
    "UserID": "S-1-5-18",
    "AccountName": "SYSTEM"
} {
    "EventID": 4634,
    "SourceName": "Microsoft-Windows-Security-Auditing",
    "Channel": "Security",
    "Message": "An account was logged off.",
    "EventTime": "2025-03-27T02:29:55.014077Z",
    "Hostname": "PRETERA.corp.local",
    "Severity": "INFO",
    "SeverityValue": 2,
    "EventType": "INFO",
    "Keywords": "614197691927526499",
    "RecordNumber": 479806,
    "ExecutionProcessID": 1947,
    "ExecutionThreadID": 6717,
    "UserID": "S-1-5-18",
    "AccountName": "SYSTEM"
} {
    "EventID": 4634,
    "SourceName": "Microsoft-Windows-Security-Auditing",
    "Channel": "Security",
    "Message": "An account was logged off.",
    "EventTime": "2025-03-26T21:01:53.014083Z",
    "Hostname": "PRETERA.corp.local",
    "Severity": "INFO",
    "SeverityValue": 2,
    "EventType": "INFO",
    "Keywords": "364516444283914276",
    "RecordNumber": 682997,
    "ExecutionProcessID": 9498,
    "ExecutionThreadID": 9319,
    "UserID": "S-1-5-18",
    "AccountName": "SYSTEM"
} {
    "EventID": 4634,
    "SourceName": "Microsoft-Windows-Security-Auditing",
    "Channel": "Security",
    "Message": "An account was logged off.",
    "EventTime": "2025-03-27T07:34:18.014091Z",
    "Hostname": "PRETERA.corp.local",
    "Severity": "INFO",
    "SeverityValue": 2,
    "EventType": "INFO",
    "Keywords": "65991938751351998",
    "RecordNumber": 190351,
    "ExecutionProcessID": 4081,
    "ExecutionThreadID": 4681,
    "UserID": "S-1-5-18",
    "AccountName": "SYSTEM"
} {
    "EventID": 4624,
    "SourceName": "Microsoft-Windows-Security-Auditing",
    "Channel": "Security",
    "Message": "Successful logon.",
    "EventTime": "2025-03-26T20:15:59.014097Z",
    "Hostname": "PRETERA.corp.local",
    "Severity": "INFO",
    "SeverityValue": 2,
    "EventType": "INFO",
    "Keywords": "635514935000282459",
    "RecordNumber": 264367,
    "ExecutionProcessID": 9358,
    "ExecutionThreadID": 8861,
    "UserID": "S-1-5-18",
    "AccountName": "SYSTEM"
} {
    "EventID": 1040,
    "SourceName": "MsiInstaller",
    "Channel": "Application",
    "Message": "Windows Installer started a transaction.",
    "EventTime": "2025-03-27T03:26:43.014103Z",
    "Hostname": "PRETERA.corp.local",
    "Severity": "INFO",
    "SeverityValue": 2,
    "EventType": "INFO",
    "Keywords": "369162483100855005",
    "RecordNumber": 19310,
    "ExecutionProcessID": 7266,
    "ExecutionThreadID": 7555,
    "UserID": "S-1-5-18",
    "AccountName": "SYSTEM"
} {
    "EventID": 4634,
    "SourceName": "Microsoft-Windows-Security-Auditing",
    "Channel": "Security",
    "Message": "An account was logged off.",
    "EventTime": "2025-03-26T21:54:32.014109Z",
    "Hostname": "PRETERA.corp.local",
    "Severity": "INFO",
    "SeverityValue": 2,
    "EventType": "INFO",
    "Keywords": "333120396875775616",
    "RecordNumber": 21883,
    "ExecutionProcessID": 6225,
    "ExecutionThreadID": 1954,
    "UserID": "S-1-5-18",
    "AccountName": "SYSTEM"
} {
    "EventID": 4624,
    "SourceName": "Microsoft-Windows-Security-Auditing",
    "Channel": "Security",
    "Message": "Successful logon.",
    "EventTime": "2025-03-27T00:59:43.014115Z",
    "Hostname": "PRETERA.corp.local",
    "Severity": "INFO",
    "SeverityValue": 2,
    "EventType": "INFO",
    "Keywords": "170500747811076952",
    "RecordNumber": 901264,
    "ExecutionProcessID": 9606,
    "ExecutionThreadID": 8246,
    "UserID": "S-1-5-18",
    "AccountName": "SYSTEM"
} {
    "EventID": 2010,
    "SourceName": "Microsoft-Windows-Windows Defender",
    "Channel": "Microsoft-Windows-Windows Defender/Operational",
    "Message": "Microsoft Defender updated security intelligence.",
    "EventTime": "2025-03-26T20:56:07.014121Z",
    "Hostname": "PRETERA.corp.local",
    "Severity": "INFO",
    "SeverityValue": 2,
    "EventType": "INFO",
    "Keywords": "783700431309312670",
    "RecordNumber": 51806,
    "ExecutionProcessID": 5848,
    "ExecutionThreadID": 1320,
    "UserID": "S-1-5-18",
    "AccountName": "SYSTEM"
} {
    "EventID": 4624,
    "SourceName": "Microsoft-Windows-Security-Auditing",
    "Channel": "Security",
    "Message": "Successful logon.",
    "EventTime": "2025-03-26T23:36:02.014127Z",
    "Hostname": "PRETERA.corp.local",
    "Severity": "INFO",
    "SeverityValue": 2,
    "EventType": "INFO",
    "Keywords": "60231152595302038",
    "RecordNumber": 942618,
    "ExecutionProcessID": 9920,
    "ExecutionThreadID": 7165,
    "UserID": "S-1-5-18",
    "AccountName": "SYSTEM"
} {
    "EventID": 1040,
    "SourceName": "MsiInstaller",
    "Channel": "Application",
    "Message": "Windows Installer started a transaction.",
    "EventTime": "2025-03-27T05:51:14.014133Z",
    "Hostname": "PRETERA.corp.local",
    "Severity": "INFO",
    "SeverityValue": 2,
    "EventType": "INFO",
    "Keywords": "822314876779163728",
    "RecordNumber": 430446,
    "ExecutionProcessID": 9955,
    "ExecutionThreadID": 3595,
    "UserID": "S-1-5-18",
    "AccountName": "SYSTEM"
} {
    "EventID": 4634,
    "SourceName": "Microsoft-Windows-Security-Auditing",
    "Channel": "Security",
    "Message": "An account was logged off.",
    "EventTime": "2025-03-26T22:03:13.014139Z",
    "Hostname": "PRETERA.corp.local",
    "Severity": "INFO",
    "SeverityValue": 2,
    "EventType": "INFO",
    "Keywords": "62170352917788477",
    "RecordNumber": 757213,
    "ExecutionProcessID": 2262,
    "ExecutionThreadID": 9455,
    "UserID": "S-1-5-18",
    "AccountName": "SYSTEM"
} {
    "EventID": 6,
    "SourceName": "Microsoft-Windows-FilterManager",
    "Channel": "System",
    "Message": "File System Filter successfully loaded.",
    "EventTime": "2025-03-26T11:18:34.014145Z",
    "Hostname": "PRETERA.corp.local",
    "Severity": "INFO",
    "SeverityValue": 2,
    "EventType": "INFO",
    "Keywords": "696529067840212711",
    "RecordNumber": 701720,
    "ExecutionProcessID": 7928,
    "ExecutionThreadID": 1177,
    "UserID": "S-1-5-18",
    "AccountName": "SYSTEM"
} {
    "EventID": 4624,
    "SourceName": "Microsoft-Windows-Security-Auditing",
    "Channel": "Security",
    "Message": "Successful logon.",
    "EventTime": "2025-03-27T01:25:37.014153Z",
    "Hostname": "PRETERA.corp.local",
    "Severity": "INFO",
    "SeverityValue": 2,
    "EventType": "INFO",
    "Keywords": "108027550127045701",
    "RecordNumber": 489707,
    "ExecutionProcessID": 2242,
    "ExecutionThreadID": 5975,
    "UserID": "S-1-5-18",
    "AccountName": "SYSTEM"
} {
    "EventID": 2010,
    "SourceName": "Microsoft-Windows-Windows Defender",
    "Channel": "Microsoft-Windows-Windows Defender/Operational",
    "Message": "Microsoft Defender updated security intelligence.",
    "EventTime": "2025-03-26T11:39:12.014164Z",
    "Hostname": "PRETERA.corp.local",
    "Severity": "INFO",
    "SeverityValue": 2,
    "EventType": "INFO",
    "Keywords": "867532870497092020",
    "RecordNumber": 928183,
    "ExecutionProcessID": 6932,
    "ExecutionThreadID": 1822,
    "UserID": "S-1-5-18",
    "AccountName": "SYSTEM"
} {
    "EventID": 4688,
    "SourceName": "Microsoft-Windows-Security-Auditing",
    "Channel": "Security",
    "Message": "A new process has been created.",
    "EventTime": "2025-03-27T06:43:52.014170Z",
    "Hostname": "PRETERA.corp.local",
    "Severity": "INFO",
    "SeverityValue": 2,
    "EventType": "INFO",
    "Keywords": "440631169011551373",
    "RecordNumber": 203830,
    "ExecutionProcessID": 3415,
    "ExecutionThreadID": 4030,
    "UserID": "S-1-5-18",
    "AccountName": "SYSTEM"
} {
    "EventID": 1040,
    "SourceName": "MsiInstaller",
    "Channel": "Application",
    "Message": "Windows Installer started a transaction.",
    "EventTime": "2025-03-27T03:45:37.014176Z",
    "Hostname": "PRETERA.corp.local",
    "Severity": "INFO",
    "SeverityValue": 2,
    "EventType": "INFO",
    "Keywords": "810105216881151461",
    "RecordNumber": 257746,
    "ExecutionProcessID": 3968,
    "ExecutionThreadID": 1002,
    "UserID": "S-1-5-18",
    "AccountName": "SYSTEM"
} {
    "EventID": 4688,
    "SourceName": "Microsoft-Windows-Security-Auditing",
    "Channel": "Security",
    "Message": "A new process has been created.",
    "EventTime": "2025-03-27T06:30:28.014182Z",
    "Hostname": "PRETERA.corp.local",
    "Severity": "INFO",
    "SeverityValue": 2,
    "EventType": "INFO",
    "Keywords": "504856004050048737",
    "RecordNumber": 42294,
    "ExecutionProcessID": 8153,
    "ExecutionThreadID": 6148,
    "UserID": "S-1-5-18",
    "AccountName": "SYSTEM"
} {
    "EventID": 4624,
    "SourceName": "Microsoft-Windows-Security-Auditing",
    "Channel": "Security",
    "Message": "Successful logon.",
    "EventTime": "2025-03-26T22:33:02.014188Z",
    "Hostname": "PRETERA.corp.local",
    "Severity": "INFO",
    "SeverityValue": 2,
    "EventType": "INFO",
    "Keywords": "518380952248097711",
    "RecordNumber": 693652,
    "ExecutionProcessID": 2510,
    "ExecutionThreadID": 6837,
    "UserID": "S-1-5-18",
    "AccountName": "SYSTEM"
} {
    "EventID": 2010,
    "SourceName": "Microsoft-Windows-Windows Defender",
    "Channel": "Microsoft-Windows-Windows Defender/Operational",
    "Message": "Microsoft Defender updated security intelligence.",
    "EventTime": "2025-03-26T16:31:01.014194Z",
    "Hostname": "PRETERA.corp.local",
    "Severity": "INFO",
    "SeverityValue": 2,
    "EventType": "INFO",
    "Keywords": "198761350973198117",
    "RecordNumber": 549763,
    "ExecutionProcessID": 7409,
    "ExecutionThreadID": 8411,
    "UserID": "S-1-5-18",
    "AccountName": "SYSTEM"
} {
    "EventID": 2010,
    "SourceName": "Microsoft-Windows-Windows Defender",
    "Channel": "Microsoft-Windows-Windows Defender/Operational",
    "Message": "Microsoft Defender updated security intelligence.",
    "EventTime": "2025-03-26T19:58:21.014200Z",
    "Hostname": "PRETERA.corp.local",
    "Severity": "INFO",
    "SeverityValue": 2,
    "EventType": "INFO",
    "Keywords": "582761368508149032",
    "RecordNumber": 797168,
    "ExecutionProcessID": 4796,
    "ExecutionThreadID": 5980,
    "UserID": "S-1-5-18",
    "AccountName": "SYSTEM"
} {
    "EventID": 6,
    "SourceName": "Microsoft-Windows-FilterManager",
    "Channel": "System",
    "Message": "File System Filter successfully loaded.",
    "EventTime": "2025-03-27T03:39:06.014206Z",
    "Hostname": "PRETERA.corp.local",
    "Severity": "INFO",
    "SeverityValue": 2,
    "EventType": "INFO",
    "Keywords": "235047651494177163",
    "RecordNumber": 180516,
    "ExecutionProcessID": 8129,
    "ExecutionThreadID": 4340,
    "UserID": "S-1-5-18",
    "AccountName": "SYSTEM"
} {
    "EventID": 2010,
    "SourceName": "Microsoft-Windows-Windows Defender",
    "Channel": "Microsoft-Windows-Windows Defender/Operational",
    "Message": "Microsoft Defender updated security intelligence.",
    "EventTime": "2025-03-26T12:27:01.014212Z",
    "Hostname": "PRETERA.corp.local",
    "Severity": "INFO",
    "SeverityValue": 2,
    "EventType": "INFO",
    "Keywords": "797791283270167734",
    "RecordNumber": 264725,
    "ExecutionProcessID": 1597,
    "ExecutionThreadID": 2568,
    "UserID": "S-1-5-18",
    "AccountName": "SYSTEM"
} {
    "EventID": 1040,
    "SourceName": "MsiInstaller",
    "Channel": "Application",
    "Message": "Windows Installer started a transaction.",
    "EventTime": "2025-03-26T23:13:56.014220Z",
    "Hostname": "PRETERA.corp.local",
    "Severity": "INFO",
    "SeverityValue": 2,
    "EventType": "INFO",
    "Keywords": "676136055347131666",
    "RecordNumber": 331172,
    "ExecutionProcessID": 1740,
    "ExecutionThreadID": 9692,
    "UserID": "S-1-5-18",
    "AccountName": "SYSTEM"
} {
    "EventID": 4688,
    "SourceName": "Microsoft-Windows-Security-Auditing",
    "Channel": "Security",
    "Message": "A new process has been created.",
    "EventTime": "2025-03-26T13:34:08.014227Z",
    "Hostname": "PRETERA.corp.local",
    "Severity": "INFO",
    "SeverityValue": 2,
    "EventType": "INFO",
    "Keywords": "682555429514232914",
    "RecordNumber": 739041,
    "ExecutionProcessID": 3061,
    "ExecutionThreadID": 6675,
    "UserID": "S-1-5-18",
    "AccountName": "SYSTEM"
} {
    "EventID": 2010,
    "SourceName": "Microsoft-Windows-Windows Defender",
    "Channel": "Microsoft-Windows-Windows Defender/Operational",
    "Message": "Microsoft Defender updated security intelligence.",
    "EventTime": "2025-03-27T04:48:08.014233Z",
    "Hostname": "PRETERA.corp.local",
    "Severity": "INFO",
    "SeverityValue": 2,
    "EventType": "INFO",
    "Keywords": "229577226059517182",
    "RecordNumber": 825885,
    "ExecutionProcessID": 6977,
    "ExecutionThreadID": 8983,
    "UserID": "S-1-5-18",
    "AccountName": "SYSTEM"
} {
    "EventID": 1040,
    "SourceName": "MsiInstaller",
    "Channel": "Application",
    "Message": "Windows Installer started a transaction.",
    "EventTime": "2025-03-26T10:17:35.014239Z",
    "Hostname": "PRETERA.corp.local",
    "Severity": "INFO",
    "SeverityValue": 2,
    "EventType": "INFO",
    "Keywords": "759040019254053038",
    "RecordNumber": 302970,
    "ExecutionProcessID": 8825,
    "ExecutionThreadID": 7537,
    "UserID": "S-1-5-18",
    "AccountName": "SYSTEM"
} {
    "EventID": 4688,
    "SourceName": "Microsoft-Windows-Security-Auditing",
    "Channel": "Security",
    "Message": "A new process has been created.",
    "EventTime": "2025-03-26T10:48:32.014245Z",
    "Hostname": "PRETERA.corp.local",
    "Severity": "INFO",
    "SeverityValue": 2,
    "EventType": "INFO",
    "Keywords": "587811878592853200",
    "RecordNumber": 216239,
    "ExecutionProcessID": 1394,
    "ExecutionThreadID": 8746,
    "UserID": "S-1-5-18",
    "AccountName": "SYSTEM"
} {
    "EventID": 4624,
    "SourceName": "Microsoft-Windows-Security-Auditing",
    "Channel": "Security",
    "Message": "Successful logon.",
    "EventTime": "2025-03-26T21:13:05.014250Z",
    "Hostname": "PRETERA.corp.local",
    "Severity": "INFO",
    "SeverityValue": 2,
    "EventType": "INFO",
    "Keywords": "451138824812824642",
    "RecordNumber": 411984,
    "ExecutionProcessID": 9306,
    "ExecutionThreadID": 3337,
    "UserID": "S-1-5-18",
    "AccountName": "SYSTEM"
} {
    "EventID": 2010,
    "SourceName": "Microsoft-Windows-Windows Defender",
    "Channel": "Microsoft-Windows-Windows Defender/Operational",
    "Message": "Microsoft Defender updated security intelligence.",
    "EventTime": "2025-03-26T20:49:03.014256Z",
    "Hostname": "PRETERA.corp.local",
    "Severity": "INFO",
    "SeverityValue": 2,
    "EventType": "INFO",
    "Keywords": "173100917711890444",
    "RecordNumber": 926822,
    "ExecutionProcessID": 9631,
    "ExecutionThreadID": 6819,
    "UserID": "S-1-5-18",
    "AccountName": "SYSTEM"
} {
    "EventID": 4688,
    "SourceName": "Microsoft-Windows-Security-Auditing",
    "Channel": "Security",
    "Message": "A new process has been created.",
    "EventTime": "2025-03-27T06:31:04.014265Z",
    "Hostname": "PRETERA.corp.local",
    "Severity": "INFO",
    "SeverityValue": 2,
    "EventType": "INFO",
    "Keywords": "535969130250631588",
    "RecordNumber": 343286,
    "ExecutionProcessID": 3859,
    "ExecutionThreadID": 4911,
    "UserID": "S-1-5-18",
    "AccountName": "SYSTEM"
} {
    "EventID": 2010,
    "SourceName": "Microsoft-Windows-Windows Defender",
    "Channel": "Microsoft-Windows-Windows Defender/Operational",
    "Message": "Microsoft Defender updated security intelligence.",
    "EventTime": "2025-03-27T07:45:29.014271Z",
    "Hostname": "PRETERA.corp.local",
    "Severity": "INFO",
    "SeverityValue": 2,
    "EventType": "INFO",
    "Keywords": "828948763349759589",
    "RecordNumber": 629638,
    "ExecutionProcessID": 4637,
    "ExecutionThreadID": 1664,
    "UserID": "S-1-5-18",
    "AccountName": "SYSTEM"
} {
    "EventID": 4688,
    "SourceName": "Microsoft-Windows-Security-Auditing",
    "Channel": "Security",
    "Message": "A new process has been created.",
    "EventTime": "2025-03-26T18:23:54.014277Z",
    "Hostname": "PRETERA.corp.local",
    "Severity": "INFO",
    "SeverityValue": 2,
    "EventType": "INFO",
    "Keywords": "802048394194410848",
    "RecordNumber": 954821,
    "ExecutionProcessID": 9635,
    "ExecutionThreadID": 2887,
    "UserID": "S-1-5-18",
    "AccountName": "SYSTEM"
} {
    "EventID": 2010,
    "SourceName": "Microsoft-Windows-Windows Defender",
    "Channel": "Microsoft-Windows-Windows Defender/Operational",
    "Message": "Microsoft Defender updated security intelligence.",
    "EventTime": "2025-03-26T14:51:35.014285Z",
    "Hostname": "PRETERA.corp.local",
    "Severity": "INFO",
    "SeverityValue": 2,
    "EventType": "INFO",
    "Keywords": "844421125891751931",
    "RecordNumber": 19239,
    "ExecutionProcessID": 3674,
    "ExecutionThreadID": 4541,
    "UserID": "S-1-5-18",
    "AccountName": "SYSTEM"
} 