{
    "EventID": 4624,
    "SourceName": "Microsoft-Windows-Security-Auditing",
    "Channel": "Security",
    "Message": "Successful logon.",
    "EventTime": "2025-03-27T06:10:47.011754Z",
    "Hostname": "PRETERA.corp.local",
    "Severity": "INFO",
    "SeverityValue": 2,
    "EventType": "INFO",
    "Keywords": "870536062669959518",
    "RecordNumber": 68333,
    "ExecutionProcessID": 8616,
    "ExecutionThreadID": 4594,
    "UserID": "S-1-5-18",
    "AccountName": "SYSTEM"
} {
    "EventID": 6,
    "SourceName": "Microsoft-Windows-FilterManager",
    "Channel": "System",
    "Message": "File System Filter successfully loaded.",
    "EventTime": "2025-03-27T03:20:02.011760Z",
    "Hostname": "PRETERA.corp.local",
    "Severity": "INFO",
    "SeverityValue": 2,
    "EventType": "INFO",
    "Keywords": "584821226795615807",
    "RecordNumber": 258250,
    "ExecutionProcessID": 5579,
    "ExecutionThreadID": 5331,
    "UserID": "S-1-5-18",
    "AccountName": "SYSTEM"
} {
    "EventID": 4634,
    "SourceName": "Microsoft-Windows-Security-Auditing",
    "Channel": "Security",
    "Message": "An account was logged off.",
    "EventTime": "2025-03-27T04:03:36.011766Z",
    "Hostname": "PRETERA.corp.local",
    "Severity": "INFO",
    "SeverityValue": 2,
    "EventType": "INFO",
    "Keywords": "555794487690410827",
    "RecordNumber": 463842,
    "ExecutionProcessID": 9910,
    "ExecutionThreadID": 8582,
    "UserID": "S-1-5-18",
    "AccountName": "SYSTEM"
} {
    "EventID": 4634,
    "SourceName": "Microsoft-Windows-Security-Auditing",
    "Channel": "Security",
    "Message": "An account was logged off.",
    "EventTime": "2025-03-26T21:11:00.011772Z",
    "Hostname": "PRETERA.corp.local",
    "Severity": "INFO",
    "SeverityValue": 2,
    "EventType": "INFO",
    "Keywords": "125495766054386468",
    "RecordNumber": 720710,
    "ExecutionProcessID": 5967,
    "ExecutionThreadID": 3141,
    "UserID": "S-1-5-18",
    "AccountName": "SYSTEM"
} {
    "EventID": 4688,
    "SourceName": "Microsoft-Windows-Security-Auditing",
    "Channel": "Security",
    "Message": "A new process has been created.",
    "EventTime": "2025-03-26T19:55:03.011780Z",
    "Hostname": "PRETERA.corp.local",
    "Severity": "INFO",
    "SeverityValue": 2,
    "EventType": "INFO",
    "Keywords": "929003789250487882",
    "RecordNumber": 83774,
    "ExecutionProcessID": 6557,
    "ExecutionThreadID": 4478,
    "UserID": "S-1-5-18",
    "AccountName": "SYSTEM"
} {
    "EventID": 1040,
    "SourceName": "MsiInstaller",
    "Channel": "Application",
    "Message": "Windows Installer started a transaction.",
    "EventTime": "2025-03-27T04:26:43.011786Z",
    "Hostname": "PRETERA.corp.local",
    "Severity": "INFO",
    "SeverityValue": 2,
    "EventType": "INFO",
    "Keywords": "978213339007456266",
    "RecordNumber": 250540,
    "ExecutionProcessID": 3767,
    "ExecutionThreadID": 9907,
    "UserID": "S-1-5-18",
    "AccountName": "SYSTEM"
} {
    "EventID": 1040,
    "SourceName": "MsiInstaller",
    "Channel": "Application",
    "Message": "Windows Installer started a transaction.",
    "EventTime": "2025-03-26T21:12:08.011792Z",
    "Hostname": "PRETERA.corp.local",
    "Severity": "INFO",
    "SeverityValue": 2,
    "EventType": "INFO",
    "Keywords": "151596349516496891",
    "RecordNumber": 378810,
    "ExecutionProcessID": 7081,
    "ExecutionThreadID": 7193,
    "UserID": "S-1-5-18",
    "AccountName": "SYSTEM"
} {
    "EventID": 6,
    "SourceName": "Microsoft-Windows-FilterManager",
    "Channel": "System",
    "Message": "File System Filter successfully loaded.",
    "EventTime": "2025-03-26T17:21:36.011798Z",
    "Hostname": "PRETERA.corp.local",
    "Severity": "INFO",
    "SeverityValue": 2,
    "EventType": "INFO",
    "Keywords": "488801612751200533",
    "RecordNumber": 882860,
    "ExecutionProcessID": 8368,
    "ExecutionThreadID": 5637,
    "UserID": "S-1-5-18",
    "AccountName": "SYSTEM"
} {
    "EventID": 4634,
    "SourceName": "Microsoft-Windows-Security-Auditing",
    "Channel": "Security",
    "Message": "An account was logged off.",
    "EventTime": "2025-03-27T08:41:08.011804Z",
    "Hostname": "PRETERA.corp.local",
    "Severity": "INFO",
    "SeverityValue": 2,
    "EventType": "INFO",
    "Keywords": "416914728523175389",
    "RecordNumber": 937251,
    "ExecutionProcessID": 3603,
    "ExecutionThreadID": 8475,
    "UserID": "S-1-5-18",
    "AccountName": "SYSTEM"
} {
    "EventID": 4624,
    "SourceName": "Microsoft-Windows-Security-Auditing",
    "Channel": "Security",
    "Message": "Successful logon.",
    "EventTime": "2025-03-26T17:46:24.011809Z",
    "Hostname": "PRETERA.corp.local",
    "Severity": "INFO",
    "SeverityValue": 2,
    "EventType": "INFO",
    "Keywords": "186250011446299290",
    "RecordNumber": 571525,
    "ExecutionProcessID": 6714,
    "ExecutionThreadID": 8056,
    "UserID": "S-1-5-18",
    "AccountName": "SYSTEM"
} {
    "EventID": 4624,
    "SourceName": "Microsoft-Windows-Security-Auditing",
    "Channel": "Security",
    "Message": "Successful logon.",
    "EventTime": "2025-03-26T19:59:56.011817Z",
    "Hostname": "PRETERA.corp.local",
    "Severity": "INFO",
    "SeverityValue": 2,
    "EventType": "INFO",
    "Keywords": "941729800504864841",
    "RecordNumber": 453178,
    "ExecutionProcessID": 9536,
    "ExecutionThreadID": 9302,
    "UserID": "S-1-5-18",
    "AccountName": "SYSTEM"
} {
    "EventID": 4634,
    "SourceName": "Microsoft-Windows-Security-Auditing",
    "Channel": "Security",
    "Message": "An account was logged off.",
    "EventTime": "2025-03-27T04:41:30.011824Z",
    "Hostname": "PRETERA.corp.local",
    "Severity": "INFO",
    "SeverityValue": 2,
    "EventType": "INFO",
    "Keywords": "140597799287817881",
    "RecordNumber": 78882,
    "ExecutionProcessID": 2770,
    "ExecutionThreadID": 5544,
    "UserID": "S-1-5-18",
    "AccountName": "SYSTEM"
} {
    "EventID": 6,
    "SourceName": "Microsoft-Windows-FilterManager",
    "Channel": "System",
    "Message": "File System Filter successfully loaded.",
    "EventTime": "2025-03-27T08:14:24.011829Z",
    "Hostname": "PRETERA.corp.local",
    "Severity": "INFO",
    "SeverityValue": 2,
    "EventType": "INFO",
    "Keywords": "501889120035261170",
    "RecordNumber": 784842,
    "ExecutionProcessID": 6746,
    "ExecutionThreadID": 5140,
    "UserID": "S-1-5-18",
    "AccountName": "SYSTEM"
} {
    "EventID": 4634,
    "SourceName": "Microsoft-Windows-Security-Auditing",
    "Channel": "Security",
    "Message": "An account was logged off.",
    "EventTime": "2025-03-26T14:22:44.011835Z",
    "Hostname": "PRETERA.corp.local",
    "Severity": "INFO",
    "SeverityValue": 2,
    "EventType": "INFO",
    "Keywords": "501282702990812796",
    "RecordNumber": 868765,
    "ExecutionProcessID": 7730,
    "ExecutionThreadID": 2602,
    "UserID": "S-1-5-18",
    "AccountName": "SYSTEM"
} {
    "EventID": 2010,
    "SourceName": "Microsoft-Windows-Windows Defender",
    "Channel": "Microsoft-Windows-Windows Defender/Operational",
    "Message": "Microsoft Defender updated security intelligence.",
    "EventTime": "2025-03-26T14:45:15.011843Z",
    "Hostname": "PRETERA.corp.local",
    "Severity": "INFO",
    "SeverityValue": 2,
    "EventType": "INFO",
    "Keywords": "280992742472825359",
    "RecordNumber": 32595,
    "ExecutionProcessID": 2210,
    "ExecutionThreadID": 6278,
    "UserID": "S-1-5-18",
    "AccountName": "SYSTEM"
} {
    "EventID": 4688,
    "SourceName": "Microsoft-Windows-Security-Auditing",
    "Channel": "Security",
    "Message": "A new process has been created.",
    "EventTime": "2025-03-26T20:19:09.011850Z",
    "Hostname": "PRETERA.corp.local",
    "Severity": "INFO",
    "SeverityValue": 2,
    "EventType": "INFO",
    "Keywords": "539433525515457181",
    "RecordNumber": 481383,
    "ExecutionProcessID": 3306,
    "ExecutionThreadID": 3949,
    "UserID": "S-1-5-18",
    "AccountName": "SYSTEM"
} {
    "EventID": 2010,
    "SourceName": "Microsoft-Windows-Windows Defender",
    "Channel": "Microsoft-Windows-Windows Defender/Operational",
    "Message": "Microsoft Defender updated security intelligence.",
    "EventTime": "2025-03-27T08:12:37.011859Z",
    "Hostname": "PRETERA.corp.local",
    "Severity": "INFO",
    "SeverityValue": 2,
    "EventType": "INFO",
    "Keywords": "46199432704624538",
    "RecordNumber": 683771,
    "ExecutionProcessID": 1696,
    "ExecutionThreadID": 4349,
    "UserID": "S-1-5-18",
    "AccountName": "SYSTEM"
} {
    "EventID": 2010,
    "SourceName": "Microsoft-Windows-Windows Defender",
    "Channel": "Microsoft-Windows-Windows Defender/Operational",
    "Message": "Microsoft Defender updated security intelligence.",
    "EventTime": "2025-03-26T23:08:46.011866Z",
    "Hostname": "PRETERA.corp.local",
    "Severity": "INFO",
    "SeverityValue": 2,
    "EventType": "INFO",
    "Keywords": "919363575560536343",
    "RecordNumber": 390690,
    "ExecutionProcessID": 7325,
    "ExecutionThreadID": 2586,
    "UserID": "S-1-5-18",
    "AccountName": "SYSTEM"
} {
    "EventID": 4688,
    "SourceName": "Microsoft-Windows-Security-Auditing",
    "Channel": "Security",
    "Message": "A new process has been created.",
    "EventTime": "2025-03-27T00:25:07.011872Z",
    "Hostname": "PRETERA.corp.local",
    "Severity": "INFO",
    "SeverityValue": 2,
    "EventType": "INFO",
    "Keywords": "627101845365607418",
    "RecordNumber": 912541,
    "ExecutionProcessID": 4467,
    "ExecutionThreadID": 9863,
    "UserID": "S-1-5-18",
    "AccountName": "SYSTEM"
} {
    "EventID": 4634,
    "SourceName": "Microsoft-Windows-Security-Auditing",
    "Channel": "Security",
    "Message": "An account was logged off.",
    "EventTime": "2025-03-26T11:31:54.011878Z",
    "Hostname": "PRETERA.corp.local",
    "Severity": "INFO",
    "SeverityValue": 2,
    "EventType": "INFO",
    "Keywords": "414556169778487585",
    "RecordNumber": 328475,
    "ExecutionProcessID": 8947,
    "ExecutionThreadID": 2167,
    "UserID": "S-1-5-18",
    "AccountName": "SYSTEM"
} {
    "EventID": 2010,
    "SourceName": "Microsoft-Windows-Windows Defender",
    "Channel": "Microsoft-Windows-Windows Defender/Operational",
    "Message": "Microsoft Defender updated security intelligence.",
    "EventTime": "2025-03-26T16:14:26.011886Z",
    "Hostname": "PRETERA.corp.local",
    "Severity": "INFO",
    "SeverityValue": 2,
    "EventType": "INFO",
    "Keywords": "662307396699289292",
    "RecordNumber": 352886,
    "ExecutionProcessID": 3264,
    "ExecutionThreadID": 9201,
    "UserID": "S-1-5-18",
    "AccountName": "SYSTEM"
} {
    "EventID": 4634,
    "SourceName": "Microsoft-Windows-Security-Auditing",
    "Channel": "Security",
    "Message": "An account was logged off.",
    "EventTime": "2025-03-27T04:41:06.011892Z",
    "Hostname": "PRETERA.corp.local",
    "Severity": "INFO",
    "SeverityValue": 2,
    "EventType": "INFO",
    "Keywords": "616236819245447082",
    "RecordNumber": 491359,
    "ExecutionProcessID": 8056,
    "ExecutionThreadID": 8591,
    "UserID": "S-1-5-18",
    "AccountName": "SYSTEM"
} {
    "EventID": 2010,
    "SourceName": "Microsoft-Windows-Windows Defender",
    "Channel": "Microsoft-Windows-Windows Defender/Operational",
    "Message": "Microsoft Defender updated security intelligence.",
    "EventTime": "2025-03-26T22:29:52.011898Z",
    "Hostname": "PRETERA.corp.local",
    "Severity": "INFO",
    "SeverityValue": 2,
    "EventType": "INFO",
    "Keywords": "281058509833197229",
    "RecordNumber": 109982,
    "ExecutionProcessID": 8821,
    "ExecutionThreadID": 4970,
    "UserID": "S-1-5-18",
    "AccountName": "SYSTEM"
} {
    "EventID": 2010,
    "SourceName": "Microsoft-Windows-Windows Defender",
    "Channel": "Microsoft-Windows-Windows Defender/Operational",
    "Message": "Microsoft Defender updated security intelligence.",
    "EventTime": "2025-03-26T17:11:32.011903Z",
    "Hostname": "PRETERA.corp.local",
    "Severity": "INFO",
    "SeverityValue": 2,
    "EventType": "INFO",
    "Keywords": "973013022488714299",
    "RecordNumber": 615981,
    "ExecutionProcessID": 9869,
    "ExecutionThreadID": 6169,
    "UserID": "S-1-5-18",
    "AccountName": "SYSTEM"
} {
    "EventID": 4624,
    "SourceName": "Microsoft-Windows-Security-Auditing",
    "Channel": "Security",
    "Message": "Successful logon.",
    "EventTime": "2025-03-26T16:16:16.011909Z",
    "Hostname": "PRETERA.corp.local",
    "Severity": "INFO",
    "SeverityValue": 2,
    "EventType": "INFO",
    "Keywords": "773633526287264563",
    "RecordNumber": 472227,
    "ExecutionProcessID": 2402,
    "ExecutionThreadID": 4785,
    "UserID": "S-1-5-18",
    "AccountName": "SYSTEM"
} {
    "EventID": 6,
    "SourceName": "Microsoft-Windows-FilterManager",
    "Channel": "System",
    "Message": "File System Filter successfully loaded.",
    "EventTime": "2025-03-27T08:35:15.011915Z",
    "Hostname": "PRETERA.corp.local",
    "Severity": "INFO",
    "SeverityValue": 2,
    "EventType": "INFO",
    "Keywords": "352315889232726994",
    "RecordNumber": 439082,
    "ExecutionProcessID": 9180,
    "ExecutionThreadID": 7213,
    "UserID": "S-1-5-18",
    "AccountName": "SYSTEM"
} {
    "EventID": 4634,
    "SourceName": "Microsoft-Windows-Security-Auditing",
    "Channel": "Security",
    "Message": "An account was logged off.",
    "EventTime": "2025-03-27T06:43:45.011921Z",
    "Hostname": "PRETERA.corp.local",
    "Severity": "INFO",
    "SeverityValue": 2,
    "EventType": "INFO",
    "Keywords": "382716807032382029",
    "RecordNumber": 566494,
    "ExecutionProcessID": 9483,
    "ExecutionThreadID": 2787,
    "UserID": "S-1-5-18",
    "AccountName": "SYSTEM"
} {
    "EventID": 4624,
    "SourceName": "Microsoft-Windows-Security-Auditing",
    "Channel": "Security",
    "Message": "Successful logon.",
    "EventTime": "2025-03-26T18:58:30.011926Z",
    "Hostname": "PRETERA.corp.local",
    "Severity": "INFO",
    "SeverityValue": 2,
    "EventType": "INFO",
    "Keywords": "627426082487561339",
    "RecordNumber": 477689,
    "ExecutionProcessID": 4325,
    "ExecutionThreadID": 4231,
    "UserID": "S-1-5-18",
    "AccountName": "SYSTEM"
} {
    "EventID": 4688,
    "SourceName": "Microsoft-Windows-Security-Auditing",
    "Channel": "Security",
    "Message": "A new process has been created.",
    "EventTime": "2025-03-27T04:05:59.011932Z",
    "Hostname": "PRETERA.corp.local",
    "Severity": "INFO",
    "SeverityValue": 2,
    "EventType": "INFO",
    "Keywords": "88586929378032758",
    "RecordNumber": 325786,
    "ExecutionProcessID": 7558,
    "ExecutionThreadID": 4017,
    "UserID": "S-1-5-18",
    "AccountName": "SYSTEM"
} {
    "EventID": 4634,
    "SourceName": "Microsoft-Windows-Security-Auditing",
    "Channel": "Security",
    "Message": "An account was logged off.",
    "EventTime": "2025-03-27T02:07:27.011938Z",
    "Hostname": "PRETERA.corp.local",
    "Severity": "INFO",
    "SeverityValue": 2,
    "EventType": "INFO",
    "Keywords": "939020064434269186",
    "RecordNumber": 785101,
    "ExecutionProcessID": 5180,
    "ExecutionThreadID": 2148,
    "UserID": "S-1-5-18",
    "AccountName": "SYSTEM"
} {
    "EventID": 4634,
    "SourceName": "Microsoft-Windows-Security-Auditing",
    "Channel": "Security",
    "Message": "An account was logged off.",
    "EventTime": "2025-03-26T17:52:41.011946Z",
    "Hostname": "PRETERA.corp.local",
    "Severity": "INFO",
    "SeverityValue": 2,
    "EventType": "INFO",
    "Keywords": "965159719280816693",
    "RecordNumber": 41965,
    "ExecutionProcessID": 3918,
    "ExecutionThreadID": 7175,
    "UserID": "S-1-5-18",
    "AccountName": "SYSTEM"
} {
    "EventID": 4801,
    "SourceName": "Microsoft-Windows-Security-Auditing",
    "Channel": "Security",
    "Message": "The workstation was unlocked.",
    "EventTime": "2025-03-27T07:41:21.011952Z",
    "Hostname": "PRETERA.corp.local",
    "Severity": "INFO",
    "SeverityValue": 2,
    "EventType": "INFO",
    "Keywords": "412467652467879939",
    "RecordNumber": 402954,
    "ExecutionProcessID": 3994,
    "ExecutionThreadID": 3126,
    "UserID": "S-1-5-18",
    "AccountName": "SYSTEM"
} {
    "EventID": 1040,
    "SourceName": "MsiInstaller",
    "Channel": "Application",
    "Message": "Windows Installer started a transaction.",
    "EventTime": "2025-03-26T13:50:08.011957Z",
    "Hostname": "PRETERA.corp.local",
    "Severity": "INFO",
    "SeverityValue": 2,
    "EventType": "INFO",
    "Keywords": "854996940665251443",
    "RecordNumber": 485926,
    "ExecutionProcessID": 9082,
    "ExecutionThreadID": 5485,
    "UserID": "S-1-5-18",
    "AccountName": "SYSTEM"
} {
    "EventID": 4624,
    "SourceName": "Microsoft-Windows-Security-Auditing",
    "Channel": "Security",
    "Message": "Successful logon.",
    "EventTime": "2025-03-27T07:57:10.011964Z",
    "Hostname": "PRETERA.corp.local",
    "Severity": "INFO",
    "SeverityValue": 2,
    "EventType": "INFO",
    "Keywords": "292610454649631392",
    "RecordNumber": 750758,
    "ExecutionProcessID": 1709,
    "ExecutionThreadID": 9447,
    "UserID": "S-1-5-18",
    "AccountName": "SYSTEM"
} {
    "EventID": 4801,
    "SourceName": "Microsoft-Windows-Security-Auditing",
    "Channel": "Security",
    "Message": "The workstation was unlocked.",
    "EventTime": "2025-03-27T07:48:41.011970Z",
    "Hostname": "PRETERA.corp.local",
    "Severity": "INFO",
    "SeverityValue": 2,
    "EventType": "INFO",
    "Keywords": "295224816010121238",
    "RecordNumber": 656768,
    "ExecutionProcessID": 1913,
    "ExecutionThreadID": 3003,
    "UserID": "S-1-5-18",
    "AccountName": "SYSTEM"
} {
    "EventID": 1040,
    "SourceName": "MsiInstaller",
    "Channel": "Application",
    "Message": "Windows Installer started a transaction.",
    "EventTime": "2025-03-27T04:42:34.011975Z",
    "Hostname": "PRETERA.corp.local",
    "Severity": "INFO",
    "SeverityValue": 2,
    "EventType": "INFO",
    "Keywords": "427313571366940877",
    "RecordNumber": 455500,
    "ExecutionProcessID": 4171,
    "ExecutionThreadID": 5359,
    "UserID": "S-1-5-18",
    "AccountName": "SYSTEM"
} {
    "EventID": 4624,
    "SourceName": "Microsoft-Windows-Security-Auditing",
    "Channel": "Security",
    "Message": "Successful logon.",
    "EventTime": "2025-03-26T16:58:30.011983Z",
    "Hostname": "PRETERA.corp.local",
    "Severity": "INFO",
    "SeverityValue": 2,
    "EventType": "INFO",
    "Keywords": "158565841950588039",
    "RecordNumber": 460497,
    "ExecutionProcessID": 5229,
    "ExecutionThreadID": 1058,
    "UserID": "S-1-5-18",
    "AccountName": "SYSTEM"
} {
    "EventID": 4801,
    "SourceName": "Microsoft-Windows-Security-Auditing",
    "Channel": "Security",
    "Message": "The workstation was unlocked.",
    "EventTime": "2025-03-26T09:59:42.011989Z",
    "Hostname": "PRETERA.corp.local",
    "Severity": "INFO",
    "SeverityValue": 2,
    "EventType": "INFO",
    "Keywords": "388856295826990869",
    "RecordNumber": 787447,
    "ExecutionProcessID": 1953,
    "ExecutionThreadID": 6977,
    "UserID": "S-1-5-18",
    "AccountName": "SYSTEM"
} {
    "EventID": 6,
    "SourceName": "Microsoft-Windows-FilterManager",
    "Channel": "System",
    "Message": "File System Filter successfully loaded.",
    "EventTime": "2025-03-27T07:15:28.011995Z",
    "Hostname": "PRETERA.corp.local",
    "Severity": "INFO",
    "SeverityValue": 2,
    "EventType": "INFO",
    "Keywords": "995049893039957700",
    "RecordNumber": 391924,
    "ExecutionProcessID": 4571,
    "ExecutionThreadID": 6597,
    "UserID": "S-1-5-18",
    "AccountName": "SYSTEM"
} {
    "EventID": 1040,
    "SourceName": "MsiInstaller",
    "Channel": "Application",
    "Message": "Windows Installer started a transaction.",
    "EventTime": "2025-03-26T19:13:16.012001Z",
    "Hostname": "PRETERA.corp.local",
    "Severity": "INFO",
    "SeverityValue": 2,
    "EventType": "INFO",
    "Keywords": "286490538573278662",
    "RecordNumber": 958383,
    "ExecutionProcessID": 9629,
    "ExecutionThreadID": 3543,
    "UserID": "S-1-5-18",
    "AccountName": "SYSTEM"
} {
    "EventID": 4634,
    "SourceName": "Microsoft-Windows-Security-Auditing",
    "Channel": "Security",
    "Message": "An account was logged off.",
    "EventTime": "2025-03-26T15:16:24.012009Z",
    "Hostname": "PRETERA.corp.local",
    "Severity": "INFO",
    "SeverityValue": 2,
    "EventType": "INFO",
    "Keywords": "861024521369343964",
    "RecordNumber": 774313,
    "ExecutionProcessID": 2376,
    "ExecutionThreadID": 8893,
    "UserID": "S-1-5-18",
    "AccountName": "SYSTEM"
} {
    "EventID": 4688,
    "SourceName": "Microsoft-Windows-Security-Auditing",
    "Channel": "Security",
    "Message": "A new process has been created.",
    "EventTime": "2025-03-26T19:49:43.012015Z",
    "Hostname": "PRETERA.corp.local",
    "Severity": "INFO",
    "SeverityValue": 2,
    "EventType": "INFO",
    "Keywords": "95207551753529967",
    "RecordNumber": 115983,
    "ExecutionProcessID": 2522,
    "ExecutionThreadID": 5778,
    "UserID": "S-1-5-18",
    "AccountName": "SYSTEM"
} {
    "EventID": 4801,
    "SourceName": "Microsoft-Windows-Security-Auditing",
    "Channel": "Security",
    "Message": "The workstation was unlocked.",
    "EventTime": "2025-03-26T19:31:30.012020Z",
    "Hostname": "PRETERA.corp.local",
    "Severity": "INFO",
    "SeverityValue": 2,
    "EventType": "INFO",
    "Keywords": "137203121124393050",
    "RecordNumber": 836567,
    "ExecutionProcessID": 4761,
    "ExecutionThreadID": 8685,
    "UserID": "S-1-5-18",
    "AccountName": "SYSTEM"
} {
    "EventID": 4634,
    "SourceName": "Microsoft-Windows-Security-Auditing",
    "Channel": "Security",
    "Message": "An account was logged off.",
    "EventTime": "2025-03-27T01:06:16.012026Z",
    "Hostname": "PRETERA.corp.local",
    "Severity": "INFO",
    "SeverityValue": 2,
    "EventType": "INFO",
    "Keywords": "358761503589963112",
    "RecordNumber": 566300,
    "ExecutionProcessID": 3599,
    "ExecutionThreadID": 1540,
    "UserID": "S-1-5-18",
    "AccountName": "SYSTEM"
} {
    "EventID": 2010,
    "SourceName": "Microsoft-Windows-Windows Defender",
    "Channel": "Microsoft-Windows-Windows Defender/Operational",
    "Message": "Microsoft Defender updated security intelligence.",
    "EventTime": "2025-03-27T01:01:08.012032Z",
    "Hostname": "PRETERA.corp.local",
    "Severity": "INFO",
    "SeverityValue": 2,
    "EventType": "INFO",
    "Keywords": "972888002838912113",
    "RecordNumber": 42874,
    "ExecutionProcessID": 4468,
    "ExecutionThreadID": 7963,
    "UserID": "S-1-5-18",
    "AccountName": "SYSTEM"
} {
    "EventID": 4801,
    "SourceName": "Microsoft-Windows-Security-Auditing",
    "Channel": "Security",
    "Message": "The workstation was unlocked.",
    "EventTime": "2025-03-27T01:12:59.012037Z",
    "Hostname": "PRETERA.corp.local",
    "Severity": "INFO",
    "SeverityValue": 2,
    "EventType": "INFO",
    "Keywords": "546039285511272116",
    "RecordNumber": 34009,
    "ExecutionProcessID": 5694,
    "ExecutionThreadID": 6770,
    "UserID": "S-1-5-18",
    "AccountName": "SYSTEM"
} {
    "EventID": 6,
    "SourceName": "Microsoft-Windows-FilterManager",
    "Channel": "System",
    "Message": "File System Filter successfully loaded.",
    "EventTime": "2025-03-27T01:45:15.012043Z",
    "Hostname": "PRETERA.corp.local",
    "Severity": "INFO",
    "SeverityValue": 2,
    "EventType": "INFO",
    "Keywords": "609482723048455160",
    "RecordNumber": 568543,
    "ExecutionProcessID": 8061,
    "ExecutionThreadID": 9835,
    "UserID": "S-1-5-18",
    "AccountName": "SYSTEM"
} {
    "EventID": 4801,
    "SourceName": "Microsoft-Windows-Security-Auditing",
    "Channel": "Security",
    "Message": "The workstation was unlocked.",
    "EventTime": "2025-03-27T07:53:59.012049Z",
    "Hostname": "PRETERA.corp.local",
    "Severity": "INFO",
    "SeverityValue": 2,
    "EventType": "INFO",
    "Keywords": "443505616128469814",
    "RecordNumber": 929218,
    "ExecutionProcessID": 7177,
    "ExecutionThreadID": 4965,
    "UserID": "S-1-5-18",
    "AccountName": "SYSTEM"
} {
    "EventID": 1040,
    "SourceName": "MsiInstaller",
    "Channel": "Application",
    "Message": "Windows Installer started a transaction.",
    "EventTime": "2025-03-27T02:36:29.012055Z",
    "Hostname": "PRETERA.corp.local",
    "Severity": "INFO",
    "SeverityValue": 2,
    "EventType": "INFO",
    "Keywords": "699333816469527863",
    "RecordNumber": 574422,
    "ExecutionProcessID": 2853,
    "ExecutionThreadID": 6871,
    "UserID": "S-1-5-18",
    "AccountName": "SYSTEM"
} {
    "EventID": 2010,
    "SourceName": "Microsoft-Windows-Windows Defender",
    "Channel": "Microsoft-Windows-Windows Defender/Operational",
    "Message": "Microsoft Defender updated security intelligence.",
    "EventTime": "2025-03-26T18:25:04.012060Z",
    "Hostname": "PRETERA.corp.local",
    "Severity": "INFO",
    "SeverityValue": 2,
    "EventType": "INFO",
    "Keywords": "721713125618290657",
    "RecordNumber": 801606,
    "ExecutionProcessID": 4173,
    "ExecutionThreadID": 3393,
    "UserID": "S-1-5-18",
    "AccountName": "SYSTEM"
} {
    "EventID": 4624,
    "SourceName": "Microsoft-Windows-Security-Auditing",
    "Channel": "Security",
    "Message": "Successful logon.",
    "EventTime": "2025-03-26T20:04:02.012068Z",
    "Hostname": "PRETERA.corp.local",
    "Severity": "INFO",
    "SeverityValue": 2,
    "EventType": "INFO",
    "Keywords": "719808161021298422",
    "RecordNumber": 464574,
    "ExecutionProcessID": 6908,
    "ExecutionThreadID": 4233,
    "UserID": "S-1-5-18",
    "AccountName": "SYSTEM"
} {
    "EventID": 4624,
    "SourceName": "Microsoft-Windows-Security-Auditing",
    "Channel": "Security",
    "Message": "Successful logon.",
    "EventTime": "2025-03-27T08:22:26.012074Z",
    "Hostname": "PRETERA.corp.local",
    "Severity": "INFO",
    "SeverityValue": 2,
    "EventType": "INFO",
    "Keywords": "722991417398211571",
    "RecordNumber": 882841,
    "ExecutionProcessID": 4444,
    "ExecutionThreadID": 7348,
    "UserID": "S-1-5-18",
    "AccountName": "SYSTEM"
} {
    "EventID": 4634,
    "SourceName": "Microsoft-Windows-Security-Auditing",
    "Channel": "Security",
    "Message": "An account was logged off.",
    "EventTime": "2025-03-26T14:17:58.012080Z",
    "Hostname": "PRETERA.corp.local",
    "Severity": "INFO",
    "SeverityValue": 2,
    "EventType": "INFO",
    "Keywords": "774907411880249521",
    "RecordNumber": 522257,
    "ExecutionProcessID": 1929,
    "ExecutionThreadID": 4031,
    "UserID": "S-1-5-18",
    "AccountName": "SYSTEM"
} {
    "EventID": 6,
    "SourceName": "Microsoft-Windows-FilterManager",
    "Channel": "System",
    "Message": "File System Filter successfully loaded.",
    "EventTime": "2025-03-26T15:52:30.012086Z",
    "Hostname": "PRETERA.corp.local",
    "Severity": "INFO",
    "SeverityValue": 2,
    "EventType": "INFO",
    "Keywords": "350798694715685623",
    "RecordNumber": 432587,
    "ExecutionProcessID": 8058,
    "ExecutionThreadID": 6529,
    "UserID": "S-1-5-18",
    "AccountName": "SYSTEM"
} {
    "EventID": 6,
    "SourceName": "Microsoft-Windows-FilterManager",
    "Channel": "System",
    "Message": "File System Filter successfully loaded.",
    "EventTime": "2025-03-26T18:36:03.012092Z",
    "Hostname": "PRETERA.corp.local",
    "Severity": "INFO",
    "SeverityValue": 2,
    "EventType": "INFO",
    "Keywords": "971241052012896984",
    "RecordNumber": 712401,
    "ExecutionProcessID": 8785,
    "ExecutionThreadID": 2819,
    "UserID": "S-1-5-18",
    "AccountName": "SYSTEM"
} {
    "EventID": 4688,
    "SourceName": "Microsoft-Windows-Security-Auditing",
    "Channel": "Security",
    "Message": "A new process has been created.",
    "EventTime": "2025-03-26T19:31:59.012098Z",
    "Hostname": "PRETERA.corp.local",
    "Severity": "INFO",
    "SeverityValue": 2,
    "EventType": "INFO",
    "Keywords": "882535495671124451",
    "RecordNumber": 264600,
    "ExecutionProcessID": 5853,
    "ExecutionThreadID": 6325,
    "UserID": "S-1-5-18",
    "AccountName": "SYSTEM"
} {
    "EventID": 4634,
    "SourceName": "Microsoft-Windows-Security-Auditing",
    "Channel": "Security",
    "Message": "An account was logged off.",
    "EventTime": "2025-03-26T14:35:48.012104Z",
    "Hostname": "PRETERA.corp.local",
    "Severity": "INFO",
    "SeverityValue": 2,
    "EventType": "INFO",
    "Keywords": "353811570672929663",
    "RecordNumber": 697822,
    "ExecutionProcessID": 7616,
    "ExecutionThreadID": 7285,
    "UserID": "S-1-5-18",
    "AccountName": "SYSTEM"
} {
    "EventID": 4624,
    "SourceName": "Microsoft-Windows-Security-Auditing",
    "Channel": "Security",
    "Message": "Successful logon.",
    "EventTime": "2025-03-27T03:02:39.012110Z",
    "Hostname": "PRETERA.corp.local",
    "Severity": "INFO",
    "SeverityValue": 2,
    "EventType": "INFO",
    "Keywords": "767257634562665641",
    "RecordNumber": 755521,
    "ExecutionProcessID": 1291,
    "ExecutionThreadID": 6226,
    "UserID": "S-1-5-18",
    "AccountName": "SYSTEM"
} {
    "EventID": 2010,
    "SourceName": "Microsoft-Windows-Windows Defender",
    "Channel": "Microsoft-Windows-Windows Defender/Operational",
    "Message": "Microsoft Defender updated security intelligence.",
    "EventTime": "2025-03-27T00:37:36.012116Z",
    "Hostname": "PRETERA.corp.local",
    "Severity": "INFO",
    "SeverityValue": 2,
    "EventType": "INFO",
    "Keywords": "516251445557296710",
    "RecordNumber": 582479,
    "ExecutionProcessID": 4319,
    "ExecutionThreadID": 6083,
    "UserID": "S-1-5-18",
    "AccountName": "SYSTEM"
} {
    "EventID": 4688,
    "SourceName": "Microsoft-Windows-Security-Auditing",
    "Channel": "Security",
    "Message": "A new process has been created.",
    "EventTime": "2025-03-26T13:33:09.012124Z",
    "Hostname": "PRETERA.corp.local",
    "Severity": "INFO",
    "SeverityValue": 2,
    "EventType": "INFO",
    "Keywords": "459513665977521760",
    "RecordNumber": 103043,
    "ExecutionProcessID": 6485,
    "ExecutionThreadID": 2667,
    "UserID": "S-1-5-18",
    "AccountName": "SYSTEM"
} {
    "EventID": 2010,
    "SourceName": "Microsoft-Windows-Windows Defender",
    "Channel": "Microsoft-Windows-Windows Defender/Operational",
    "Message": "Microsoft Defender updated security intelligence.",
    "EventTime": "2025-03-27T01:28:04.012132Z",
    "Hostname": "PRETERA.corp.local",
    "Severity": "INFO",
    "SeverityValue": 2,
    "EventType": "INFO",
    "Keywords": "745323724309779490",
    "RecordNumber": 363287,
    "ExecutionProcessID": 9781,
    "ExecutionThreadID": 4922,
    "UserID": "S-1-5-18",
    "AccountName": "SYSTEM"
} {
    "EventID": 1040,
    "SourceName": "MsiInstaller",
    "Channel": "Application",
    "Message": "Windows Installer started a transaction.",
    "EventTime": "2025-03-26T10:05:44.012138Z",
    "Hostname": "PRETERA.corp.local",
    "Severity": "INFO",
    "SeverityValue": 2,
    "EventType": "INFO",
    "Keywords": "91296235261948898",
    "RecordNumber": 525147,
    "ExecutionProcessID": 3231,
    "ExecutionThreadID": 1383,
    "UserID": "S-1-5-18",
    "AccountName": "SYSTEM"
} {
    "EventID": 4624,
    "SourceName": "Microsoft-Windows-Security-Auditing",
    "Channel": "Security",
    "Message": "Successful logon.",
    "EventTime": "2025-03-26T14:45:26.012144Z",
    "Hostname": "PRETERA.corp.local",
    "Severity": "INFO",
    "SeverityValue": 2,
    "EventType": "INFO",
    "Keywords": "813728277489587341",
    "RecordNumber": 493626,
    "ExecutionProcessID": 4999,
    "ExecutionThreadID": 6172,
    "UserID": "S-1-5-18",
    "AccountName": "SYSTEM"
} {
    "EventID": 4634,
    "SourceName": "Microsoft-Windows-Security-Auditing",
    "Channel": "Security",
    "Message": "An account was logged off.",
    "EventTime": "2025-03-26T23:16:41.012150Z",
    "Hostname": "PRETERA.corp.local",
    "Severity": "INFO",
    "SeverityValue": 2,
    "EventType": "INFO",
    "Keywords": "756990417138099744",
    "RecordNumber": 261171,
    "ExecutionProcessID": 8858,
    "ExecutionThreadID": 8341,
    "UserID": "S-1-5-18",
    "AccountName": "SYSTEM"
} {
    "EventID": 2010,
    "SourceName": "Microsoft-Windows-Windows Defender",
    "Channel": "Microsoft-Windows-Windows Defender/Operational",
    "Message": "Microsoft Defender updated security intelligence.",
    "EventTime": "2025-03-26T18:56:45.012156Z",
    "Hostname": "PRETERA.corp.local",
    "Severity": "INFO",
    "SeverityValue": 2,
    "EventType": "INFO",
    "Keywords": "131289594804115853",
    "RecordNumber": 80478,
    "ExecutionProcessID": 3294,
    "ExecutionThreadID": 8746,
    "UserID": "S-1-5-18",
    "AccountName": "SYSTEM"
} {
    "EventID": 4624,
    "SourceName": "Microsoft-Windows-Security-Auditing",
    "Channel": "Security",
    "Message": "Successful logon.",
    "EventTime": "2025-03-26T21:39:26.012162Z",
    "Hostname": "PRETERA.corp.local",
    "Severity": "INFO",
    "SeverityValue": 2,
    "EventType": "INFO",
    "Keywords": "940378067783826459",
    "RecordNumber": 298123,
    "ExecutionProcessID": 8522,
    "ExecutionThreadID": 7420,
    "UserID": "S-1-5-18",
    "AccountName": "SYSTEM"
} {
    "EventID": 4688,
    "SourceName": "Microsoft-Windows-Security-Auditing",
    "Channel": "Security",
    "Message": "A new process has been created.",
    "EventTime": "2025-03-26T14:14:50.012184Z",
    "Hostname": "PRETERA.corp.local",
    "Severity": "INFO",
    "SeverityValue": 2,
    "EventType": "INFO",
    "Keywords": "783466953632258831",
    "RecordNumber": 588856,
    "ExecutionProcessID": 9553,
    "ExecutionThreadID": 2198,
    "UserID": "S-1-5-18",
    "AccountName": "SYSTEM"
} {
    "EventID": 1040,
    "SourceName": "MsiInstaller",
    "Channel": "Application",
    "Message": "Windows Installer started a transaction.",
    "EventTime": "2025-03-26T19:16:32.012190Z",
    "Hostname": "PRETERA.corp.local",
    "Severity": "INFO",
    "SeverityValue": 2,
    "EventType": "INFO",
    "Keywords": "838722563941840994",
    "RecordNumber": 533507,
    "ExecutionProcessID": 7845,
    "ExecutionThreadID": 4775,
    "UserID": "S-1-5-18",
    "AccountName": "SYSTEM"
} {
    "EventID": 4634,
    "SourceName": "Microsoft-Windows-Security-Auditing",
    "Channel": "Security",
    "Message": "An account was logged off.",
    "EventTime": "2025-03-26T16:37:15.012198Z",
    "Hostname": "PRETERA.corp.local",
    "Severity": "INFO",
    "SeverityValue": 2,
    "EventType": "INFO",
    "Keywords": "865924771279184289",
    "RecordNumber": 866071,
    "ExecutionProcessID": 1304,
    "ExecutionThreadID": 3553,
    "UserID": "S-1-5-18",
    "AccountName": "SYSTEM"
} {
    "EventID": 6,
    "SourceName": "Microsoft-Windows-FilterManager",
    "Channel": "System",
    "Message": "File System Filter successfully loaded.",
    "EventTime": "2025-03-26T17:47:31.012204Z",
    "Hostname": "PRETERA.corp.local",
    "Severity": "INFO",
    "SeverityValue": 2,
    "EventType": "INFO",
    "Keywords": "678653147308344047",
    "RecordNumber": 199822,
    "ExecutionProcessID": 2310,
    "ExecutionThreadID": 7211,
    "UserID": "S-1-5-18",
    "AccountName": "SYSTEM"
} {
    "EventID": 6,
    "SourceName": "Microsoft-Windows-FilterManager",
    "Channel": "System",
    "Message": "File System Filter successfully loaded.",
    "EventTime": "2025-03-27T07:04:59.012213Z",
    "Hostname": "PRETERA.corp.local",
    "Severity": "INFO",
    "SeverityValue": 2,
    "EventType": "INFO",
    "Keywords": "74068573922703344",
    "RecordNumber": 920175,
    "ExecutionProcessID": 9668,
    "ExecutionThreadID": 7369,
    "UserID": "S-1-5-18",
    "AccountName": "SYSTEM"
} {
    "EventID": 2010,
    "SourceName": "Microsoft-Windows-Windows Defender",
    "Channel": "Microsoft-Windows-Windows Defender/Operational",
    "Message": "Microsoft Defender updated security intelligence.",
    "EventTime": "2025-03-26T20:25:40.012219Z",
    "Hostname": "PRETERA.corp.local",
    "Severity": "INFO",
    "SeverityValue": 2,
    "EventType": "INFO",
    "Keywords": "478203515871039841",
    "RecordNumber": 342374,
    "ExecutionProcessID": 8716,
    "ExecutionThreadID": 4307,
    "UserID": "S-1-5-18",
    "AccountName": "SYSTEM"
} {
    "EventID": 6,
    "SourceName": "Microsoft-Windows-FilterManager",
    "Channel": "System",
    "Message": "File System Filter successfully loaded.",
    "EventTime": "2025-03-27T07:47:21.012225Z",
    "Hostname": "PRETERA.corp.local",
    "Severity": "INFO",
    "SeverityValue": 2,
    "EventType": "INFO",
    "Keywords": "116337630672256453",
    "RecordNumber": 359293,
    "ExecutionProcessID": 1360,
    "ExecutionThreadID": 2874,
    "UserID": "S-1-5-18",
    "AccountName": "SYSTEM"
} {
    "EventID": 1040,
    "SourceName": "MsiInstaller",
    "Channel": "Application",
    "Message": "Windows Installer started a transaction.",
    "EventTime": "2025-03-27T01:27:07.012231Z",
    "Hostname": "PRETERA.corp.local",
    "Severity": "INFO",
    "SeverityValue": 2,
    "EventType": "INFO",
    "Keywords": "349056586808013377",
    "RecordNumber": 477220,
    "ExecutionProcessID": 4509,
    "ExecutionThreadID": 4510,
    "UserID": "S-1-5-18",
    "AccountName": "SYSTEM"
} {
    "EventID": 4624,
    "SourceName": "Microsoft-Windows-Security-Auditing",
    "Channel": "Security",
    "Message": "Successful logon.",
    "EventTime": "2025-03-26T23:25:55.012237Z",
    "Hostname": "PRETERA.corp.local",
    "Severity": "INFO",
    "SeverityValue": 2,
    "EventType": "INFO",
    "Keywords": "483367892228419925",
    "RecordNumber": 365753,
    "ExecutionProcessID": 1439,
    "ExecutionThreadID": 6257,
    "UserID": "S-1-5-18",
    "AccountName": "SYSTEM"
} {
    "EventID": 6,
    "SourceName": "Microsoft-Windows-FilterManager",
    "Channel": "System",
    "Message": "File System Filter successfully loaded.",
    "EventTime": "2025-03-26T09:56:44.012243Z",
    "Hostname": "PRETERA.corp.local",
    "Severity": "INFO",
    "SeverityValue": 2,
    "EventType": "INFO",
    "Keywords": "380196402371540111",
    "RecordNumber": 432009,
    "ExecutionProcessID": 2624,
    "ExecutionThreadID": 1181,
    "UserID": "S-1-5-18",
    "AccountName": "SYSTEM"
} {
    "EventID": 4634,
    "SourceName": "Microsoft-Windows-Security-Auditing",
    "Channel": "Security",
    "Message": "An account was logged off.",
    "EventTime": "2025-03-26T13:19:15.012249Z",
    "Hostname": "PRETERA.corp.local",
    "Severity": "INFO",
    "SeverityValue": 2,
    "EventType": "INFO",
    "Keywords": "62462948243951117",
    "RecordNumber": 710710,
    "ExecutionProcessID": 3799,
    "ExecutionThreadID": 4537,
    "UserID": "S-1-5-18",
    "AccountName": "SYSTEM"
} {
    "EventID": 1040,
    "SourceName": "MsiInstaller",
    "Channel": "Application",
    "Message": "Windows Installer started a transaction.",
    "EventTime": "2025-03-26T16:31:20.012255Z",
    "Hostname": "PRETERA.corp.local",
    "Severity": "INFO",
    "SeverityValue": 2,
    "EventType": "INFO",
    "Keywords": "441462171758514630",
    "RecordNumber": 647381,
    "ExecutionProcessID": 2285,
    "ExecutionThreadID": 1541,
    "UserID": "S-1-5-18",
    "AccountName": "SYSTEM"
} {
    "EventID": 4688,
    "SourceName": "Microsoft-Windows-Security-Auditing",
    "Channel": "Security",
    "Message": "A new process has been created.",
    "EventTime": "2025-03-26T20:12:15.012261Z",
    "Hostname": "PRETERA.corp.local",
    "Severity": "INFO",
    "SeverityValue": 2,
    "EventType": "INFO",
    "Keywords": "254022070587243618",
    "RecordNumber": 508130,
    "ExecutionProcessID": 4260,
    "ExecutionThreadID": 6339,
    "UserID": "S-1-5-18",
    "AccountName": "SYSTEM"
} {
    "EventID": 4634,
    "SourceName": "Microsoft-Windows-Security-Auditing",
    "Channel": "Security",
    "Message": "An account was logged off.",
    "EventTime": "2025-03-27T01:51:58.012267Z",
    "Hostname": "PRETERA.corp.local",
    "Severity": "INFO",
    "SeverityValue": 2,
    "EventType": "INFO",
    "Keywords": "302407554839721085",
    "RecordNumber": 737858,
    "ExecutionProcessID": 3161,
    "ExecutionThreadID": 1427,
    "UserID": "S-1-5-18",
    "AccountName": "SYSTEM"
} {
    "EventID": 4634,
    "SourceName": "Microsoft-Windows-Security-Auditing",
    "Channel": "Security",
    "Message": "An account was logged off.",
    "EventTime": "2025-03-27T07:33:50.012275Z",
    "Hostname": "PRETERA.corp.local",
    "Severity": "INFO",
    "SeverityValue": 2,
    "EventType": "INFO",
    "Keywords": "272031617563646067",
    "RecordNumber": 360988,
    "ExecutionProcessID": 2405,
    "ExecutionThreadID": 5673,
    "UserID": "S-1-5-18",
    "AccountName": "SYSTEM"
} {
    "EventID": 4624,
    "SourceName": "Microsoft-Windows-Security-Auditing",
    "Channel": "Security",
    "Message": "Successful logon.",
    "EventTime": "2025-03-26T20:41:29.012282Z",
    "Hostname": "PRETERA.corp.local",
    "Severity": "INFO",
    "SeverityValue": 2,
    "EventType": "INFO",
    "Keywords": "94244296353321048",
    "RecordNumber": 876715,
    "ExecutionProcessID": 6822,
    "ExecutionThreadID": 5644,
    "UserID": "S-1-5-18",
    "AccountName": "SYSTEM"
} {
    "EventID": 4634,
    "SourceName": "Microsoft-Windows-Security-Auditing",
    "Channel": "Security",
    "Message": "An account was logged off.",
    "EventTime": "2025-03-27T06:39:50.012288Z",
    "Hostname": "PRETERA.corp.local",
    "Severity": "INFO",
    "SeverityValue": 2,
    "EventType": "INFO",
    "Keywords": "179944379335989700",
    "RecordNumber": 366325,
    "ExecutionProcessID": 4507,
    "ExecutionThreadID": 2498,
    "UserID": "S-1-5-18",
    "AccountName": "SYSTEM"
} {
    "EventID": 4688,
    "SourceName": "Microsoft-Windows-Security-Auditing",
    "Channel": "Security",
    "Message": "A new process has been created.",
    "EventTime": "2025-03-26T18:15:46.012294Z",
    "Hostname": "PRETERA.corp.local",
    "Severity": "INFO",
    "SeverityValue": 2,
    "EventType": "INFO",
    "Keywords": "837526457262903355",
    "RecordNumber": 781650,
    "ExecutionProcessID": 6218,
    "ExecutionThreadID": 3256,
    "UserID": "S-1-5-18",
    "AccountName": "SYSTEM"
} {
    "EventID": 4688,
    "SourceName": "Microsoft-Windows-Security-Auditing",
    "Channel": "Security",
    "Message": "A new process has been created.",
    "EventTime": "2025-03-27T09:13:15.012300Z",
    "Hostname": "PRETERA.corp.local",
    "Severity": "INFO",
    "SeverityValue": 2,
    "EventType": "INFO",
    "Keywords": "552600647505133541",
    "RecordNumber": 410398,
    "ExecutionProcessID": 7913,
    "ExecutionThreadID": 6818,
    "UserID": "S-1-5-18",
    "AccountName": "SYSTEM"
} {
    "EventID": 4624,
    "SourceName": "Microsoft-Windows-Security-Auditing",
    "Channel": "Security",
    "Message": "Successful logon.",
    "EventTime": "2025-03-26T15:41:23.012306Z",
    "Hostname": "PRETERA.corp.local",
    "Severity": "INFO",
    "SeverityValue": 2,
    "EventType": "INFO",
    "Keywords": "762021129480046617",
    "RecordNumber": 48380,
    "ExecutionProcessID": 6994,
    "ExecutionThreadID": 6144,
    "UserID": "S-1-5-18",
    "AccountName": "SYSTEM"
} {
    "EventID": 6,
    "SourceName": "Microsoft-Windows-FilterManager",
    "Channel": "System",
    "Message": "File System Filter successfully loaded.",
    "EventTime": "2025-03-27T02:34:16.012312Z",
    "Hostname": "PRETERA.corp.local",
    "Severity": "INFO",
    "SeverityValue": 2,
    "EventType": "INFO",
    "Keywords": "714765577064652851",
    "RecordNumber": 370981,
    "ExecutionProcessID": 2713,
    "ExecutionThreadID": 7555,
    "UserID": "S-1-5-18",
    "AccountName": "SYSTEM"
} {
    "EventID": 4688,
    "SourceName": "Microsoft-Windows-Security-Auditing",
    "Channel": "Security",
    "Message": "A new process has been created.",
    "EventTime": "2025-03-26T13:00:22.012318Z",
    "Hostname": "PRETERA.corp.local",
    "Severity": "INFO",
    "SeverityValue": 2,
    "EventType": "INFO",
    "Keywords": "494899665943689326",
    "RecordNumber": 588254,
    "ExecutionProcessID": 8300,
    "ExecutionThreadID": 3473,
    "UserID": "S-1-5-18",
    "AccountName": "SYSTEM"
} {
    "EventID": 1040,
    "SourceName": "MsiInstaller",
    "Channel": "Application",
    "Message": "Windows Installer started a transaction.",
    "EventTime": "2025-03-26T15:23:25.012324Z",
    "Hostname": "PRETERA.corp.local",
    "Severity": "INFO",
    "SeverityValue": 2,
    "EventType": "INFO",
    "Keywords": "554323861650617428",
    "RecordNumber": 337987,
    "ExecutionProcessID": 6994,
    "ExecutionThreadID": 2046,
    "UserID": "S-1-5-18",
    "AccountName": "SYSTEM"
} {
    "EventID": 4624,
    "SourceName": "Microsoft-Windows-Security-Auditing",
    "Channel": "Security",
    "Message": "Successful logon.",
    "EventTime": "2025-03-26T19:47:10.012330Z",
    "Hostname": "PRETERA.corp.local",
    "Severity": "INFO",
    "SeverityValue": 2,
    "EventType": "INFO",
    "Keywords": "42855230901719827",
    "RecordNumber": 964436,
    "ExecutionProcessID": 4377,
    "ExecutionThreadID": 1675,
    "UserID": "S-1-5-18",
    "AccountName": "SYSTEM"
} {
    "EventID": 1040,
    "SourceName": "MsiInstaller",
    "Channel": "Application",
    "Message": "Windows Installer started a transaction.",
    "EventTime": "2025-03-27T01:15:18.012338Z",
    "Hostname": "PRETERA.corp.local",
    "Severity": "INFO",
    "SeverityValue": 2,
    "EventType": "INFO",
    "Keywords": "956889535263592437",
    "RecordNumber": 546946,
    "ExecutionProcessID": 3785,
    "ExecutionThreadID": 5005,
    "UserID": "S-1-5-18",
    "AccountName": "SYSTEM"
} {
    "EventID": 6,
    "SourceName": "Microsoft-Windows-FilterManager",
    "Channel": "System",
    "Message": "File System Filter successfully loaded.",
    "EventTime": "2025-03-27T05:20:25.012345Z",
    "Hostname": "PRETERA.corp.local",
    "Severity": "INFO",
    "SeverityValue": 2,
    "EventType": "INFO",
    "Keywords": "135750858701954660",
    "RecordNumber": 906218,
    "ExecutionProcessID": 3687,
    "ExecutionThreadID": 5268,
    "UserID": "S-1-5-18",
    "AccountName": "SYSTEM"
} {
    "EventID": 1040,
    "SourceName": "MsiInstaller",
    "Channel": "Application",
    "Message": "Windows Installer started a transaction.",
    "EventTime": "2025-03-27T06:29:57.012351Z",
    "Hostname": "PRETERA.corp.local",
    "Severity": "INFO",
    "SeverityValue": 2,
    "EventType": "INFO",
    "Keywords": "982498992747452205",
    "RecordNumber": 155393,
    "ExecutionProcessID": 6334,
    "ExecutionThreadID": 7539,
    "UserID": "S-1-5-18",
    "AccountName": "SYSTEM"
} {
    "EventID": 4801,
    "SourceName": "Microsoft-Windows-Security-Auditing",
    "Channel": "Security",
    "Message": "The workstation was unlocked.",
    "EventTime": "2025-03-26T10:49:15.012357Z",
    "Hostname": "PRETERA.corp.local",
    "Severity": "INFO",
    "SeverityValue": 2,
    "EventType": "INFO",
    "Keywords": "469094597992686351",
    "RecordNumber": 549901,
    "ExecutionProcessID": 5860,
    "ExecutionThreadID": 1192,
    "UserID": "S-1-5-18",
    "AccountName": "SYSTEM"
} {
    "EventID": 4688,
    "SourceName": "Microsoft-Windows-Security-Auditing",
    "Channel": "Security",
    "Message": "A new process has been created.",
    "EventTime": "2025-03-26T15:55:18.012362Z",
    "Hostname": "PRETERA.corp.local",
    "Severity": "INFO",
    "SeverityValue": 2,
    "EventType": "INFO",
    "Keywords": "386967134274287010",
    "RecordNumber": 220099,
    "ExecutionProcessID": 9582,
    "ExecutionThreadID": 3205,
    "UserID": "S-1-5-18",
    "AccountName": "SYSTEM"
} {
    "EventID": 4624,
    "SourceName": "Microsoft-Windows-Security-Auditing",
    "Channel": "Security",
    "Message": "Successful logon.",
    "EventTime": "2025-03-27T08:18:32.012369Z",
    "Hostname": "PRETERA.corp.local",
    "Severity": "INFO",
    "SeverityValue": 2,
    "EventType": "INFO",
    "Keywords": "415274049259131866",
    "RecordNumber": 978036,
    "ExecutionProcessID": 5306,
    "ExecutionThreadID": 6154,
    "UserID": "S-1-5-18",
    "AccountName": "SYSTEM"
} {
    "EventID": 4624,
    "SourceName": "Microsoft-Windows-Security-Auditing",
    "Channel": "Security",
    "Message": "Successful logon.",
    "EventTime": "2025-03-27T06:56:36.012375Z",
    "Hostname": "PRETERA.corp.local",
    "Severity": "INFO",
    "SeverityValue": 2,
    "EventType": "INFO",
    "Keywords": "136418939738473897",
    "RecordNumber": 24130,
    "ExecutionProcessID": 1702,
    "ExecutionThreadID": 2074,
    "UserID": "S-1-5-18",
    "AccountName": "SYSTEM"
} {
    "EventID": 4688,
    "SourceName": "Microsoft-Windows-Security-Auditing",
    "Channel": "Security",
    "Message": "A new process has been created.",
    "EventTime": "2025-03-27T05:30:25.012380Z",
    "Hostname": "PRETERA.corp.local",
    "Severity": "INFO",
    "SeverityValue": 2,
    "EventType": "INFO",
    "Keywords": "428170822467553391",
    "RecordNumber": 549579,
    "ExecutionProcessID": 8695,
    "ExecutionThreadID": 4911,
    "UserID": "S-1-5-18",
    "AccountName": "SYSTEM"
} {
    "EventID": 4634,
    "SourceName": "Microsoft-Windows-Security-Auditing",
    "Channel": "Security",
    "Message": "An account was logged off.",
    "EventTime": "2025-03-27T06:26:33.012386Z",
    "Hostname": "PRETERA.corp.local",
    "Severity": "INFO",
    "SeverityValue": 2,
    "EventType": "INFO",
    "Keywords": "548875242796915493",
    "RecordNumber": 593124,
    "ExecutionProcessID": 3516,
    "ExecutionThreadID": 3353,
    "UserID": "S-1-5-18",
    "AccountName": "SYSTEM"
} 