{
    "EventID": 2010,
    "SourceName": "Microsoft-Windows-Windows Defender",
    "Channel": "Microsoft-Windows-Windows Defender/Operational",
    "Message": "Microsoft Defender updated security intelligence.",
    "EventTime": "2025-03-26T16:12:51.013024Z",
    "Hostname": "PRETERA.corp.local",
    "Severity": "INFO",
    "SeverityValue": 2,
    "EventType": "INFO",
    "Keywords": "910745241407347624",
    "RecordNumber": 407267,
    "ExecutionProcessID": 6961,
    "ExecutionThreadID": 2473,
    "UserID": "S-1-5-18",
    "AccountName": "SYSTEM"
} {
    "EventID": 4801,
    "SourceName": "Microsoft-Windows-Security-Auditing",
    "Channel": "Security",
    "Message": "The workstation was unlocked.",
    "EventTime": "2025-03-27T06:10:21.013035Z",
    "Hostname": "PRETERA.corp.local",
    "Severity": "INFO",
    "SeverityValue": 2,
    "EventType": "INFO",
    "Keywords": "620363376315853872",
    "RecordNumber": 49552,
    "ExecutionProcessID": 2716,
    "ExecutionThreadID": 4924,
    "UserID": "S-1-5-18",
    "AccountName": "SYSTEM"
} {
    "EventID": 4688,
    "SourceName": "Microsoft-Windows-Security-Auditing",
    "Channel": "Security",
    "Message": "A new process has been created.",
    "EventTime": "2025-03-26T22:27:00.013041Z",
    "Hostname": "PRETERA.corp.local",
    "Severity": "INFO",
    "SeverityValue": 2,
    "EventType": "INFO",
    "Keywords": "349610971064307145",
    "RecordNumber": 9629,
    "ExecutionProcessID": 6559,
    "ExecutionThreadID": 1409,
    "UserID": "S-1-5-18",
    "AccountName": "SYSTEM"
} {
    "EventID": 6,
    "SourceName": "Microsoft-Windows-FilterManager",
    "Channel": "System",
    "Message": "File System Filter successfully loaded.",
    "EventTime": "2025-03-27T08:31:21.013047Z",
    "Hostname": "PRETERA.corp.local",
    "Severity": "INFO",
    "SeverityValue": 2,
    "EventType": "INFO",
    "Keywords": "293262624599024185",
    "RecordNumber": 947273,
    "ExecutionProcessID": 5243,
    "ExecutionThreadID": 6162,
    "UserID": "S-1-5-18",
    "AccountName": "SYSTEM"
} {
    "EventID": 1040,
    "SourceName": "MsiInstaller",
    "Channel": "Application",
    "Message": "Windows Installer started a transaction.",
    "EventTime": "2025-03-26T20:38:23.013053Z",
    "Hostname": "PRETERA.corp.local",
    "Severity": "INFO",
    "SeverityValue": 2,
    "EventType": "INFO",
    "Keywords": "366492547751302165",
    "RecordNumber": 500514,
    "ExecutionProcessID": 9850,
    "ExecutionThreadID": 4677,
    "UserID": "S-1-5-18",
    "AccountName": "SYSTEM"
} {
    "EventID": 6,
    "SourceName": "Microsoft-Windows-FilterManager",
    "Channel": "System",
    "Message": "File System Filter successfully loaded.",
    "EventTime": "2025-03-26T09:26:13.013061Z",
    "Hostname": "PRETERA.corp.local",
    "Severity": "INFO",
    "SeverityValue": 2,
    "EventType": "INFO",
    "Keywords": "48297685164268870",
    "RecordNumber": 118683,
    "ExecutionProcessID": 1771,
    "ExecutionThreadID": 8245,
    "UserID": "S-1-5-18",
    "AccountName": "SYSTEM"
} {
    "EventID": 1040,
    "SourceName": "MsiInstaller",
    "Channel": "Application",
    "Message": "Windows Installer started a transaction.",
    "EventTime": "2025-03-26T14:52:24.013067Z",
    "Hostname": "PRETERA.corp.local",
    "Severity": "INFO",
    "SeverityValue": 2,
    "EventType": "INFO",
    "Keywords": "765454732840245505",
    "RecordNumber": 154044,
    "ExecutionProcessID": 3544,
    "ExecutionThreadID": 8525,
    "UserID": "S-1-5-18",
    "AccountName": "SYSTEM"
} {
    "EventID": 4688,
    "SourceName": "Microsoft-Windows-Security-Auditing",
    "Channel": "Security",
    "Message": "A new process has been created.",
    "EventTime": "2025-03-27T08:18:13.013073Z",
    "Hostname": "PRETERA.corp.local",
    "Severity": "INFO",
    "SeverityValue": 2,
    "EventType": "INFO",
    "Keywords": "452468360642617646",
    "RecordNumber": 352993,
    "ExecutionProcessID": 2880,
    "ExecutionThreadID": 8289,
    "UserID": "S-1-5-18",
    "AccountName": "SYSTEM"
} {
    "EventID": 4634,
    "SourceName": "Microsoft-Windows-Security-Auditing",
    "Channel": "Security",
    "Message": "An account was logged off.",
    "EventTime": "2025-03-27T06:15:33.013079Z",
    "Hostname": "PRETERA.corp.local",
    "Severity": "INFO",
    "SeverityValue": 2,
    "EventType": "INFO",
    "Keywords": "761362830235331506",
    "RecordNumber": 153361,
    "ExecutionProcessID": 9715,
    "ExecutionThreadID": 6009,
    "UserID": "S-1-5-18",
    "AccountName": "SYSTEM"
} {
    "EventID": 1040,
    "SourceName": "MsiInstaller",
    "Channel": "Application",
    "Message": "Windows Installer started a transaction.",
    "EventTime": "2025-03-27T08:10:19.013085Z",
    "Hostname": "PRETERA.corp.local",
    "Severity": "INFO",
    "SeverityValue": 2,
    "EventType": "INFO",
    "Keywords": "829552221842212280",
    "RecordNumber": 383537,
    "ExecutionProcessID": 5295,
    "ExecutionThreadID": 6434,
    "UserID": "S-1-5-18",
    "AccountName": "SYSTEM"
} {
    "EventID": 1040,
    "SourceName": "MsiInstaller",
    "Channel": "Application",
    "Message": "Windows Installer started a transaction.",
    "EventTime": "2025-03-26T16:48:28.013091Z",
    "Hostname": "PRETERA.corp.local",
    "Severity": "INFO",
    "SeverityValue": 2,
    "EventType": "INFO",
    "Keywords": "915938399281240256",
    "RecordNumber": 318923,
    "ExecutionProcessID": 7617,
    "ExecutionThreadID": 8533,
    "UserID": "S-1-5-18",
    "AccountName": "SYSTEM"
} {
    "EventID": 4801,
    "SourceName": "Microsoft-Windows-Security-Auditing",
    "Channel": "Security",
    "Message": "The workstation was unlocked.",
    "EventTime": "2025-03-27T02:10:58.013097Z",
    "Hostname": "PRETERA.corp.local",
    "Severity": "INFO",
    "SeverityValue": 2,
    "EventType": "INFO",
    "Keywords": "272247332853501968",
    "RecordNumber": 940758,
    "ExecutionProcessID": 4267,
    "ExecutionThreadID": 7493,
    "UserID": "S-1-5-18",
    "AccountName": "SYSTEM"
} {
    "EventID": 2010,
    "SourceName": "Microsoft-Windows-Windows Defender",
    "Channel": "Microsoft-Windows-Windows Defender/Operational",
    "Message": "Microsoft Defender updated security intelligence.",
    "EventTime": "2025-03-26T09:57:21.013103Z",
    "Hostname": "PRETERA.corp.local",
    "Severity": "INFO",
    "SeverityValue": 2,
    "EventType": "INFO",
    "Keywords": "504305721924219166",
    "RecordNumber": 868650,
    "ExecutionProcessID": 1799,
    "ExecutionThreadID": 8930,
    "UserID": "S-1-5-18",
    "AccountName": "SYSTEM"
} {
    "EventID": 4688,
    "SourceName": "Microsoft-Windows-Security-Auditing",
    "Channel": "Security",
    "Message": "A new process has been created.",
    "EventTime": "2025-03-26T17:18:21.013109Z",
    "Hostname": "PRETERA.corp.local",
    "Severity": "INFO",
    "SeverityValue": 2,
    "EventType": "INFO",
    "Keywords": "412343511370656154",
    "RecordNumber": 412587,
    "ExecutionProcessID": 4747,
    "ExecutionThreadID": 8665,
    "UserID": "S-1-5-18",
    "AccountName": "SYSTEM"
} {
    "EventID": 2010,
    "SourceName": "Microsoft-Windows-Windows Defender",
    "Channel": "Microsoft-Windows-Windows Defender/Operational",
    "Message": "Microsoft Defender updated security intelligence.",
    "EventTime": "2025-03-26T18:42:01.013115Z",
    "Hostname": "PRETERA.corp.local",
    "Severity": "INFO",
    "SeverityValue": 2,
    "EventType": "INFO",
    "Keywords": "293092320277869949",
    "RecordNumber": 178390,
    "ExecutionProcessID": 7384,
    "ExecutionThreadID": 7299,
    "UserID": "S-1-5-18",
    "AccountName": "SYSTEM"
} {
    "EventID": 1040,
    "SourceName": "MsiInstaller",
    "Channel": "Application",
    "Message": "Windows Installer started a transaction.",
    "EventTime": "2025-03-27T06:05:57.013123Z",
    "Hostname": "PRETERA.corp.local",
    "Severity": "INFO",
    "SeverityValue": 2,
    "EventType": "INFO",
    "Keywords": "478384128193392573",
    "RecordNumber": 162544,
    "ExecutionProcessID": 1632,
    "ExecutionThreadID": 9817,
    "UserID": "S-1-5-18",
    "AccountName": "SYSTEM"
} {
    "EventID": 4624,
    "SourceName": "Microsoft-Windows-Security-Auditing",
    "Channel": "Security",
    "Message": "Successful logon.",
    "EventTime": "2025-03-27T03:04:15.013130Z",
    "Hostname": "PRETERA.corp.local",
    "Severity": "INFO",
    "SeverityValue": 2,
    "EventType": "INFO",
    "Keywords": "195790131765527308",
    "RecordNumber": 289361,
    "ExecutionProcessID": 8294,
    "ExecutionThreadID": 5369,
    "UserID": "S-1-5-18",
    "AccountName": "SYSTEM"
} {
    "EventID": 2010,
    "SourceName": "Microsoft-Windows-Windows Defender",
    "Channel": "Microsoft-Windows-Windows Defender/Operational",
    "Message": "Microsoft Defender updated security intelligence.",
    "EventTime": "2025-03-26T18:48:33.013136Z",
    "Hostname": "PRETERA.corp.local",
    "Severity": "INFO",
    "SeverityValue": 2,
    "EventType": "INFO",
    "Keywords": "581189306219779884",
    "RecordNumber": 197472,
    "ExecutionProcessID": 3088,
    "ExecutionThreadID": 3343,
    "UserID": "S-1-5-18",
    "AccountName": "SYSTEM"
} {
    "EventID": 6,
    "SourceName": "Microsoft-Windows-FilterManager",
    "Channel": "System",
    "Message": "File System Filter successfully loaded.",
    "EventTime": "2025-03-26T17:55:11.013142Z",
    "Hostname": "PRETERA.corp.local",
    "Severity": "INFO",
    "SeverityValue": 2,
    "EventType": "INFO",
    "Keywords": "247900620259494051",
    "RecordNumber": 53068,
    "ExecutionProcessID": 9292,
    "ExecutionThreadID": 7589,
    "UserID": "S-1-5-18",
    "AccountName": "SYSTEM"
} {
    "EventID": 4688,
    "SourceName": "Microsoft-Windows-Security-Auditing",
    "Channel": "Security",
    "Message": "A new process has been created.",
    "EventTime": "2025-03-27T01:56:14.013148Z",
    "Hostname": "PRETERA.corp.local",
    "Severity": "INFO",
    "SeverityValue": 2,
    "EventType": "INFO",
    "Keywords": "502437352971334007",
    "RecordNumber": 983157,
    "ExecutionProcessID": 3907,
    "ExecutionThreadID": 7041,
    "UserID": "S-1-5-18",
    "AccountName": "SYSTEM"
} {
    "EventID": 4688,
    "SourceName": "Microsoft-Windows-Security-Auditing",
    "Channel": "Security",
    "Message": "A new process has been created.",
    "EventTime": "2025-03-27T00:09:03.013154Z",
    "Hostname": "PRETERA.corp.local",
    "Severity": "INFO",
    "SeverityValue": 2,
    "EventType": "INFO",
    "Keywords": "915095905842295231",
    "RecordNumber": 204469,
    "ExecutionProcessID": 5927,
    "ExecutionThreadID": 2870,
    "UserID": "S-1-5-18",
    "AccountName": "SYSTEM"
} {
    "EventID": 4801,
    "SourceName": "Microsoft-Windows-Security-Auditing",
    "Channel": "Security",
    "Message": "The workstation was unlocked.",
    "EventTime": "2025-03-26T12:35:43.013160Z",
    "Hostname": "PRETERA.corp.local",
    "Severity": "INFO",
    "SeverityValue": 2,
    "EventType": "INFO",
    "Keywords": "465819870787862720",
    "RecordNumber": 43775,
    "ExecutionProcessID": 2070,
    "ExecutionThreadID": 6031,
    "UserID": "S-1-5-18",
    "AccountName": "SYSTEM"
} {
    "EventID": 4801,
    "SourceName": "Microsoft-Windows-Security-Auditing",
    "Channel": "Security",
    "Message": "The workstation was unlocked.",
    "EventTime": "2025-03-27T02:33:16.013166Z",
    "Hostname": "PRETERA.corp.local",
    "Severity": "INFO",
    "SeverityValue": 2,
    "EventType": "INFO",
    "Keywords": "943792717557450375",
    "RecordNumber": 675353,
    "ExecutionProcessID": 6183,
    "ExecutionThreadID": 7397,
    "UserID": "S-1-5-18",
    "AccountName": "SYSTEM"
} {
    "EventID": 6,
    "SourceName": "Microsoft-Windows-FilterManager",
    "Channel": "System",
    "Message": "File System Filter successfully loaded.",
    "EventTime": "2025-03-26T20:30:15.013174Z",
    "Hostname": "PRETERA.corp.local",
    "Severity": "INFO",
    "SeverityValue": 2,
    "EventType": "INFO",
    "Keywords": "520836461021537403",
    "RecordNumber": 264820,
    "ExecutionProcessID": 2093,
    "ExecutionThreadID": 2608,
    "UserID": "S-1-5-18",
    "AccountName": "SYSTEM"
} {
    "EventID": 4688,
    "SourceName": "Microsoft-Windows-Security-Auditing",
    "Channel": "Security",
    "Message": "A new process has been created.",
    "EventTime": "2025-03-26T17:27:42.013180Z",
    "Hostname": "PRETERA.corp.local",
    "Severity": "INFO",
    "SeverityValue": 2,
    "EventType": "INFO",
    "Keywords": "113974567607030172",
    "RecordNumber": 661392,
    "ExecutionProcessID": 7876,
    "ExecutionThreadID": 9699,
    "UserID": "S-1-5-18",
    "AccountName": "SYSTEM"
} {
    "EventID": 2010,
    "SourceName": "Microsoft-Windows-Windows Defender",
    "Channel": "Microsoft-Windows-Windows Defender/Operational",
    "Message": "Microsoft Defender updated security intelligence.",
    "EventTime": "2025-03-27T00:53:24.013188Z",
    "Hostname": "PRETERA.corp.local",
    "Severity": "INFO",
    "SeverityValue": 2,
    "EventType": "INFO",
    "Keywords": "221369897046270624",
    "RecordNumber": 511850,
    "ExecutionProcessID": 3776,
    "ExecutionThreadID": 6782,
    "UserID": "S-1-5-18",
    "AccountName": "SYSTEM"
} {
    "EventID": 4688,
    "SourceName": "Microsoft-Windows-Security-Auditing",
    "Channel": "Security",
    "Message": "A new process has been created.",
    "EventTime": "2025-03-27T03:34:56.013195Z",
    "Hostname": "PRETERA.corp.local",
    "Severity": "INFO",
    "SeverityValue": 2,
    "EventType": "INFO",
    "Keywords": "226657069594864416",
    "RecordNumber": 37977,
    "ExecutionProcessID": 7726,
    "ExecutionThreadID": 5472,
    "UserID": "S-1-5-18",
    "AccountName": "SYSTEM"
} {
    "EventID": 4634,
    "SourceName": "Microsoft-Windows-Security-Auditing",
    "Channel": "Security",
    "Message": "An account was logged off.",
    "EventTime": "2025-03-26T18:41:07.013201Z",
    "Hostname": "PRETERA.corp.local",
    "Severity": "INFO",
    "SeverityValue": 2,
    "EventType": "INFO",
    "Keywords": "553653230628635925",
    "RecordNumber": 203028,
    "ExecutionProcessID": 5240,
    "ExecutionThreadID": 4488,
    "UserID": "S-1-5-18",
    "AccountName": "SYSTEM"
} {
    "EventID": 2010,
    "SourceName": "Microsoft-Windows-Windows Defender",
    "Channel": "Microsoft-Windows-Windows Defender/Operational",
    "Message": "Microsoft Defender updated security intelligence.",
    "EventTime": "2025-03-26T17:00:06.013207Z",
    "Hostname": "PRETERA.corp.local",
    "Severity": "INFO",
    "SeverityValue": 2,
    "EventType": "INFO",
    "Keywords": "566137007419341960",
    "RecordNumber": 699913,
    "ExecutionProcessID": 5750,
    "ExecutionThreadID": 4968,
    "UserID": "S-1-5-18",
    "AccountName": "SYSTEM"
} {
    "EventID": 4688,
    "SourceName": "Microsoft-Windows-Security-Auditing",
    "Channel": "Security",
    "Message": "A new process has been created.",
    "EventTime": "2025-03-26T09:41:30.013213Z",
    "Hostname": "PRETERA.corp.local",
    "Severity": "INFO",
    "SeverityValue": 2,
    "EventType": "INFO",
    "Keywords": "341567701290370773",
    "RecordNumber": 891624,
    "ExecutionProcessID": 9991,
    "ExecutionThreadID": 6141,
    "UserID": "S-1-5-18",
    "AccountName": "SYSTEM"
} {
    "EventID": 4634,
    "SourceName": "Microsoft-Windows-Security-Auditing",
    "Channel": "Security",
    "Message": "An account was logged off.",
    "EventTime": "2025-03-26T15:58:45.013219Z",
    "Hostname": "PRETERA.corp.local",
    "Severity": "INFO",
    "SeverityValue": 2,
    "EventType": "INFO",
    "Keywords": "181734461028499859",
    "RecordNumber": 233745,
    "ExecutionProcessID": 5797,
    "ExecutionThreadID": 5071,
    "UserID": "S-1-5-18",
    "AccountName": "SYSTEM"
} {
    "EventID": 4688,
    "SourceName": "Microsoft-Windows-Security-Auditing",
    "Channel": "Security",
    "Message": "A new process has been created.",
    "EventTime": "2025-03-26T10:57:38.013225Z",
    "Hostname": "PRETERA.corp.local",
    "Severity": "INFO",
    "SeverityValue": 2,
    "EventType": "INFO",
    "Keywords": "549311447308420164",
    "RecordNumber": 513259,
    "ExecutionProcessID": 9982,
    "ExecutionThreadID": 9989,
    "UserID": "S-1-5-18",
    "AccountName": "SYSTEM"
} {
    "EventID": 4688,
    "SourceName": "Microsoft-Windows-Security-Auditing",
    "Channel": "Security",
    "Message": "A new process has been created.",
    "EventTime": "2025-03-26T23:13:16.013231Z",
    "Hostname": "PRETERA.corp.local",
    "Severity": "INFO",
    "SeverityValue": 2,
    "EventType": "INFO",
    "Keywords": "786974385074046415",
    "RecordNumber": 405263,
    "ExecutionProcessID": 8505,
    "ExecutionThreadID": 4913,
    "UserID": "S-1-5-18",
    "AccountName": "SYSTEM"
} {
    "EventID": 4624,
    "SourceName": "Microsoft-Windows-Security-Auditing",
    "Channel": "Security",
    "Message": "Successful logon.",
    "EventTime": "2025-03-27T03:44:07.013239Z",
    "Hostname": "PRETERA.corp.local",
    "Severity": "INFO",
    "SeverityValue": 2,
    "EventType": "INFO",
    "Keywords": "632789869063920468",
    "RecordNumber": 568087,
    "ExecutionProcessID": 3234,
    "ExecutionThreadID": 4564,
    "UserID": "S-1-5-18",
    "AccountName": "SYSTEM"
} {
    "EventID": 6,
    "SourceName": "Microsoft-Windows-FilterManager",
    "Channel": "System",
    "Message": "File System Filter successfully loaded.",
    "EventTime": "2025-03-27T01:57:16.013247Z",
    "Hostname": "PRETERA.corp.local",
    "Severity": "INFO",
    "SeverityValue": 2,
    "EventType": "INFO",
    "Keywords": "586811723710785443",
    "RecordNumber": 744756,
    "ExecutionProcessID": 7291,
    "ExecutionThreadID": 2325,
    "UserID": "S-1-5-18",
    "AccountName": "SYSTEM"
} {
    "EventID": 4634,
    "SourceName": "Microsoft-Windows-Security-Auditing",
    "Channel": "Security",
    "Message": "An account was logged off.",
    "EventTime": "2025-03-26T14:49:32.013256Z",
    "Hostname": "PRETERA.corp.local",
    "Severity": "INFO",
    "SeverityValue": 2,
    "EventType": "INFO",
    "Keywords": "106688732750952220",
    "RecordNumber": 487463,
    "ExecutionProcessID": 3179,
    "ExecutionThreadID": 2341,
    "UserID": "S-1-5-18",
    "AccountName": "SYSTEM"
} {
    "EventID": 4688,
    "SourceName": "Microsoft-Windows-Security-Auditing",
    "Channel": "Security",
    "Message": "A new process has been created.",
    "EventTime": "2025-03-26T23:45:44.013262Z",
    "Hostname": "PRETERA.corp.local",
    "Severity": "INFO",
    "SeverityValue": 2,
    "EventType": "INFO",
    "Keywords": "780755021314174111",
    "RecordNumber": 275317,
    "ExecutionProcessID": 6825,
    "ExecutionThreadID": 5608,
    "UserID": "S-1-5-18",
    "AccountName": "SYSTEM"
} {
    "EventID": 6,
    "SourceName": "Microsoft-Windows-FilterManager",
    "Channel": "System",
    "Message": "File System Filter successfully loaded.",
    "EventTime": "2025-03-26T10:07:51.013268Z",
    "Hostname": "PRETERA.corp.local",
    "Severity": "INFO",
    "SeverityValue": 2,
    "EventType": "INFO",
    "Keywords": "963351857055273813",
    "RecordNumber": 406506,
    "ExecutionProcessID": 8239,
    "ExecutionThreadID": 8049,
    "UserID": "S-1-5-18",
    "AccountName": "SYSTEM"
} {
    "EventID": 4801,
    "SourceName": "Microsoft-Windows-Security-Auditing",
    "Channel": "Security",
    "Message": "The workstation was unlocked.",
    "EventTime": "2025-03-26T15:22:38.013274Z",
    "Hostname": "PRETERA.corp.local",
    "Severity": "INFO",
    "SeverityValue": 2,
    "EventType": "INFO",
    "Keywords": "377265753755611576",
    "RecordNumber": 947338,
    "ExecutionProcessID": 4343,
    "ExecutionThreadID": 3182,
    "UserID": "S-1-5-18",
    "AccountName": "SYSTEM"
} {
    "EventID": 1040,
    "SourceName": "MsiInstaller",
    "Channel": "Application",
    "Message": "Windows Installer started a transaction.",
    "EventTime": "2025-03-26T23:21:55.013280Z",
    "Hostname": "PRETERA.corp.local",
    "Severity": "INFO",
    "SeverityValue": 2,
    "EventType": "INFO",
    "Keywords": "842692057681887021",
    "RecordNumber": 721238,
    "ExecutionProcessID": 4862,
    "ExecutionThreadID": 4522,
    "UserID": "S-1-5-18",
    "AccountName": "SYSTEM"
} {
    "EventID": 4801,
    "SourceName": "Microsoft-Windows-Security-Auditing",
    "Channel": "Security",
    "Message": "The workstation was unlocked.",
    "EventTime": "2025-03-26T09:36:54.013286Z",
    "Hostname": "PRETERA.corp.local",
    "Severity": "INFO",
    "SeverityValue": 2,
    "EventType": "INFO",
    "Keywords": "316820338989463403",
    "RecordNumber": 561469,
    "ExecutionProcessID": 8445,
    "ExecutionThreadID": 2330,
    "UserID": "S-1-5-18",
    "AccountName": "SYSTEM"
} {
    "EventID": 6,
    "SourceName": "Microsoft-Windows-FilterManager",
    "Channel": "System",
    "Message": "File System Filter successfully loaded.",
    "EventTime": "2025-03-26T14:13:29.013292Z",
    "Hostname": "PRETERA.corp.local",
    "Severity": "INFO",
    "SeverityValue": 2,
    "EventType": "INFO",
    "Keywords": "366993220312334802",
    "RecordNumber": 936117,
    "ExecutionProcessID": 3316,
    "ExecutionThreadID": 9785,
    "UserID": "S-1-5-18",
    "AccountName": "SYSTEM"
} {
    "EventID": 2010,
    "SourceName": "Microsoft-Windows-Windows Defender",
    "Channel": "Microsoft-Windows-Windows Defender/Operational",
    "Message": "Microsoft Defender updated security intelligence.",
    "EventTime": "2025-03-26T20:58:42.013298Z",
    "Hostname": "PRETERA.corp.local",
    "Severity": "INFO",
    "SeverityValue": 2,
    "EventType": "INFO",
    "Keywords": "37571936480244555",
    "RecordNumber": 77513,
    "ExecutionProcessID": 5593,
    "ExecutionThreadID": 1940,
    "UserID": "S-1-5-18",
    "AccountName": "SYSTEM"
} {
    "EventID": 1040,
    "SourceName": "MsiInstaller",
    "Channel": "Application",
    "Message": "Windows Installer started a transaction.",
    "EventTime": "2025-03-27T05:56:59.013304Z",
    "Hostname": "PRETERA.corp.local",
    "Severity": "INFO",
    "SeverityValue": 2,
    "EventType": "INFO",
    "Keywords": "922462097374086094",
    "RecordNumber": 31648,
    "ExecutionProcessID": 8088,
    "ExecutionThreadID": 9229,
    "UserID": "S-1-5-18",
    "AccountName": "SYSTEM"
} {
    "EventID": 6,
    "SourceName": "Microsoft-Windows-FilterManager",
    "Channel": "System",
    "Message": "File System Filter successfully loaded.",
    "EventTime": "2025-03-26T19:46:50.013310Z",
    "Hostname": "PRETERA.corp.local",
    "Severity": "INFO",
    "SeverityValue": 2,
    "EventType": "INFO",
    "Keywords": "498585395509769186",
    "RecordNumber": 36395,
    "ExecutionProcessID": 6859,
    "ExecutionThreadID": 1420,
    "UserID": "S-1-5-18",
    "AccountName": "SYSTEM"
} {
    "EventID": 6,
    "SourceName": "Microsoft-Windows-FilterManager",
    "Channel": "System",
    "Message": "File System Filter successfully loaded.",
    "EventTime": "2025-03-26T14:16:33.013318Z",
    "Hostname": "PRETERA.corp.local",
    "Severity": "INFO",
    "SeverityValue": 2,
    "EventType": "INFO",
    "Keywords": "870730963033645770",
    "RecordNumber": 613805,
    "ExecutionProcessID": 6899,
    "ExecutionThreadID": 2741,
    "UserID": "S-1-5-18",
    "AccountName": "SYSTEM"
} {
    "EventID": 6,
    "SourceName": "Microsoft-Windows-FilterManager",
    "Channel": "System",
    "Message": "File System Filter successfully loaded.",
    "EventTime": "2025-03-27T07:15:31.013325Z",
    "Hostname": "PRETERA.corp.local",
    "Severity": "INFO",
    "SeverityValue": 2,
    "EventType": "INFO",
    "Keywords": "121967164844885512",
    "RecordNumber": 716592,
    "ExecutionProcessID": 9137,
    "ExecutionThreadID": 3003,
    "UserID": "S-1-5-18",
    "AccountName": "SYSTEM"
} {
    "EventID": 2010,
    "SourceName": "Microsoft-Windows-Windows Defender",
    "Channel": "Microsoft-Windows-Windows Defender/Operational",
    "Message": "Microsoft Defender updated security intelligence.",
    "EventTime": "2025-03-26T16:01:38.013331Z",
    "Hostname": "PRETERA.corp.local",
    "Severity": "INFO",
    "SeverityValue": 2,
    "EventType": "INFO",
    "Keywords": "921434214383766216",
    "RecordNumber": 791141,
    "ExecutionProcessID": 1258,
    "ExecutionThreadID": 7816,
    "UserID": "S-1-5-18",
    "AccountName": "SYSTEM"
} {
    "EventID": 4634,
    "SourceName": "Microsoft-Windows-Security-Auditing",
    "Channel": "Security",
    "Message": "An account was logged off.",
    "EventTime": "2025-03-27T06:05:49.013337Z",
    "Hostname": "PRETERA.corp.local",
    "Severity": "INFO",
    "SeverityValue": 2,
    "EventType": "INFO",
    "Keywords": "518464771870140054",
    "RecordNumber": 686888,
    "ExecutionProcessID": 9599,
    "ExecutionThreadID": 7940,
    "UserID": "S-1-5-18",
    "AccountName": "SYSTEM"
} {
    "EventID": 4801,
    "SourceName": "Microsoft-Windows-Security-Auditing",
    "Channel": "Security",
    "Message": "The workstation was unlocked.",
    "EventTime": "2025-03-27T08:15:27.013343Z",
    "Hostname": "PRETERA.corp.local",
    "Severity": "INFO",
    "SeverityValue": 2,
    "EventType": "INFO",
    "Keywords": "68246526276554555",
    "RecordNumber": 587693,
    "ExecutionProcessID": 9839,
    "ExecutionThreadID": 4456,
    "UserID": "S-1-5-18",
    "AccountName": "SYSTEM"
} {
    "EventID": 2010,
    "SourceName": "Microsoft-Windows-Windows Defender",
    "Channel": "Microsoft-Windows-Windows Defender/Operational",
    "Message": "Microsoft Defender updated security intelligence.",
    "EventTime": "2025-03-26T09:45:34.013349Z",
    "Hostname": "PRETERA.corp.local",
    "Severity": "INFO",
    "SeverityValue": 2,
    "EventType": "INFO",
    "Keywords": "272467259469438098",
    "RecordNumber": 269776,
    "ExecutionProcessID": 8386,
    "ExecutionThreadID": 5343,
    "UserID": "S-1-5-18",
    "AccountName": "SYSTEM"
} {
    "EventID": 2010,
    "SourceName": "Microsoft-Windows-Windows Defender",
    "Channel": "Microsoft-Windows-Windows Defender/Operational",
    "Message": "Microsoft Defender updated security intelligence.",
    "EventTime": "2025-03-27T00:47:56.013355Z",
    "Hostname": "PRETERA.corp.local",
    "Severity": "INFO",
    "SeverityValue": 2,
    "EventType": "INFO",
    "Keywords": "981554793886626429",
    "RecordNumber": 313296,
    "ExecutionProcessID": 2474,
    "ExecutionThreadID": 2799,
    "UserID": "S-1-5-18",
    "AccountName": "SYSTEM"
} {
    "EventID": 4624,
    "SourceName": "Microsoft-Windows-Security-Auditing",
    "Channel": "Security",
    "Message": "Successful logon.",
    "EventTime": "2025-03-26T21:02:02.013361Z",
    "Hostname": "PRETERA.corp.local",
    "Severity": "INFO",
    "SeverityValue": 2,
    "EventType": "INFO",
    "Keywords": "630117959859819333",
    "RecordNumber": 808623,
    "ExecutionProcessID": 2238,
    "ExecutionThreadID": 5880,
    "UserID": "S-1-5-18",
    "AccountName": "SYSTEM"
} {
    "EventID": 4801,
    "SourceName": "Microsoft-Windows-Security-Auditing",
    "Channel": "Security",
    "Message": "The workstation was unlocked.",
    "EventTime": "2025-03-27T07:27:00.013367Z",
    "Hostname": "PRETERA.corp.local",
    "Severity": "INFO",
    "SeverityValue": 2,
    "EventType": "INFO",
    "Keywords": "335995888271639439",
    "RecordNumber": 789145,
    "ExecutionProcessID": 7123,
    "ExecutionThreadID": 3903,
    "UserID": "S-1-5-18",
    "AccountName": "SYSTEM"
} {
    "EventID": 1040,
    "SourceName": "MsiInstaller",
    "Channel": "Application",
    "Message": "Windows Installer started a transaction.",
    "EventTime": "2025-03-26T22:32:03.013373Z",
    "Hostname": "PRETERA.corp.local",
    "Severity": "INFO",
    "SeverityValue": 2,
    "EventType": "INFO",
    "Keywords": "48775813337097927",
    "RecordNumber": 1618,
    "ExecutionProcessID": 1129,
    "ExecutionThreadID": 9405,
    "UserID": "S-1-5-18",
    "AccountName": "SYSTEM"
} {
    "EventID": 4688,
    "SourceName": "Microsoft-Windows-Security-Auditing",
    "Channel": "Security",
    "Message": "A new process has been created.",
    "EventTime": "2025-03-27T07:30:53.013382Z",
    "Hostname": "PRETERA.corp.local",
    "Severity": "INFO",
    "SeverityValue": 2,
    "EventType": "INFO",
    "Keywords": "976702485806973890",
    "RecordNumber": 459826,
    "ExecutionProcessID": 6101,
    "ExecutionThreadID": 6513,
    "UserID": "S-1-5-18",
    "AccountName": "SYSTEM"
} {
    "EventID": 4801,
    "SourceName": "Microsoft-Windows-Security-Auditing",
    "Channel": "Security",
    "Message": "The workstation was unlocked.",
    "EventTime": "2025-03-26T11:45:30.013388Z",
    "Hostname": "PRETERA.corp.local",
    "Severity": "INFO",
    "SeverityValue": 2,
    "EventType": "INFO",
    "Keywords": "942086813729889659",
    "RecordNumber": 308427,
    "ExecutionProcessID": 4816,
    "ExecutionThreadID": 1039,
    "UserID": "S-1-5-18",
    "AccountName": "SYSTEM"
} {
    "EventID": 4624,
    "SourceName": "Microsoft-Windows-Security-Auditing",
    "Channel": "Security",
    "Message": "Successful logon.",
    "EventTime": "2025-03-27T04:53:28.013394Z",
    "Hostname": "PRETERA.corp.local",
    "Severity": "INFO",
    "SeverityValue": 2,
    "EventType": "INFO",
    "Keywords": "432368044994643119",
    "RecordNumber": 108435,
    "ExecutionProcessID": 9769,
    "ExecutionThreadID": 4489,
    "UserID": "S-1-5-18",
    "AccountName": "SYSTEM"
} {
    "EventID": 4634,
    "SourceName": "Microsoft-Windows-Security-Auditing",
    "Channel": "Security",
    "Message": "An account was logged off.",
    "EventTime": "2025-03-26T15:12:22.013401Z",
    "Hostname": "PRETERA.corp.local",
    "Severity": "INFO",
    "SeverityValue": 2,
    "EventType": "INFO",
    "Keywords": "625626288930596033",
    "RecordNumber": 776639,
    "ExecutionProcessID": 8290,
    "ExecutionThreadID": 2628,
    "UserID": "S-1-5-18",
    "AccountName": "SYSTEM"
} {
    "EventID": 1040,
    "SourceName": "MsiInstaller",
    "Channel": "Application",
    "Message": "Windows Installer started a transaction.",
    "EventTime": "2025-03-27T03:12:10.013406Z",
    "Hostname": "PRETERA.corp.local",
    "Severity": "INFO",
    "SeverityValue": 2,
    "EventType": "INFO",
    "Keywords": "39228077090275105",
    "RecordNumber": 8457,
    "ExecutionProcessID": 9627,
    "ExecutionThreadID": 3250,
    "UserID": "S-1-5-18",
    "AccountName": "SYSTEM"
} {
    "EventID": 2010,
    "SourceName": "Microsoft-Windows-Windows Defender",
    "Channel": "Microsoft-Windows-Windows Defender/Operational",
    "Message": "Microsoft Defender updated security intelligence.",
    "EventTime": "2025-03-26T18:33:17.013412Z",
    "Hostname": "PRETERA.corp.local",
    "Severity": "INFO",
    "SeverityValue": 2,
    "EventType": "INFO",
    "Keywords": "505351364706923512",
    "RecordNumber": 896734,
    "ExecutionProcessID": 7752,
    "ExecutionThreadID": 9590,
    "UserID": "S-1-5-18",
    "AccountName": "SYSTEM"
} {
    "EventID": 4801,
    "SourceName": "Microsoft-Windows-Security-Auditing",
    "Channel": "Security",
    "Message": "The workstation was unlocked.",
    "EventTime": "2025-03-27T04:59:55.013419Z",
    "Hostname": "PRETERA.corp.local",
    "Severity": "INFO",
    "SeverityValue": 2,
    "EventType": "INFO",
    "Keywords": "140774430405562676",
    "RecordNumber": 349406,
    "ExecutionProcessID": 1626,
    "ExecutionThreadID": 2305,
    "UserID": "S-1-5-18",
    "AccountName": "SYSTEM"
} {
    "EventID": 4634,
    "SourceName": "Microsoft-Windows-Security-Auditing",
    "Channel": "Security",
    "Message": "An account was logged off.",
    "EventTime": "2025-03-26T23:10:33.013425Z",
    "Hostname": "PRETERA.corp.local",
    "Severity": "INFO",
    "SeverityValue": 2,
    "EventType": "INFO",
    "Keywords": "559448215566575344",
    "RecordNumber": 43355,
    "ExecutionProcessID": 4158,
    "ExecutionThreadID": 7578,
    "UserID": "S-1-5-18",
    "AccountName": "SYSTEM"
} {
    "EventID": 4624,
    "SourceName": "Microsoft-Windows-Security-Auditing",
    "Channel": "Security",
    "Message": "Successful logon.",
    "EventTime": "2025-03-26T18:30:24.013431Z",
    "Hostname": "PRETERA.corp.local",
    "Severity": "INFO",
    "SeverityValue": 2,
    "EventType": "INFO",
    "Keywords": "375002154150818079",
    "RecordNumber": 884221,
    "ExecutionProcessID": 9583,
    "ExecutionThreadID": 7653,
    "UserID": "S-1-5-18",
    "AccountName": "SYSTEM"
} {
    "EventID": 4634,
    "SourceName": "Microsoft-Windows-Security-Auditing",
    "Channel": "Security",
    "Message": "An account was logged off.",
    "EventTime": "2025-03-26T22:55:37.013439Z",
    "Hostname": "PRETERA.corp.local",
    "Severity": "INFO",
    "SeverityValue": 2,
    "EventType": "INFO",
    "Keywords": "188038608635274522",
    "RecordNumber": 974550,
    "ExecutionProcessID": 8031,
    "ExecutionThreadID": 4196,
    "UserID": "S-1-5-18",
    "AccountName": "SYSTEM"
} {
    "EventID": 2010,
    "SourceName": "Microsoft-Windows-Windows Defender",
    "Channel": "Microsoft-Windows-Windows Defender/Operational",
    "Message": "Microsoft Defender updated security intelligence.",
    "EventTime": "2025-03-26T19:48:53.013448Z",
    "Hostname": "PRETERA.corp.local",
    "Severity": "INFO",
    "SeverityValue": 2,
    "EventType": "INFO",
    "Keywords": "48525558049823225",
    "RecordNumber": 557217,
    "ExecutionProcessID": 6400,
    "ExecutionThreadID": 7093,
    "UserID": "S-1-5-18",
    "AccountName": "SYSTEM"
} {
    "EventID": 2010,
    "SourceName": "Microsoft-Windows-Windows Defender",
    "Channel": "Microsoft-Windows-Windows Defender/Operational",
    "Message": "Microsoft Defender updated security intelligence.",
    "EventTime": "2025-03-27T08:47:57.013454Z",
    "Hostname": "PRETERA.corp.local",
    "Severity": "INFO",
    "SeverityValue": 2,
    "EventType": "INFO",
    "Keywords": "445577797553611000",
    "RecordNumber": 942297,
    "ExecutionProcessID": 1490,
    "ExecutionThreadID": 3116,
    "UserID": "S-1-5-18",
    "AccountName": "SYSTEM"
} {
    "EventID": 4624,
    "SourceName": "Microsoft-Windows-Security-Auditing",
    "Channel": "Security",
    "Message": "Successful logon.",
    "EventTime": "2025-03-26T15:18:04.013461Z",
    "Hostname": "PRETERA.corp.local",
    "Severity": "INFO",
    "SeverityValue": 2,
    "EventType": "INFO",
    "Keywords": "583091343482786115",
    "RecordNumber": 132033,
    "ExecutionProcessID": 3935,
    "ExecutionThreadID": 9077,
    "UserID": "S-1-5-18",
    "AccountName": "SYSTEM"
} {
    "EventID": 6,
    "SourceName": "Microsoft-Windows-FilterManager",
    "Channel": "System",
    "Message": "File System Filter successfully loaded.",
    "EventTime": "2025-03-26T09:52:56.013467Z",
    "Hostname": "PRETERA.corp.local",
    "Severity": "INFO",
    "SeverityValue": 2,
    "EventType": "INFO",
    "Keywords": "115121695171360806",
    "RecordNumber": 679565,
    "ExecutionProcessID": 8376,
    "ExecutionThreadID": 7095,
    "UserID": "S-1-5-18",
    "AccountName": "SYSTEM"
} {
    "EventID": 1040,
    "SourceName": "MsiInstaller",
    "Channel": "Application",
    "Message": "Windows Installer started a transaction.",
    "EventTime": "2025-03-26T19:40:52.013473Z",
    "Hostname": "PRETERA.corp.local",
    "Severity": "INFO",
    "SeverityValue": 2,
    "EventType": "INFO",
    "Keywords": "120404993341207315",
    "RecordNumber": 804656,
    "ExecutionProcessID": 2432,
    "ExecutionThreadID": 6335,
    "UserID": "S-1-5-18",
    "AccountName": "SYSTEM"
} {
    "EventID": 4624,
    "SourceName": "Microsoft-Windows-Security-Auditing",
    "Channel": "Security",
    "Message": "Successful logon.",
    "EventTime": "2025-03-27T05:15:11.013478Z",
    "Hostname": "PRETERA.corp.local",
    "Severity": "INFO",
    "SeverityValue": 2,
    "EventType": "INFO",
    "Keywords": "735009400351003082",
    "RecordNumber": 405227,
    "ExecutionProcessID": 3184,
    "ExecutionThreadID": 8170,
    "UserID": "S-1-5-18",
    "AccountName": "SYSTEM"
} {
    "EventID": 1040,
    "SourceName": "MsiInstaller",
    "Channel": "Application",
    "Message": "Windows Installer started a transaction.",
    "EventTime": "2025-03-27T05:42:07.013484Z",
    "Hostname": "PRETERA.corp.local",
    "Severity": "INFO",
    "SeverityValue": 2,
    "EventType": "INFO",
    "Keywords": "313354239688248198",
    "RecordNumber": 840402,
    "ExecutionProcessID": 2488,
    "ExecutionThreadID": 8566,
    "UserID": "S-1-5-18",
    "AccountName": "SYSTEM"
} {
    "EventID": 4624,
    "SourceName": "Microsoft-Windows-Security-Auditing",
    "Channel": "Security",
    "Message": "Successful logon.",
    "EventTime": "2025-03-26T20:34:48.013490Z",
    "Hostname": "PRETERA.corp.local",
    "Severity": "INFO",
    "SeverityValue": 2,
    "EventType": "INFO",
    "Keywords": "418317349208039397",
    "RecordNumber": 227388,
    "ExecutionProcessID": 3548,
    "ExecutionThreadID": 6152,
    "UserID": "S-1-5-18",
    "AccountName": "SYSTEM"
} {
    "EventID": 4634,
    "SourceName": "Microsoft-Windows-Security-Auditing",
    "Channel": "Security",
    "Message": "An account was logged off.",
    "EventTime": "2025-03-26T20:20:25.013496Z",
    "Hostname": "PRETERA.corp.local",
    "Severity": "INFO",
    "SeverityValue": 2,
    "EventType": "INFO",
    "Keywords": "548109827159239400",
    "RecordNumber": 840189,
    "ExecutionProcessID": 4809,
    "ExecutionThreadID": 7242,
    "UserID": "S-1-5-18",
    "AccountName": "SYSTEM"
} {
    "EventID": 4801,
    "SourceName": "Microsoft-Windows-Security-Auditing",
    "Channel": "Security",
    "Message": "The workstation was unlocked.",
    "EventTime": "2025-03-27T07:05:22.013502Z",
    "Hostname": "PRETERA.corp.local",
    "Severity": "INFO",
    "SeverityValue": 2,
    "EventType": "INFO",
    "Keywords": "66684911232227939",
    "RecordNumber": 948818,
    "ExecutionProcessID": 5318,
    "ExecutionThreadID": 9572,
    "UserID": "S-1-5-18",
    "AccountName": "SYSTEM"
} {
    "EventID": 2010,
    "SourceName": "Microsoft-Windows-Windows Defender",
    "Channel": "Microsoft-Windows-Windows Defender/Operational",
    "Message": "Microsoft Defender updated security intelligence.",
    "EventTime": "2025-03-27T02:25:04.013512Z",
    "Hostname": "PRETERA.corp.local",
    "Severity": "INFO",
    "SeverityValue": 2,
    "EventType": "INFO",
    "Keywords": "813370831586195246",
    "RecordNumber": 39907,
    "ExecutionProcessID": 2864,
    "ExecutionThreadID": 5868,
    "UserID": "S-1-5-18",
    "AccountName": "SYSTEM"
} {
    "EventID": 1040,
    "SourceName": "MsiInstaller",
    "Channel": "Application",
    "Message": "Windows Installer started a transaction.",
    "EventTime": "2025-03-26T09:49:24.013519Z",
    "Hostname": "PRETERA.corp.local",
    "Severity": "INFO",
    "SeverityValue": 2,
    "EventType": "INFO",
    "Keywords": "478629986831043936",
    "RecordNumber": 884601,
    "ExecutionProcessID": 9799,
    "ExecutionThreadID": 7389,
    "UserID": "S-1-5-18",
    "AccountName": "SYSTEM"
} {
    "EventID": 1040,
    "SourceName": "MsiInstaller",
    "Channel": "Application",
    "Message": "Windows Installer started a transaction.",
    "EventTime": "2025-03-26T14:43:21.013527Z",
    "Hostname": "PRETERA.corp.local",
    "Severity": "INFO",
    "SeverityValue": 2,
    "EventType": "INFO",
    "Keywords": "252719671027473473",
    "RecordNumber": 394453,
    "ExecutionProcessID": 9910,
    "ExecutionThreadID": 9655,
    "UserID": "S-1-5-18",
    "AccountName": "SYSTEM"
} {
    "EventID": 2010,
    "SourceName": "Microsoft-Windows-Windows Defender",
    "Channel": "Microsoft-Windows-Windows Defender/Operational",
    "Message": "Microsoft Defender updated security intelligence.",
    "EventTime": "2025-03-27T07:36:56.013534Z",
    "Hostname": "PRETERA.corp.local",
    "Severity": "INFO",
    "SeverityValue": 2,
    "EventType": "INFO",
    "Keywords": "500510052041454649",
    "RecordNumber": 640651,
    "ExecutionProcessID": 6843,
    "ExecutionThreadID": 5540,
    "UserID": "S-1-5-18",
    "AccountName": "SYSTEM"
} {
    "EventID": 4688,
    "SourceName": "Microsoft-Windows-Security-Auditing",
    "Channel": "Security",
    "Message": "A new process has been created.",
    "EventTime": "2025-03-26T13:16:24.013540Z",
    "Hostname": "PRETERA.corp.local",
    "Severity": "INFO",
    "SeverityValue": 2,
    "EventType": "INFO",
    "Keywords": "132969913617671107",
    "RecordNumber": 617398,
    "ExecutionProcessID": 3553,
    "ExecutionThreadID": 5730,
    "UserID": "S-1-5-18",
    "AccountName": "SYSTEM"
} {
    "EventID": 4634,
    "SourceName": "Microsoft-Windows-Security-Auditing",
    "Channel": "Security",
    "Message": "An account was logged off.",
    "EventTime": "2025-03-26T23:50:32.013546Z",
    "Hostname": "PRETERA.corp.local",
    "Severity": "INFO",
    "SeverityValue": 2,
    "EventType": "INFO",
    "Keywords": "576528247648216743",
    "RecordNumber": 583633,
    "ExecutionProcessID": 3388,
    "ExecutionThreadID": 8807,
    "UserID": "S-1-5-18",
    "AccountName": "SYSTEM"
} {
    "EventID": 6,
    "SourceName": "Microsoft-Windows-FilterManager",
    "Channel": "System",
    "Message": "File System Filter successfully loaded.",
    "EventTime": "2025-03-26T14:06:55.013552Z",
    "Hostname": "PRETERA.corp.local",
    "Severity": "INFO",
    "SeverityValue": 2,
    "EventType": "INFO",
    "Keywords": "4106526379706455",
    "RecordNumber": 942641,
    "ExecutionProcessID": 8766,
    "ExecutionThreadID": 9934,
    "UserID": "S-1-5-18",
    "AccountName": "SYSTEM"
} {
    "EventID": 4801,
    "SourceName": "Microsoft-Windows-Security-Auditing",
    "Channel": "Security",
    "Message": "The workstation was unlocked.",
    "EventTime": "2025-03-27T06:42:05.013558Z",
    "Hostname": "PRETERA.corp.local",
    "Severity": "INFO",
    "SeverityValue": 2,
    "EventType": "INFO",
    "Keywords": "855695275490029347",
    "RecordNumber": 774833,
    "ExecutionProcessID": 9846,
    "ExecutionThreadID": 4437,
    "UserID": "S-1-5-18",
    "AccountName": "SYSTEM"
} {
    "EventID": 4634,
    "SourceName": "Microsoft-Windows-Security-Auditing",
    "Channel": "Security",
    "Message": "An account was logged off.",
    "EventTime": "2025-03-26T13:44:13.013564Z",
    "Hostname": "PRETERA.corp.local",
    "Severity": "INFO",
    "SeverityValue": 2,
    "EventType": "INFO",
    "Keywords": "226259504270873613",
    "RecordNumber": 837850,
    "ExecutionProcessID": 9749,
    "ExecutionThreadID": 9190,
    "UserID": "S-1-5-18",
    "AccountName": "SYSTEM"
} {
    "EventID": 1040,
    "SourceName": "MsiInstaller",
    "Channel": "Application",
    "Message": "Windows Installer started a transaction.",
    "EventTime": "2025-03-26T17:38:05.013570Z",
    "Hostname": "PRETERA.corp.local",
    "Severity": "INFO",
    "SeverityValue": 2,
    "EventType": "INFO",
    "Keywords": "838054822008463982",
    "RecordNumber": 114673,
    "ExecutionProcessID": 8478,
    "ExecutionThreadID": 9452,
    "UserID": "S-1-5-18",
    "AccountName": "SYSTEM"
} {
    "EventID": 4688,
    "SourceName": "Microsoft-Windows-Security-Auditing",
    "Channel": "Security",
    "Message": "A new process has been created.",
    "EventTime": "2025-03-27T02:08:40.013578Z",
    "Hostname": "PRETERA.corp.local",
    "Severity": "INFO",
    "SeverityValue": 2,
    "EventType": "INFO",
    "Keywords": "194798169538953162",
    "RecordNumber": 99804,
    "ExecutionProcessID": 6100,
    "ExecutionThreadID": 9548,
    "UserID": "S-1-5-18",
    "AccountName": "SYSTEM"
} {
    "EventID": 4624,
    "SourceName": "Microsoft-Windows-Security-Auditing",
    "Channel": "Security",
    "Message": "Successful logon.",
    "EventTime": "2025-03-27T07:43:47.013584Z",
    "Hostname": "PRETERA.corp.local",
    "Severity": "INFO",
    "SeverityValue": 2,
    "EventType": "INFO",
    "Keywords": "786704344143117282",
    "RecordNumber": 368975,
    "ExecutionProcessID": 9327,
    "ExecutionThreadID": 4596,
    "UserID": "S-1-5-18",
    "AccountName": "SYSTEM"
} {
    "EventID": 1040,
    "SourceName": "MsiInstaller",
    "Channel": "Application",
    "Message": "Windows Installer started a transaction.",
    "EventTime": "2025-03-26T14:13:56.013590Z",
    "Hostname": "PRETERA.corp.local",
    "Severity": "INFO",
    "SeverityValue": 2,
    "EventType": "INFO",
    "Keywords": "873262341581728267",
    "RecordNumber": 494484,
    "ExecutionProcessID": 6547,
    "ExecutionThreadID": 8597,
    "UserID": "S-1-5-18",
    "AccountName": "SYSTEM"
} {
    "EventID": 4688,
    "SourceName": "Microsoft-Windows-Security-Auditing",
    "Channel": "Security",
    "Message": "A new process has been created.",
    "EventTime": "2025-03-26T20:21:14.013596Z",
    "Hostname": "PRETERA.corp.local",
    "Severity": "INFO",
    "SeverityValue": 2,
    "EventType": "INFO",
    "Keywords": "709174563239479533",
    "RecordNumber": 431479,
    "ExecutionProcessID": 1117,
    "ExecutionThreadID": 1431,
    "UserID": "S-1-5-18",
    "AccountName": "SYSTEM"
} {
    "EventID": 2010,
    "SourceName": "Microsoft-Windows-Windows Defender",
    "Channel": "Microsoft-Windows-Windows Defender/Operational",
    "Message": "Microsoft Defender updated security intelligence.",
    "EventTime": "2025-03-26T14:26:09.013602Z",
    "Hostname": "PRETERA.corp.local",
    "Severity": "INFO",
    "SeverityValue": 2,
    "EventType": "INFO",
    "Keywords": "407365507653569545",
    "RecordNumber": 498042,
    "ExecutionProcessID": 3199,
    "ExecutionThreadID": 1006,
    "UserID": "S-1-5-18",
    "AccountName": "SYSTEM"
} {
    "EventID": 1040,
    "SourceName": "MsiInstaller",
    "Channel": "Application",
    "Message": "Windows Installer started a transaction.",
    "EventTime": "2025-03-27T04:17:13.013608Z",
    "Hostname": "PRETERA.corp.local",
    "Severity": "INFO",
    "SeverityValue": 2,
    "EventType": "INFO",
    "Keywords": "970935785712563779",
    "RecordNumber": 451363,
    "ExecutionProcessID": 3475,
    "ExecutionThreadID": 2770,
    "UserID": "S-1-5-18",
    "AccountName": "SYSTEM"
} {
    "EventID": 4801,
    "SourceName": "Microsoft-Windows-Security-Auditing",
    "Channel": "Security",
    "Message": "The workstation was unlocked.",
    "EventTime": "2025-03-26T17:12:10.013614Z",
    "Hostname": "PRETERA.corp.local",
    "Severity": "INFO",
    "SeverityValue": 2,
    "EventType": "INFO",
    "Keywords": "667405993426205047",
    "RecordNumber": 819688,
    "ExecutionProcessID": 3326,
    "ExecutionThreadID": 4332,
    "UserID": "S-1-5-18",
    "AccountName": "SYSTEM"
} {
    "EventID": 4624,
    "SourceName": "Microsoft-Windows-Security-Auditing",
    "Channel": "Security",
    "Message": "Successful logon.",
    "EventTime": "2025-03-26T14:17:05.013620Z",
    "Hostname": "PRETERA.corp.local",
    "Severity": "INFO",
    "SeverityValue": 2,
    "EventType": "INFO",
    "Keywords": "340438270345132868",
    "RecordNumber": 104344,
    "ExecutionProcessID": 7385,
    "ExecutionThreadID": 1253,
    "UserID": "S-1-5-18",
    "AccountName": "SYSTEM"
} {
    "EventID": 4624,
    "SourceName": "Microsoft-Windows-Security-Auditing",
    "Channel": "Security",
    "Message": "Successful logon.",
    "EventTime": "2025-03-26T11:30:34.013626Z",
    "Hostname": "PRETERA.corp.local",
    "Severity": "INFO",
    "SeverityValue": 2,
    "EventType": "INFO",
    "Keywords": "767735190122264804",
    "RecordNumber": 446135,
    "ExecutionProcessID": 2864,
    "ExecutionThreadID": 3253,
    "UserID": "S-1-5-18",
    "AccountName": "SYSTEM"
} {
    "EventID": 4634,
    "SourceName": "Microsoft-Windows-Security-Auditing",
    "Channel": "Security",
    "Message": "An account was logged off.",
    "EventTime": "2025-03-26T21:06:35.013632Z",
    "Hostname": "PRETERA.corp.local",
    "Severity": "INFO",
    "SeverityValue": 2,
    "EventType": "INFO",
    "Keywords": "466591120541007436",
    "RecordNumber": 446568,
    "ExecutionProcessID": 9192,
    "ExecutionThreadID": 9894,
    "UserID": "S-1-5-18",
    "AccountName": "SYSTEM"
} {
    "EventID": 6,
    "SourceName": "Microsoft-Windows-FilterManager",
    "Channel": "System",
    "Message": "File System Filter successfully loaded.",
    "EventTime": "2025-03-27T06:45:34.013640Z",
    "Hostname": "PRETERA.corp.local",
    "Severity": "INFO",
    "SeverityValue": 2,
    "EventType": "INFO",
    "Keywords": "214374375261305554",
    "RecordNumber": 147891,
    "ExecutionProcessID": 8892,
    "ExecutionThreadID": 4915,
    "UserID": "S-1-5-18",
    "AccountName": "SYSTEM"
} {
    "EventID": 4634,
    "SourceName": "Microsoft-Windows-Security-Auditing",
    "Channel": "Security",
    "Message": "An account was logged off.",
    "EventTime": "2025-03-26T14:23:45.013648Z",
    "Hostname": "PRETERA.corp.local",
    "Severity": "INFO",
    "SeverityValue": 2,
    "EventType": "INFO",
    "Keywords": "688150595468838265",
    "RecordNumber": 596247,
    "ExecutionProcessID": 3021,
    "ExecutionThreadID": 2032,
    "UserID": "S-1-5-18",
    "AccountName": "SYSTEM"
} {
    "EventID": 6,
    "SourceName": "Microsoft-Windows-FilterManager",
    "Channel": "System",
    "Message": "File System Filter successfully loaded.",
    "EventTime": "2025-03-27T01:53:14.013654Z",
    "Hostname": "PRETERA.corp.local",
    "Severity": "INFO",
    "SeverityValue": 2,
    "EventType": "INFO",
    "Keywords": "254475828857799774",
    "RecordNumber": 48784,
    "ExecutionProcessID": 5747,
    "ExecutionThreadID": 3671,
    "UserID": "S-1-5-18",
    "AccountName": "SYSTEM"
} 