{
    "EventID": 1040,
    "SourceName": "MsiInstaller",
    "Channel": "Application",
    "Message": "Windows Installer started a transaction.",
    "EventTime": "2025-03-26T15:49:54.009270Z",
    "Hostname": "PRETERA.corp.local",
    "Severity": "INFO",
    "SeverityValue": 2,
    "EventType": "INFO",
    "Keywords": "402892370171409746",
    "RecordNumber": 55415,
    "ExecutionProcessID": 2568,
    "ExecutionThreadID": 4684,
    "UserID": "S-1-5-18",
    "AccountName": "SYSTEM"
} {
    "EventID": 1040,
    "SourceName": "MsiInstaller",
    "Channel": "Application",
    "Message": "Windows Installer started a transaction.",
    "EventTime": "2025-03-26T19:59:00.009276Z",
    "Hostname": "PRETERA.corp.local",
    "Severity": "INFO",
    "SeverityValue": 2,
    "EventType": "INFO",
    "Keywords": "766300450503943763",
    "RecordNumber": 364073,
    "ExecutionProcessID": 3840,
    "ExecutionThreadID": 4799,
    "UserID": "S-1-5-18",
    "AccountName": "SYSTEM"
} {
    "EventID": 4688,
    "SourceName": "Microsoft-Windows-Security-Auditing",
    "Channel": "Security",
    "Message": "A new process has been created.",
    "EventTime": "2025-03-26T09:27:26.009282Z",
    "Hostname": "PRETERA.corp.local",
    "Severity": "INFO",
    "SeverityValue": 2,
    "EventType": "INFO",
    "Keywords": "475558690721391593",
    "RecordNumber": 821283,
    "ExecutionProcessID": 6155,
    "ExecutionThreadID": 5723,
    "UserID": "S-1-5-18",
    "AccountName": "SYSTEM"
} {
    "EventID": 4801,
    "SourceName": "Microsoft-Windows-Security-Auditing",
    "Channel": "Security",
    "Message": "The workstation was unlocked.",
    "EventTime": "2025-03-26T21:16:26.009288Z",
    "Hostname": "PRETERA.corp.local",
    "Severity": "INFO",
    "SeverityValue": 2,
    "EventType": "INFO",
    "Keywords": "341418559204211509",
    "RecordNumber": 17267,
    "ExecutionProcessID": 3596,
    "ExecutionThreadID": 1237,
    "UserID": "S-1-5-18",
    "AccountName": "SYSTEM"
} {
    "EventID": 4688,
    "SourceName": "Microsoft-Windows-Security-Auditing",
    "Channel": "Security",
    "Message": "A new process has been created.",
    "EventTime": "2025-03-26T18:04:34.009295Z",
    "Hostname": "PRETERA.corp.local",
    "Severity": "INFO",
    "SeverityValue": 2,
    "EventType": "INFO",
    "Keywords": "677670846014821973",
    "RecordNumber": 329240,
    "ExecutionProcessID": 3900,
    "ExecutionThreadID": 2832,
    "UserID": "S-1-5-18",
    "AccountName": "SYSTEM"
} {
    "EventID": 6,
    "SourceName": "Microsoft-Windows-FilterManager",
    "Channel": "System",
    "Message": "File System Filter successfully loaded.",
    "EventTime": "2025-03-26T23:34:32.009301Z",
    "Hostname": "PRETERA.corp.local",
    "Severity": "INFO",
    "SeverityValue": 2,
    "EventType": "INFO",
    "Keywords": "345290301641874687",
    "RecordNumber": 413263,
    "ExecutionProcessID": 8936,
    "ExecutionThreadID": 4657,
    "UserID": "S-1-5-18",
    "AccountName": "SYSTEM"
} {
    "EventID": 2010,
    "SourceName": "Microsoft-Windows-Windows Defender",
    "Channel": "Microsoft-Windows-Windows Defender/Operational",
    "Message": "Microsoft Defender updated security intelligence.",
    "EventTime": "2025-03-27T07:05:20.009306Z",
    "Hostname": "PRETERA.corp.local",
    "Severity": "INFO",
    "SeverityValue": 2,
    "EventType": "INFO",
    "Keywords": "367720394199185605",
    "RecordNumber": 499417,
    "ExecutionProcessID": 4385,
    "ExecutionThreadID": 3215,
    "UserID": "S-1-5-18",
    "AccountName": "SYSTEM"
} {
    "EventID": 4801,
    "SourceName": "Microsoft-Windows-Security-Auditing",
    "Channel": "Security",
    "Message": "The workstation was unlocked.",
    "EventTime": "2025-03-26T21:50:07.009312Z",
    "Hostname": "PRETERA.corp.local",
    "Severity": "INFO",
    "SeverityValue": 2,
    "EventType": "INFO",
    "Keywords": "29884266278155835",
    "RecordNumber": 630240,
    "ExecutionProcessID": 3041,
    "ExecutionThreadID": 5876,
    "UserID": "S-1-5-18",
    "AccountName": "SYSTEM"
} {
    "EventID": 4624,
    "SourceName": "Microsoft-Windows-Security-Auditing",
    "Channel": "Security",
    "Message": "Successful logon.",
    "EventTime": "2025-03-27T05:06:20.009317Z",
    "Hostname": "PRETERA.corp.local",
    "Severity": "INFO",
    "SeverityValue": 2,
    "EventType": "INFO",
    "Keywords": "905383222772007039",
    "RecordNumber": 783719,
    "ExecutionProcessID": 2332,
    "ExecutionThreadID": 4520,
    "UserID": "S-1-5-18",
    "AccountName": "SYSTEM"
} {
    "EventID": 4688,
    "SourceName": "Microsoft-Windows-Security-Auditing",
    "Channel": "Security",
    "Message": "A new process has been created.",
    "EventTime": "2025-03-26T13:20:42.009323Z",
    "Hostname": "PRETERA.corp.local",
    "Severity": "INFO",
    "SeverityValue": 2,
    "EventType": "INFO",
    "Keywords": "392211885196115100",
    "RecordNumber": 474373,
    "ExecutionProcessID": 3125,
    "ExecutionThreadID": 6438,
    "UserID": "S-1-5-18",
    "AccountName": "SYSTEM"
} {
    "EventID": 4688,
    "SourceName": "Microsoft-Windows-Security-Auditing",
    "Channel": "Security",
    "Message": "A new process has been created.",
    "EventTime": "2025-03-26T18:32:17.009328Z",
    "Hostname": "PRETERA.corp.local",
    "Severity": "INFO",
    "SeverityValue": 2,
    "EventType": "INFO",
    "Keywords": "700847305239502719",
    "RecordNumber": 416108,
    "ExecutionProcessID": 8099,
    "ExecutionThreadID": 4235,
    "UserID": "S-1-5-18",
    "AccountName": "SYSTEM"
} {
    "EventID": 6,
    "SourceName": "Microsoft-Windows-FilterManager",
    "Channel": "System",
    "Message": "File System Filter successfully loaded.",
    "EventTime": "2025-03-26T16:18:45.009333Z",
    "Hostname": "PRETERA.corp.local",
    "Severity": "INFO",
    "SeverityValue": 2,
    "EventType": "INFO",
    "Keywords": "19306624687879215",
    "RecordNumber": 428620,
    "ExecutionProcessID": 6728,
    "ExecutionThreadID": 5438,
    "UserID": "S-1-5-18",
    "AccountName": "SYSTEM"
} {
    "EventID": 4624,
    "SourceName": "Microsoft-Windows-Security-Auditing",
    "Channel": "Security",
    "Message": "Successful logon.",
    "EventTime": "2025-03-26T19:27:43.009338Z",
    "Hostname": "PRETERA.corp.local",
    "Severity": "INFO",
    "SeverityValue": 2,
    "EventType": "INFO",
    "Keywords": "15257641830954778",
    "RecordNumber": 173361,
    "ExecutionProcessID": 2077,
    "ExecutionThreadID": 4077,
    "UserID": "S-1-5-18",
    "AccountName": "SYSTEM"
} {
    "EventID": 6,
    "SourceName": "Microsoft-Windows-FilterManager",
    "Channel": "System",
    "Message": "File System Filter successfully loaded.",
    "EventTime": "2025-03-26T15:26:45.009344Z",
    "Hostname": "PRETERA.corp.local",
    "Severity": "INFO",
    "SeverityValue": 2,
    "EventType": "INFO",
    "Keywords": "843049398810583271",
    "RecordNumber": 189162,
    "ExecutionProcessID": 2085,
    "ExecutionThreadID": 5805,
    "UserID": "S-1-5-18",
    "AccountName": "SYSTEM"
} {
    "EventID": 4624,
    "SourceName": "Microsoft-Windows-Security-Auditing",
    "Channel": "Security",
    "Message": "Successful logon.",
    "EventTime": "2025-03-26T19:08:49.009351Z",
    "Hostname": "PRETERA.corp.local",
    "Severity": "INFO",
    "SeverityValue": 2,
    "EventType": "INFO",
    "Keywords": "796465406963157741",
    "RecordNumber": 787918,
    "ExecutionProcessID": 8902,
    "ExecutionThreadID": 5799,
    "UserID": "S-1-5-18",
    "AccountName": "SYSTEM"
} {
    "EventID": 4624,
    "SourceName": "Microsoft-Windows-Security-Auditing",
    "Channel": "Security",
    "Message": "Successful logon.",
    "EventTime": "2025-03-26T09:50:28.009357Z",
    "Hostname": "PRETERA.corp.local",
    "Severity": "INFO",
    "SeverityValue": 2,
    "EventType": "INFO",
    "Keywords": "491976026730482807",
    "RecordNumber": 688996,
    "ExecutionProcessID": 7729,
    "ExecutionThreadID": 9791,
    "UserID": "S-1-5-18",
    "AccountName": "SYSTEM"
} {
    "EventID": 2010,
    "SourceName": "Microsoft-Windows-Windows Defender",
    "Channel": "Microsoft-Windows-Windows Defender/Operational",
    "Message": "Microsoft Defender updated security intelligence.",
    "EventTime": "2025-03-26T14:37:04.009364Z",
    "Hostname": "PRETERA.corp.local",
    "Severity": "INFO",
    "SeverityValue": 2,
    "EventType": "INFO",
    "Keywords": "752398553315816443",
    "RecordNumber": 945773,
    "ExecutionProcessID": 9970,
    "ExecutionThreadID": 4494,
    "UserID": "S-1-5-18",
    "AccountName": "SYSTEM"
} {
    "EventID": 4624,
    "SourceName": "Microsoft-Windows-Security-Auditing",
    "Channel": "Security",
    "Message": "Successful logon.",
    "EventTime": "2025-03-27T08:45:35.009370Z",
    "Hostname": "PRETERA.corp.local",
    "Severity": "INFO",
    "SeverityValue": 2,
    "EventType": "INFO",
    "Keywords": "713984108688118800",
    "RecordNumber": 672769,
    "ExecutionProcessID": 6341,
    "ExecutionThreadID": 4004,
    "UserID": "S-1-5-18",
    "AccountName": "SYSTEM"
} {
    "EventID": 4801,
    "SourceName": "Microsoft-Windows-Security-Auditing",
    "Channel": "Security",
    "Message": "The workstation was unlocked.",
    "EventTime": "2025-03-27T06:35:12.009375Z",
    "Hostname": "PRETERA.corp.local",
    "Severity": "INFO",
    "SeverityValue": 2,
    "EventType": "INFO",
    "Keywords": "125780693942039351",
    "RecordNumber": 389186,
    "ExecutionProcessID": 5593,
    "ExecutionThreadID": 5435,
    "UserID": "S-1-5-18",
    "AccountName": "SYSTEM"
} {
    "EventID": 4634,
    "SourceName": "Microsoft-Windows-Security-Auditing",
    "Channel": "Security",
    "Message": "An account was logged off.",
    "EventTime": "2025-03-26T16:29:21.009381Z",
    "Hostname": "PRETERA.corp.local",
    "Severity": "INFO",
    "SeverityValue": 2,
    "EventType": "INFO",
    "Keywords": "275495614858347902",
    "RecordNumber": 170040,
    "ExecutionProcessID": 9346,
    "ExecutionThreadID": 2035,
    "UserID": "S-1-5-18",
    "AccountName": "SYSTEM"
} {
    "EventID": 4688,
    "SourceName": "Microsoft-Windows-Security-Auditing",
    "Channel": "Security",
    "Message": "A new process has been created.",
    "EventTime": "2025-03-26T23:07:42.009386Z",
    "Hostname": "PRETERA.corp.local",
    "Severity": "INFO",
    "SeverityValue": 2,
    "EventType": "INFO",
    "Keywords": "316282724665483949",
    "RecordNumber": 365095,
    "ExecutionProcessID": 5027,
    "ExecutionThreadID": 4875,
    "UserID": "S-1-5-18",
    "AccountName": "SYSTEM"
} {
    "EventID": 1040,
    "SourceName": "MsiInstaller",
    "Channel": "Application",
    "Message": "Windows Installer started a transaction.",
    "EventTime": "2025-03-26T20:02:31.009391Z",
    "Hostname": "PRETERA.corp.local",
    "Severity": "INFO",
    "SeverityValue": 2,
    "EventType": "INFO",
    "Keywords": "370400200774075105",
    "RecordNumber": 236512,
    "ExecutionProcessID": 7467,
    "ExecutionThreadID": 5705,
    "UserID": "S-1-5-18",
    "AccountName": "SYSTEM"
} {
    "EventID": 1040,
    "SourceName": "MsiInstaller",
    "Channel": "Application",
    "Message": "Windows Installer started a transaction.",
    "EventTime": "2025-03-26T10:11:31.009397Z",
    "Hostname": "PRETERA.corp.local",
    "Severity": "INFO",
    "SeverityValue": 2,
    "EventType": "INFO",
    "Keywords": "471678294276330128",
    "RecordNumber": 10781,
    "ExecutionProcessID": 1790,
    "ExecutionThreadID": 9398,
    "UserID": "S-1-5-18",
    "AccountName": "SYSTEM"
} {
    "EventID": 4624,
    "SourceName": "Microsoft-Windows-Security-Auditing",
    "Channel": "Security",
    "Message": "Successful logon.",
    "EventTime": "2025-03-26T10:00:27.009402Z",
    "Hostname": "PRETERA.corp.local",
    "Severity": "INFO",
    "SeverityValue": 2,
    "EventType": "INFO",
    "Keywords": "793944717093888705",
    "RecordNumber": 106333,
    "ExecutionProcessID": 9772,
    "ExecutionThreadID": 3425,
    "UserID": "S-1-5-18",
    "AccountName": "SYSTEM"
} {
    "EventID": 1040,
    "SourceName": "MsiInstaller",
    "Channel": "Application",
    "Message": "Windows Installer started a transaction.",
    "EventTime": "2025-03-26T17:31:55.009409Z",
    "Hostname": "PRETERA.corp.local",
    "Severity": "INFO",
    "SeverityValue": 2,
    "EventType": "INFO",
    "Keywords": "660949972985769117",
    "RecordNumber": 803769,
    "ExecutionProcessID": 9584,
    "ExecutionThreadID": 1746,
    "UserID": "S-1-5-18",
    "AccountName": "SYSTEM"
} {
    "EventID": 4634,
    "SourceName": "Microsoft-Windows-Security-Auditing",
    "Channel": "Security",
    "Message": "An account was logged off.",
    "EventTime": "2025-03-27T01:29:31.009415Z",
    "Hostname": "PRETERA.corp.local",
    "Severity": "INFO",
    "SeverityValue": 2,
    "EventType": "INFO",
    "Keywords": "430188557762856464",
    "RecordNumber": 76530,
    "ExecutionProcessID": 4776,
    "ExecutionThreadID": 1389,
    "UserID": "S-1-5-18",
    "AccountName": "SYSTEM"
} {
    "EventID": 1040,
    "SourceName": "MsiInstaller",
    "Channel": "Application",
    "Message": "Windows Installer started a transaction.",
    "EventTime": "2025-03-26T19:51:40.009420Z",
    "Hostname": "PRETERA.corp.local",
    "Severity": "INFO",
    "SeverityValue": 2,
    "EventType": "INFO",
    "Keywords": "290873845861560263",
    "RecordNumber": 567866,
    "ExecutionProcessID": 8054,
    "ExecutionThreadID": 9764,
    "UserID": "S-1-5-18",
    "AccountName": "SYSTEM"
} {
    "EventID": 6,
    "SourceName": "Microsoft-Windows-FilterManager",
    "Channel": "System",
    "Message": "File System Filter successfully loaded.",
    "EventTime": "2025-03-26T18:00:22.009425Z",
    "Hostname": "PRETERA.corp.local",
    "Severity": "INFO",
    "SeverityValue": 2,
    "EventType": "INFO",
    "Keywords": "288378834988216527",
    "RecordNumber": 265107,
    "ExecutionProcessID": 8001,
    "ExecutionThreadID": 8741,
    "UserID": "S-1-5-18",
    "AccountName": "SYSTEM"
} {
    "EventID": 4801,
    "SourceName": "Microsoft-Windows-Security-Auditing",
    "Channel": "Security",
    "Message": "The workstation was unlocked.",
    "EventTime": "2025-03-27T00:35:53.009433Z",
    "Hostname": "PRETERA.corp.local",
    "Severity": "INFO",
    "SeverityValue": 2,
    "EventType": "INFO",
    "Keywords": "387141010761323508",
    "RecordNumber": 864597,
    "ExecutionProcessID": 5178,
    "ExecutionThreadID": 9710,
    "UserID": "S-1-5-18",
    "AccountName": "SYSTEM"
} {
    "EventID": 1040,
    "SourceName": "MsiInstaller",
    "Channel": "Application",
    "Message": "Windows Installer started a transaction.",
    "EventTime": "2025-03-26T17:01:48.009439Z",
    "Hostname": "PRETERA.corp.local",
    "Severity": "INFO",
    "SeverityValue": 2,
    "EventType": "INFO",
    "Keywords": "945127339947696350",
    "RecordNumber": 115510,
    "ExecutionProcessID": 5624,
    "ExecutionThreadID": 8074,
    "UserID": "S-1-5-18",
    "AccountName": "SYSTEM"
} {
    "EventID": 4624,
    "SourceName": "Microsoft-Windows-Security-Auditing",
    "Channel": "Security",
    "Message": "Successful logon.",
    "EventTime": "2025-03-26T19:44:06.009445Z",
    "Hostname": "PRETERA.corp.local",
    "Severity": "INFO",
    "SeverityValue": 2,
    "EventType": "INFO",
    "Keywords": "956813496814765112",
    "RecordNumber": 33254,
    "ExecutionProcessID": 4368,
    "ExecutionThreadID": 3785,
    "UserID": "S-1-5-18",
    "AccountName": "SYSTEM"
} {
    "EventID": 2010,
    "SourceName": "Microsoft-Windows-Windows Defender",
    "Channel": "Microsoft-Windows-Windows Defender/Operational",
    "Message": "Microsoft Defender updated security intelligence.",
    "EventTime": "2025-03-27T07:15:54.009450Z",
    "Hostname": "PRETERA.corp.local",
    "Severity": "INFO",
    "SeverityValue": 2,
    "EventType": "INFO",
    "Keywords": "426208018742428808",
    "RecordNumber": 260566,
    "ExecutionProcessID": 2306,
    "ExecutionThreadID": 6671,
    "UserID": "S-1-5-18",
    "AccountName": "SYSTEM"
} {
    "EventID": 4801,
    "SourceName": "Microsoft-Windows-Security-Auditing",
    "Channel": "Security",
    "Message": "The workstation was unlocked.",
    "EventTime": "2025-03-27T07:12:39.009455Z",
    "Hostname": "PRETERA.corp.local",
    "Severity": "INFO",
    "SeverityValue": 2,
    "EventType": "INFO",
    "Keywords": "433224175596281726",
    "RecordNumber": 315375,
    "ExecutionProcessID": 4414,
    "ExecutionThreadID": 8925,
    "UserID": "S-1-5-18",
    "AccountName": "SYSTEM"
} {
    "EventID": 1040,
    "SourceName": "MsiInstaller",
    "Channel": "Application",
    "Message": "Windows Installer started a transaction.",
    "EventTime": "2025-03-26T20:17:49.009461Z",
    "Hostname": "PRETERA.corp.local",
    "Severity": "INFO",
    "SeverityValue": 2,
    "EventType": "INFO",
    "Keywords": "454818245281981342",
    "RecordNumber": 929466,
    "ExecutionProcessID": 1724,
    "ExecutionThreadID": 2557,
    "UserID": "S-1-5-18",
    "AccountName": "SYSTEM"
} {
    "EventID": 2010,
    "SourceName": "Microsoft-Windows-Windows Defender",
    "Channel": "Microsoft-Windows-Windows Defender/Operational",
    "Message": "Microsoft Defender updated security intelligence.",
    "EventTime": "2025-03-27T04:29:30.009468Z",
    "Hostname": "PRETERA.corp.local",
    "Severity": "INFO",
    "SeverityValue": 2,
    "EventType": "INFO",
    "Keywords": "339039377735388385",
    "RecordNumber": 258166,
    "ExecutionProcessID": 6971,
    "ExecutionThreadID": 4765,
    "UserID": "S-1-5-18",
    "AccountName": "SYSTEM"
} {
    "EventID": 6,
    "SourceName": "Microsoft-Windows-FilterManager",
    "Channel": "System",
    "Message": "File System Filter successfully loaded.",
    "EventTime": "2025-03-26T22:24:59.009474Z",
    "Hostname": "PRETERA.corp.local",
    "Severity": "INFO",
    "SeverityValue": 2,
    "EventType": "INFO",
    "Keywords": "929098552897965512",
    "RecordNumber": 816876,
    "ExecutionProcessID": 6253,
    "ExecutionThreadID": 1649,
    "UserID": "S-1-5-18",
    "AccountName": "SYSTEM"
} {
    "EventID": 4624,
    "SourceName": "Microsoft-Windows-Security-Auditing",
    "Channel": "Security",
    "Message": "Successful logon.",
    "EventTime": "2025-03-26T22:13:57.009479Z",
    "Hostname": "PRETERA.corp.local",
    "Severity": "INFO",
    "SeverityValue": 2,
    "EventType": "INFO",
    "Keywords": "665071056594525139",
    "RecordNumber": 965454,
    "ExecutionProcessID": 7760,
    "ExecutionThreadID": 9456,
    "UserID": "S-1-5-18",
    "AccountName": "SYSTEM"
} {
    "EventID": 1040,
    "SourceName": "MsiInstaller",
    "Channel": "Application",
    "Message": "Windows Installer started a transaction.",
    "EventTime": "2025-03-26T15:26:27.009484Z",
    "Hostname": "PRETERA.corp.local",
    "Severity": "INFO",
    "SeverityValue": 2,
    "EventType": "INFO",
    "Keywords": "838449904310274803",
    "RecordNumber": 142202,
    "ExecutionProcessID": 2645,
    "ExecutionThreadID": 9282,
    "UserID": "S-1-5-18",
    "AccountName": "SYSTEM"
} {
    "EventID": 4634,
    "SourceName": "Microsoft-Windows-Security-Auditing",
    "Channel": "Security",
    "Message": "An account was logged off.",
    "EventTime": "2025-03-27T07:34:12.009490Z",
    "Hostname": "PRETERA.corp.local",
    "Severity": "INFO",
    "SeverityValue": 2,
    "EventType": "INFO",
    "Keywords": "421431235045744607",
    "RecordNumber": 52327,
    "ExecutionProcessID": 6301,
    "ExecutionThreadID": 7989,
    "UserID": "S-1-5-18",
    "AccountName": "SYSTEM"
} {
    "EventID": 6,
    "SourceName": "Microsoft-Windows-FilterManager",
    "Channel": "System",
    "Message": "File System Filter successfully loaded.",
    "EventTime": "2025-03-26T17:04:03.009495Z",
    "Hostname": "PRETERA.corp.local",
    "Severity": "INFO",
    "SeverityValue": 2,
    "EventType": "INFO",
    "Keywords": "614870403902097031",
    "RecordNumber": 468323,
    "ExecutionProcessID": 1674,
    "ExecutionThreadID": 5741,
    "UserID": "S-1-5-18",
    "AccountName": "SYSTEM"
} {
    "EventID": 4801,
    "SourceName": "Microsoft-Windows-Security-Auditing",
    "Channel": "Security",
    "Message": "The workstation was unlocked.",
    "EventTime": "2025-03-27T09:03:56.009501Z",
    "Hostname": "PRETERA.corp.local",
    "Severity": "INFO",
    "SeverityValue": 2,
    "EventType": "INFO",
    "Keywords": "294342148635676905",
    "RecordNumber": 134611,
    "ExecutionProcessID": 2521,
    "ExecutionThreadID": 9015,
    "UserID": "S-1-5-18",
    "AccountName": "SYSTEM"
} {
    "EventID": 4801,
    "SourceName": "Microsoft-Windows-Security-Auditing",
    "Channel": "Security",
    "Message": "The workstation was unlocked.",
    "EventTime": "2025-03-26T09:27:54.009506Z",
    "Hostname": "PRETERA.corp.local",
    "Severity": "INFO",
    "SeverityValue": 2,
    "EventType": "INFO",
    "Keywords": "123789709077977449",
    "RecordNumber": 593114,
    "ExecutionProcessID": 4205,
    "ExecutionThreadID": 1536,
    "UserID": "S-1-5-18",
    "AccountName": "SYSTEM"
} {
    "EventID": 4688,
    "SourceName": "Microsoft-Windows-Security-Auditing",
    "Channel": "Security",
    "Message": "A new process has been created.",
    "EventTime": "2025-03-26T22:38:18.009511Z",
    "Hostname": "PRETERA.corp.local",
    "Severity": "INFO",
    "SeverityValue": 2,
    "EventType": "INFO",
    "Keywords": "615057976574785212",
    "RecordNumber": 487403,
    "ExecutionProcessID": 8222,
    "ExecutionThreadID": 5871,
    "UserID": "S-1-5-18",
    "AccountName": "SYSTEM"
} {
    "EventID": 4801,
    "SourceName": "Microsoft-Windows-Security-Auditing",
    "Channel": "Security",
    "Message": "The workstation was unlocked.",
    "EventTime": "2025-03-27T02:18:54.009517Z",
    "Hostname": "PRETERA.corp.local",
    "Severity": "INFO",
    "SeverityValue": 2,
    "EventType": "INFO",
    "Keywords": "943048010032605812",
    "RecordNumber": 609290,
    "ExecutionProcessID": 5319,
    "ExecutionThreadID": 8097,
    "UserID": "S-1-5-18",
    "AccountName": "SYSTEM"
} {
    "EventID": 2010,
    "SourceName": "Microsoft-Windows-Windows Defender",
    "Channel": "Microsoft-Windows-Windows Defender/Operational",
    "Message": "Microsoft Defender updated security intelligence.",
    "EventTime": "2025-03-26T22:47:10.009526Z",
    "Hostname": "PRETERA.corp.local",
    "Severity": "INFO",
    "SeverityValue": 2,
    "EventType": "INFO",
    "Keywords": "823601770597918828",
    "RecordNumber": 122491,
    "ExecutionProcessID": 7536,
    "ExecutionThreadID": 6986,
    "UserID": "S-1-5-18",
    "AccountName": "SYSTEM"
} {
    "EventID": 2010,
    "SourceName": "Microsoft-Windows-Windows Defender",
    "Channel": "Microsoft-Windows-Windows Defender/Operational",
    "Message": "Microsoft Defender updated security intelligence.",
    "EventTime": "2025-03-27T07:33:21.009532Z",
    "Hostname": "PRETERA.corp.local",
    "Severity": "INFO",
    "SeverityValue": 2,
    "EventType": "INFO",
    "Keywords": "583877669286666096",
    "RecordNumber": 914557,
    "ExecutionProcessID": 1991,
    "ExecutionThreadID": 9413,
    "UserID": "S-1-5-18",
    "AccountName": "SYSTEM"
} {
    "EventID": 2010,
    "SourceName": "Microsoft-Windows-Windows Defender",
    "Channel": "Microsoft-Windows-Windows Defender/Operational",
    "Message": "Microsoft Defender updated security intelligence.",
    "EventTime": "2025-03-26T23:56:29.009538Z",
    "Hostname": "PRETERA.corp.local",
    "Severity": "INFO",
    "SeverityValue": 2,
    "EventType": "INFO",
    "Keywords": "971340216059931133",
    "RecordNumber": 664665,
    "ExecutionProcessID": 4481,
    "ExecutionThreadID": 9386,
    "UserID": "S-1-5-18",
    "AccountName": "SYSTEM"
} {
    "EventID": 2010,
    "SourceName": "Microsoft-Windows-Windows Defender",
    "Channel": "Microsoft-Windows-Windows Defender/Operational",
    "Message": "Microsoft Defender updated security intelligence.",
    "EventTime": "2025-03-26T23:42:34.009543Z",
    "Hostname": "PRETERA.corp.local",
    "Severity": "INFO",
    "SeverityValue": 2,
    "EventType": "INFO",
    "Keywords": "430405596966200902",
    "RecordNumber": 476361,
    "ExecutionProcessID": 2710,
    "ExecutionThreadID": 3910,
    "UserID": "S-1-5-18",
    "AccountName": "SYSTEM"
} {
    "EventID": 4634,
    "SourceName": "Microsoft-Windows-Security-Auditing",
    "Channel": "Security",
    "Message": "An account was logged off.",
    "EventTime": "2025-03-26T18:37:08.009550Z",
    "Hostname": "PRETERA.corp.local",
    "Severity": "INFO",
    "SeverityValue": 2,
    "EventType": "INFO",
    "Keywords": "364086789045466439",
    "RecordNumber": 638035,
    "ExecutionProcessID": 2691,
    "ExecutionThreadID": 1786,
    "UserID": "S-1-5-18",
    "AccountName": "SYSTEM"
} {
    "EventID": 4624,
    "SourceName": "Microsoft-Windows-Security-Auditing",
    "Channel": "Security",
    "Message": "Successful logon.",
    "EventTime": "2025-03-26T11:28:47.009556Z",
    "Hostname": "PRETERA.corp.local",
    "Severity": "INFO",
    "SeverityValue": 2,
    "EventType": "INFO",
    "Keywords": "185688825305579542",
    "RecordNumber": 452840,
    "ExecutionProcessID": 2241,
    "ExecutionThreadID": 4795,
    "UserID": "S-1-5-18",
    "AccountName": "SYSTEM"
} {
    "EventID": 6,
    "SourceName": "Microsoft-Windows-FilterManager",
    "Channel": "System",
    "Message": "File System Filter successfully loaded.",
    "EventTime": "2025-03-26T10:42:37.009561Z",
    "Hostname": "PRETERA.corp.local",
    "Severity": "INFO",
    "SeverityValue": 2,
    "EventType": "INFO",
    "Keywords": "481350610718161881",
    "RecordNumber": 448347,
    "ExecutionProcessID": 3973,
    "ExecutionThreadID": 7170,
    "UserID": "S-1-5-18",
    "AccountName": "SYSTEM"
} {
    "EventID": 4688,
    "SourceName": "Microsoft-Windows-Security-Auditing",
    "Channel": "Security",
    "Message": "A new process has been created.",
    "EventTime": "2025-03-27T07:34:21.009567Z",
    "Hostname": "PRETERA.corp.local",
    "Severity": "INFO",
    "SeverityValue": 2,
    "EventType": "INFO",
    "Keywords": "805578479707812517",
    "RecordNumber": 457810,
    "ExecutionProcessID": 1913,
    "ExecutionThreadID": 9691,
    "UserID": "S-1-5-18",
    "AccountName": "SYSTEM"
} {
    "EventID": 1040,
    "SourceName": "MsiInstaller",
    "Channel": "Application",
    "Message": "Windows Installer started a transaction.",
    "EventTime": "2025-03-26T23:18:44.009574Z",
    "Hostname": "PRETERA.corp.local",
    "Severity": "INFO",
    "SeverityValue": 2,
    "EventType": "INFO",
    "Keywords": "437475449149946683",
    "RecordNumber": 401606,
    "ExecutionProcessID": 9043,
    "ExecutionThreadID": 3214,
    "UserID": "S-1-5-18",
    "AccountName": "SYSTEM"
} {
    "EventID": 1040,
    "SourceName": "MsiInstaller",
    "Channel": "Application",
    "Message": "Windows Installer started a transaction.",
    "EventTime": "2025-03-26T21:05:03.009580Z",
    "Hostname": "PRETERA.corp.local",
    "Severity": "INFO",
    "SeverityValue": 2,
    "EventType": "INFO",
    "Keywords": "900805614199088166",
    "RecordNumber": 529207,
    "ExecutionProcessID": 9217,
    "ExecutionThreadID": 8619,
    "UserID": "S-1-5-18",
    "AccountName": "SYSTEM"
} {
    "EventID": 4801,
    "SourceName": "Microsoft-Windows-Security-Auditing",
    "Channel": "Security",
    "Message": "The workstation was unlocked.",
    "EventTime": "2025-03-26T23:06:08.009589Z",
    "Hostname": "PRETERA.corp.local",
    "Severity": "INFO",
    "SeverityValue": 2,
    "EventType": "INFO",
    "Keywords": "885766279397574009",
    "RecordNumber": 727070,
    "ExecutionProcessID": 5421,
    "ExecutionThreadID": 8648,
    "UserID": "S-1-5-18",
    "AccountName": "SYSTEM"
} {
    "EventID": 2010,
    "SourceName": "Microsoft-Windows-Windows Defender",
    "Channel": "Microsoft-Windows-Windows Defender/Operational",
    "Message": "Microsoft Defender updated security intelligence.",
    "EventTime": "2025-03-27T05:51:02.009595Z",
    "Hostname": "PRETERA.corp.local",
    "Severity": "INFO",
    "SeverityValue": 2,
    "EventType": "INFO",
    "Keywords": "96772585483192199",
    "RecordNumber": 46832,
    "ExecutionProcessID": 1448,
    "ExecutionThreadID": 6324,
    "UserID": "S-1-5-18",
    "AccountName": "SYSTEM"
} {
    "EventID": 4688,
    "SourceName": "Microsoft-Windows-Security-Auditing",
    "Channel": "Security",
    "Message": "A new process has been created.",
    "EventTime": "2025-03-26T14:08:10.009600Z",
    "Hostname": "PRETERA.corp.local",
    "Severity": "INFO",
    "SeverityValue": 2,
    "EventType": "INFO",
    "Keywords": "286336561951323101",
    "RecordNumber": 692319,
    "ExecutionProcessID": 8929,
    "ExecutionThreadID": 6907,
    "UserID": "S-1-5-18",
    "AccountName": "SYSTEM"
} {
    "EventID": 6,
    "SourceName": "Microsoft-Windows-FilterManager",
    "Channel": "System",
    "Message": "File System Filter successfully loaded.",
    "EventTime": "2025-03-27T02:03:10.009605Z",
    "Hostname": "PRETERA.corp.local",
    "Severity": "INFO",
    "SeverityValue": 2,
    "EventType": "INFO",
    "Keywords": "587589956006665609",
    "RecordNumber": 703361,
    "ExecutionProcessID": 1645,
    "ExecutionThreadID": 2373,
    "UserID": "S-1-5-18",
    "AccountName": "SYSTEM"
} {
    "EventID": 6,
    "SourceName": "Microsoft-Windows-FilterManager",
    "Channel": "System",
    "Message": "File System Filter successfully loaded.",
    "EventTime": "2025-03-27T07:33:28.009611Z",
    "Hostname": "PRETERA.corp.local",
    "Severity": "INFO",
    "SeverityValue": 2,
    "EventType": "INFO",
    "Keywords": "856147450080474426",
    "RecordNumber": 82977,
    "ExecutionProcessID": 9531,
    "ExecutionThreadID": 2626,
    "UserID": "S-1-5-18",
    "AccountName": "SYSTEM"
} {
    "EventID": 6,
    "SourceName": "Microsoft-Windows-FilterManager",
    "Channel": "System",
    "Message": "File System Filter successfully loaded.",
    "EventTime": "2025-03-26T21:09:12.009616Z",
    "Hostname": "PRETERA.corp.local",
    "Severity": "INFO",
    "SeverityValue": 2,
    "EventType": "INFO",
    "Keywords": "801013127204577851",
    "RecordNumber": 389994,
    "ExecutionProcessID": 3050,
    "ExecutionThreadID": 7595,
    "UserID": "S-1-5-18",
    "AccountName": "SYSTEM"
} {
    "EventID": 2010,
    "SourceName": "Microsoft-Windows-Windows Defender",
    "Channel": "Microsoft-Windows-Windows Defender/Operational",
    "Message": "Microsoft Defender updated security intelligence.",
    "EventTime": "2025-03-26T13:24:11.009623Z",
    "Hostname": "PRETERA.corp.local",
    "Severity": "INFO",
    "SeverityValue": 2,
    "EventType": "INFO",
    "Keywords": "538156296641120336",
    "RecordNumber": 772489,
    "ExecutionProcessID": 9006,
    "ExecutionThreadID": 6895,
    "UserID": "S-1-5-18",
    "AccountName": "SYSTEM"
} {
    "EventID": 6,
    "SourceName": "Microsoft-Windows-FilterManager",
    "Channel": "System",
    "Message": "File System Filter successfully loaded.",
    "EventTime": "2025-03-26T16:19:15.009628Z",
    "Hostname": "PRETERA.corp.local",
    "Severity": "INFO",
    "SeverityValue": 2,
    "EventType": "INFO",
    "Keywords": "786436905821299478",
    "RecordNumber": 568362,
    "ExecutionProcessID": 8195,
    "ExecutionThreadID": 3276,
    "UserID": "S-1-5-18",
    "AccountName": "SYSTEM"
} {
    "EventID": 4688,
    "SourceName": "Microsoft-Windows-Security-Auditing",
    "Channel": "Security",
    "Message": "A new process has been created.",
    "EventTime": "2025-03-26T23:31:32.009663Z",
    "Hostname": "PRETERA.corp.local",
    "Severity": "INFO",
    "SeverityValue": 2,
    "EventType": "INFO",
    "Keywords": "56653690198895247",
    "RecordNumber": 288250,
    "ExecutionProcessID": 4823,
    "ExecutionThreadID": 4662,
    "UserID": "S-1-5-18",
    "AccountName": "SYSTEM"
} {
    "EventID": 4801,
    "SourceName": "Microsoft-Windows-Security-Auditing",
    "Channel": "Security",
    "Message": "The workstation was unlocked.",
    "EventTime": "2025-03-26T12:13:04.009671Z",
    "Hostname": "PRETERA.corp.local",
    "Severity": "INFO",
    "SeverityValue": 2,
    "EventType": "INFO",
    "Keywords": "235094242095059244",
    "RecordNumber": 12364,
    "ExecutionProcessID": 7739,
    "ExecutionThreadID": 3329,
    "UserID": "S-1-5-18",
    "AccountName": "SYSTEM"
} {
    "EventID": 4624,
    "SourceName": "Microsoft-Windows-Security-Auditing",
    "Channel": "Security",
    "Message": "Successful logon.",
    "EventTime": "2025-03-26T18:30:58.009682Z",
    "Hostname": "PRETERA.corp.local",
    "Severity": "INFO",
    "SeverityValue": 2,
    "EventType": "INFO",
    "Keywords": "822898881926184286",
    "RecordNumber": 355102,
    "ExecutionProcessID": 4716,
    "ExecutionThreadID": 9620,
    "UserID": "S-1-5-18",
    "AccountName": "SYSTEM"
} {
    "EventID": 1040,
    "SourceName": "MsiInstaller",
    "Channel": "Application",
    "Message": "Windows Installer started a transaction.",
    "EventTime": "2025-03-26T22:23:27.009688Z",
    "Hostname": "PRETERA.corp.local",
    "Severity": "INFO",
    "SeverityValue": 2,
    "EventType": "INFO",
    "Keywords": "732536268779598163",
    "RecordNumber": 968483,
    "ExecutionProcessID": 2788,
    "ExecutionThreadID": 8059,
    "UserID": "S-1-5-18",
    "AccountName": "SYSTEM"
} {
    "EventID": 4624,
    "SourceName": "Microsoft-Windows-Security-Auditing",
    "Channel": "Security",
    "Message": "Successful logon.",
    "EventTime": "2025-03-27T07:28:16.009694Z",
    "Hostname": "PRETERA.corp.local",
    "Severity": "INFO",
    "SeverityValue": 2,
    "EventType": "INFO",
    "Keywords": "374620497835689611",
    "RecordNumber": 330737,
    "ExecutionProcessID": 6667,
    "ExecutionThreadID": 1238,
    "UserID": "S-1-5-18",
    "AccountName": "SYSTEM"
} {
    "EventID": 4624,
    "SourceName": "Microsoft-Windows-Security-Auditing",
    "Channel": "Security",
    "Message": "Successful logon.",
    "EventTime": "2025-03-27T05:19:36.009700Z",
    "Hostname": "PRETERA.corp.local",
    "Severity": "INFO",
    "SeverityValue": 2,
    "EventType": "INFO",
    "Keywords": "790069109106079877",
    "RecordNumber": 90728,
    "ExecutionProcessID": 3197,
    "ExecutionThreadID": 3169,
    "UserID": "S-1-5-18",
    "AccountName": "SYSTEM"
} {
    "EventID": 1040,
    "SourceName": "MsiInstaller",
    "Channel": "Application",
    "Message": "Windows Installer started a transaction.",
    "EventTime": "2025-03-27T05:43:25.009705Z",
    "Hostname": "PRETERA.corp.local",
    "Severity": "INFO",
    "SeverityValue": 2,
    "EventType": "INFO",
    "Keywords": "126666959818660134",
    "RecordNumber": 694874,
    "ExecutionProcessID": 6927,
    "ExecutionThreadID": 6523,
    "UserID": "S-1-5-18",
    "AccountName": "SYSTEM"
} {
    "EventID": 2010,
    "SourceName": "Microsoft-Windows-Windows Defender",
    "Channel": "Microsoft-Windows-Windows Defender/Operational",
    "Message": "Microsoft Defender updated security intelligence.",
    "EventTime": "2025-03-26T19:11:54.009711Z",
    "Hostname": "PRETERA.corp.local",
    "Severity": "INFO",
    "SeverityValue": 2,
    "EventType": "INFO",
    "Keywords": "122355603843861452",
    "RecordNumber": 286271,
    "ExecutionProcessID": 4517,
    "ExecutionThreadID": 1362,
    "UserID": "S-1-5-18",
    "AccountName": "SYSTEM"
} {
    "EventID": 2010,
    "SourceName": "Microsoft-Windows-Windows Defender",
    "Channel": "Microsoft-Windows-Windows Defender/Operational",
    "Message": "Microsoft Defender updated security intelligence.",
    "EventTime": "2025-03-26T20:19:12.009719Z",
    "Hostname": "PRETERA.corp.local",
    "Severity": "INFO",
    "SeverityValue": 2,
    "EventType": "INFO",
    "Keywords": "350894736184596712",
    "RecordNumber": 633095,
    "ExecutionProcessID": 5928,
    "ExecutionThreadID": 2466,
    "UserID": "S-1-5-18",
    "AccountName": "SYSTEM"
} {
    "EventID": 4688,
    "SourceName": "Microsoft-Windows-Security-Auditing",
    "Channel": "Security",
    "Message": "A new process has been created.",
    "EventTime": "2025-03-27T04:43:06.009725Z",
    "Hostname": "PRETERA.corp.local",
    "Severity": "INFO",
    "SeverityValue": 2,
    "EventType": "INFO",
    "Keywords": "822396911540256307",
    "RecordNumber": 879087,
    "ExecutionProcessID": 3710,
    "ExecutionThreadID": 1889,
    "UserID": "S-1-5-18",
    "AccountName": "SYSTEM"
} {
    "EventID": 6,
    "SourceName": "Microsoft-Windows-FilterManager",
    "Channel": "System",
    "Message": "File System Filter successfully loaded.",
    "EventTime": "2025-03-26T10:40:01.009731Z",
    "Hostname": "PRETERA.corp.local",
    "Severity": "INFO",
    "SeverityValue": 2,
    "EventType": "INFO",
    "Keywords": "577862308072186171",
    "RecordNumber": 30163,
    "ExecutionProcessID": 4108,
    "ExecutionThreadID": 9329,
    "UserID": "S-1-5-18",
    "AccountName": "SYSTEM"
} {
    "EventID": 6,
    "SourceName": "Microsoft-Windows-FilterManager",
    "Channel": "System",
    "Message": "File System Filter successfully loaded.",
    "EventTime": "2025-03-26T17:11:47.009736Z",
    "Hostname": "PRETERA.corp.local",
    "Severity": "INFO",
    "SeverityValue": 2,
    "EventType": "INFO",
    "Keywords": "370262624576774928",
    "RecordNumber": 504642,
    "ExecutionProcessID": 4169,
    "ExecutionThreadID": 6783,
    "UserID": "S-1-5-18",
    "AccountName": "SYSTEM"
} {
    "EventID": 4688,
    "SourceName": "Microsoft-Windows-Security-Auditing",
    "Channel": "Security",
    "Message": "A new process has been created.",
    "EventTime": "2025-03-27T02:39:48.009744Z",
    "Hostname": "PRETERA.corp.local",
    "Severity": "INFO",
    "SeverityValue": 2,
    "EventType": "INFO",
    "Keywords": "518232008312420834",
    "RecordNumber": 870314,
    "ExecutionProcessID": 5513,
    "ExecutionThreadID": 4585,
    "UserID": "S-1-5-18",
    "AccountName": "SYSTEM"
} {
    "EventID": 2010,
    "SourceName": "Microsoft-Windows-Windows Defender",
    "Channel": "Microsoft-Windows-Windows Defender/Operational",
    "Message": "Microsoft Defender updated security intelligence.",
    "EventTime": "2025-03-26T17:17:16.009749Z",
    "Hostname": "PRETERA.corp.local",
    "Severity": "INFO",
    "SeverityValue": 2,
    "EventType": "INFO",
    "Keywords": "765056630708292510",
    "RecordNumber": 931540,
    "ExecutionProcessID": 5223,
    "ExecutionThreadID": 1248,
    "UserID": "S-1-5-18",
    "AccountName": "SYSTEM"
} {
    "EventID": 2010,
    "SourceName": "Microsoft-Windows-Windows Defender",
    "Channel": "Microsoft-Windows-Windows Defender/Operational",
    "Message": "Microsoft Defender updated security intelligence.",
    "EventTime": "2025-03-26T23:28:25.009755Z",
    "Hostname": "PRETERA.corp.local",
    "Severity": "INFO",
    "SeverityValue": 2,
    "EventType": "INFO",
    "Keywords": "592391821176296856",
    "RecordNumber": 578860,
    "ExecutionProcessID": 2206,
    "ExecutionThreadID": 6375,
    "UserID": "S-1-5-18",
    "AccountName": "SYSTEM"
} {
    "EventID": 4688,
    "SourceName": "Microsoft-Windows-Security-Auditing",
    "Channel": "Security",
    "Message": "A new process has been created.",
    "EventTime": "2025-03-26T10:16:17.009760Z",
    "Hostname": "PRETERA.corp.local",
    "Severity": "INFO",
    "SeverityValue": 2,
    "EventType": "INFO",
    "Keywords": "102519607972280154",
    "RecordNumber": 16625,
    "ExecutionProcessID": 5757,
    "ExecutionThreadID": 1242,
    "UserID": "S-1-5-18",
    "AccountName": "SYSTEM"
} {
    "EventID": 1040,
    "SourceName": "MsiInstaller",
    "Channel": "Application",
    "Message": "Windows Installer started a transaction.",
    "EventTime": "2025-03-26T21:49:22.009765Z",
    "Hostname": "PRETERA.corp.local",
    "Severity": "INFO",
    "SeverityValue": 2,
    "EventType": "INFO",
    "Keywords": "365065677350769799",
    "RecordNumber": 418375,
    "ExecutionProcessID": 1151,
    "ExecutionThreadID": 6547,
    "UserID": "S-1-5-18",
    "AccountName": "SYSTEM"
} {
    "EventID": 6,
    "SourceName": "Microsoft-Windows-FilterManager",
    "Channel": "System",
    "Message": "File System Filter successfully loaded.",
    "EventTime": "2025-03-26T13:30:09.009771Z",
    "Hostname": "PRETERA.corp.local",
    "Severity": "INFO",
    "SeverityValue": 2,
    "EventType": "INFO",
    "Keywords": "607142606178808480",
    "RecordNumber": 467113,
    "ExecutionProcessID": 9597,
    "ExecutionThreadID": 4471,
    "UserID": "S-1-5-18",
    "AccountName": "SYSTEM"
} {
    "EventID": 4801,
    "SourceName": "Microsoft-Windows-Security-Auditing",
    "Channel": "Security",
    "Message": "The workstation was unlocked.",
    "EventTime": "2025-03-26T17:19:55.009778Z",
    "Hostname": "PRETERA.corp.local",
    "Severity": "INFO",
    "SeverityValue": 2,
    "EventType": "INFO",
    "Keywords": "613051650290400431",
    "RecordNumber": 501623,
    "ExecutionProcessID": 4706,
    "ExecutionThreadID": 7776,
    "UserID": "S-1-5-18",
    "AccountName": "SYSTEM"
} {
    "EventID": 4624,
    "SourceName": "Microsoft-Windows-Security-Auditing",
    "Channel": "Security",
    "Message": "Successful logon.",
    "EventTime": "2025-03-26T23:50:31.009784Z",
    "Hostname": "PRETERA.corp.local",
    "Severity": "INFO",
    "SeverityValue": 2,
    "EventType": "INFO",
    "Keywords": "36043853795666375",
    "RecordNumber": 110262,
    "ExecutionProcessID": 2465,
    "ExecutionThreadID": 5375,
    "UserID": "S-1-5-18",
    "AccountName": "SYSTEM"
} {
    "EventID": 4688,
    "SourceName": "Microsoft-Windows-Security-Auditing",
    "Channel": "Security",
    "Message": "A new process has been created.",
    "EventTime": "2025-03-27T08:53:15.009789Z",
    "Hostname": "PRETERA.corp.local",
    "Severity": "INFO",
    "SeverityValue": 2,
    "EventType": "INFO",
    "Keywords": "1723936122359982",
    "RecordNumber": 966430,
    "ExecutionProcessID": 1391,
    "ExecutionThreadID": 5455,
    "UserID": "S-1-5-18",
    "AccountName": "SYSTEM"
} {
    "EventID": 6,
    "SourceName": "Microsoft-Windows-FilterManager",
    "Channel": "System",
    "Message": "File System Filter successfully loaded.",
    "EventTime": "2025-03-26T17:54:22.009795Z",
    "Hostname": "PRETERA.corp.local",
    "Severity": "INFO",
    "SeverityValue": 2,
    "EventType": "INFO",
    "Keywords": "298294918582667575",
    "RecordNumber": 232699,
    "ExecutionProcessID": 7316,
    "ExecutionThreadID": 4658,
    "UserID": "S-1-5-18",
    "AccountName": "SYSTEM"
} {
    "EventID": 6,
    "SourceName": "Microsoft-Windows-FilterManager",
    "Channel": "System",
    "Message": "File System Filter successfully loaded.",
    "EventTime": "2025-03-26T23:00:32.009805Z",
    "Hostname": "PRETERA.corp.local",
    "Severity": "INFO",
    "SeverityValue": 2,
    "EventType": "INFO",
    "Keywords": "84115135353486837",
    "RecordNumber": 633176,
    "ExecutionProcessID": 5754,
    "ExecutionThreadID": 6349,
    "UserID": "S-1-5-18",
    "AccountName": "SYSTEM"
} {
    "EventID": 4688,
    "SourceName": "Microsoft-Windows-Security-Auditing",
    "Channel": "Security",
    "Message": "A new process has been created.",
    "EventTime": "2025-03-27T00:35:23.009811Z",
    "Hostname": "PRETERA.corp.local",
    "Severity": "INFO",
    "SeverityValue": 2,
    "EventType": "INFO",
    "Keywords": "60869158287817722",
    "RecordNumber": 271625,
    "ExecutionProcessID": 3916,
    "ExecutionThreadID": 2118,
    "UserID": "S-1-5-18",
    "AccountName": "SYSTEM"
} {
    "EventID": 2010,
    "SourceName": "Microsoft-Windows-Windows Defender",
    "Channel": "Microsoft-Windows-Windows Defender/Operational",
    "Message": "Microsoft Defender updated security intelligence.",
    "EventTime": "2025-03-26T13:49:18.009817Z",
    "Hostname": "PRETERA.corp.local",
    "Severity": "INFO",
    "SeverityValue": 2,
    "EventType": "INFO",
    "Keywords": "418022184454470698",
    "RecordNumber": 915672,
    "ExecutionProcessID": 9061,
    "ExecutionThreadID": 3628,
    "UserID": "S-1-5-18",
    "AccountName": "SYSTEM"
} {
    "EventID": 4688,
    "SourceName": "Microsoft-Windows-Security-Auditing",
    "Channel": "Security",
    "Message": "A new process has been created.",
    "EventTime": "2025-03-27T06:23:58.009822Z",
    "Hostname": "PRETERA.corp.local",
    "Severity": "INFO",
    "SeverityValue": 2,
    "EventType": "INFO",
    "Keywords": "869548256662016344",
    "RecordNumber": 584300,
    "ExecutionProcessID": 4761,
    "ExecutionThreadID": 4583,
    "UserID": "S-1-5-18",
    "AccountName": "SYSTEM"
} {
    "EventID": 4801,
    "SourceName": "Microsoft-Windows-Security-Auditing",
    "Channel": "Security",
    "Message": "The workstation was unlocked.",
    "EventTime": "2025-03-27T06:51:14.009828Z",
    "Hostname": "PRETERA.corp.local",
    "Severity": "INFO",
    "SeverityValue": 2,
    "EventType": "INFO",
    "Keywords": "328101527865648134",
    "RecordNumber": 350103,
    "ExecutionProcessID": 3997,
    "ExecutionThreadID": 5160,
    "UserID": "S-1-5-18",
    "AccountName": "SYSTEM"
} {
    "EventID": 1040,
    "SourceName": "MsiInstaller",
    "Channel": "Application",
    "Message": "Windows Installer started a transaction.",
    "EventTime": "2025-03-26T23:54:10.009833Z",
    "Hostname": "PRETERA.corp.local",
    "Severity": "INFO",
    "SeverityValue": 2,
    "EventType": "INFO",
    "Keywords": "114008300385889995",
    "RecordNumber": 781915,
    "ExecutionProcessID": 6229,
    "ExecutionThreadID": 2511,
    "UserID": "S-1-5-18",
    "AccountName": "SYSTEM"
} {
    "EventID": 2010,
    "SourceName": "Microsoft-Windows-Windows Defender",
    "Channel": "Microsoft-Windows-Windows Defender/Operational",
    "Message": "Microsoft Defender updated security intelligence.",
    "EventTime": "2025-03-26T15:43:37.009839Z",
    "Hostname": "PRETERA.corp.local",
    "Severity": "INFO",
    "SeverityValue": 2,
    "EventType": "INFO",
    "Keywords": "72505386396896367",
    "RecordNumber": 334086,
    "ExecutionProcessID": 3767,
    "ExecutionThreadID": 2401,
    "UserID": "S-1-5-18",
    "AccountName": "SYSTEM"
} {
    "EventID": 4634,
    "SourceName": "Microsoft-Windows-Security-Auditing",
    "Channel": "Security",
    "Message": "An account was logged off.",
    "EventTime": "2025-03-26T20:16:39.009844Z",
    "Hostname": "PRETERA.corp.local",
    "Severity": "INFO",
    "SeverityValue": 2,
    "EventType": "INFO",
    "Keywords": "512604728077862520",
    "RecordNumber": 676468,
    "ExecutionProcessID": 7342,
    "ExecutionThreadID": 8172,
    "UserID": "S-1-5-18",
    "AccountName": "SYSTEM"
} {
    "EventID": 4801,
    "SourceName": "Microsoft-Windows-Security-Auditing",
    "Channel": "Security",
    "Message": "The workstation was unlocked.",
    "EventTime": "2025-03-27T02:33:57.009850Z",
    "Hostname": "PRETERA.corp.local",
    "Severity": "INFO",
    "SeverityValue": 2,
    "EventType": "INFO",
    "Keywords": "797033384513358902",
    "RecordNumber": 513672,
    "ExecutionProcessID": 5514,
    "ExecutionThreadID": 9207,
    "UserID": "S-1-5-18",
    "AccountName": "SYSTEM"
} {
    "EventID": 2010,
    "SourceName": "Microsoft-Windows-Windows Defender",
    "Channel": "Microsoft-Windows-Windows Defender/Operational",
    "Message": "Microsoft Defender updated security intelligence.",
    "EventTime": "2025-03-26T17:16:20.009855Z",
    "Hostname": "PRETERA.corp.local",
    "Severity": "INFO",
    "SeverityValue": 2,
    "EventType": "INFO",
    "Keywords": "990800032740323135",
    "RecordNumber": 64914,
    "ExecutionProcessID": 8295,
    "ExecutionThreadID": 8661,
    "UserID": "S-1-5-18",
    "AccountName": "SYSTEM"
} {
    "EventID": 6,
    "SourceName": "Microsoft-Windows-FilterManager",
    "Channel": "System",
    "Message": "File System Filter successfully loaded.",
    "EventTime": "2025-03-26T14:38:16.009862Z",
    "Hostname": "PRETERA.corp.local",
    "Severity": "INFO",
    "SeverityValue": 2,
    "EventType": "INFO",
    "Keywords": "198854515680845286",
    "RecordNumber": 210741,
    "ExecutionProcessID": 8773,
    "ExecutionThreadID": 1157,
    "UserID": "S-1-5-18",
    "AccountName": "SYSTEM"
} {
    "EventID": 4624,
    "SourceName": "Microsoft-Windows-Security-Auditing",
    "Channel": "Security",
    "Message": "Successful logon.",
    "EventTime": "2025-03-26T18:48:16.009868Z",
    "Hostname": "PRETERA.corp.local",
    "Severity": "INFO",
    "SeverityValue": 2,
    "EventType": "INFO",
    "Keywords": "980521065580102707",
    "RecordNumber": 552210,
    "ExecutionProcessID": 3202,
    "ExecutionThreadID": 3250,
    "UserID": "S-1-5-18",
    "AccountName": "SYSTEM"
} {
    "EventID": 2010,
    "SourceName": "Microsoft-Windows-Windows Defender",
    "Channel": "Microsoft-Windows-Windows Defender/Operational",
    "Message": "Microsoft Defender updated security intelligence.",
    "EventTime": "2025-03-27T07:01:47.009873Z",
    "Hostname": "PRETERA.corp.local",
    "Severity": "INFO",
    "SeverityValue": 2,
    "EventType": "INFO",
    "Keywords": "931856410292298978",
    "RecordNumber": 691299,
    "ExecutionProcessID": 3859,
    "ExecutionThreadID": 8051,
    "UserID": "S-1-5-18",
    "AccountName": "SYSTEM"
} {
    "EventID": 4801,
    "SourceName": "Microsoft-Windows-Security-Auditing",
    "Channel": "Security",
    "Message": "The workstation was unlocked.",
    "EventTime": "2025-03-26T18:45:45.009879Z",
    "Hostname": "PRETERA.corp.local",
    "Severity": "INFO",
    "SeverityValue": 2,
    "EventType": "INFO",
    "Keywords": "861426807179563286",
    "RecordNumber": 302629,
    "ExecutionProcessID": 3636,
    "ExecutionThreadID": 3487,
    "UserID": "S-1-5-18",
    "AccountName": "SYSTEM"
} 